

================================================================
== Vitis HLS Report for 'fir_n11_maxi_Pipeline_XFER_LOOP'
================================================================
* Date:           Sat Sep 30 01:36:16 2023

* Version:        2022.1 (Build 3526262 on Mon Apr 18 15:47:01 MDT 2022)
* Project:        axi_master_hls
* Solution:       solution1 (Vivado IP Flow Target)
* Product family: zynquplus
* Target device:  xck26-sfvc784-2LV-c


================================================================
== Performance Estimates
================================================================
+ Timing: 
    * Summary: 
    +--------+----------+----------+------------+
    |  Clock |  Target  | Estimated| Uncertainty|
    +--------+----------+----------+------------+
    |ap_clk  |  10.00 ns|  7.300 ns|     2.70 ns|
    +--------+----------+----------+------------+

+ Latency: 
    * Summary: 
    +---------+---------+----------+----------+-----+-----+---------+
    |  Latency (cycles) |  Latency (absolute) |  Interval | Pipeline|
    |   min   |   max   |    min   |    max   | min | max |   Type  |
    +---------+---------+----------+----------+-----+-----+---------+
    |        ?|        ?|         ?|         ?|    ?|    ?|       no|
    +---------+---------+----------+----------+-----+-----+---------+

    + Detail: 
        * Instance: 
        N/A

        * Loop: 
        +-------------+---------+---------+----------+-----------+-----------+------+----------+
        |             |  Latency (cycles) | Iteration|  Initiation Interval  | Trip |          |
        |  Loop Name  |   min   |   max   |  Latency |  achieved |   target  | Count| Pipelined|
        +-------------+---------+---------+----------+-----------+-----------+------+----------+
        |- XFER_LOOP  |        ?|        ?|         4|          1|          1|     ?|       yes|
        +-------------+---------+---------+----------+-----------+-----------+------+----------+

============================================================
+ Verbose Summary: Synthesis Manager
============================================================
InlineROM: 1
ExposeGlobal: 0
============================================================
+ Verbose Summary: CDFG Model
============================================================
IsTopModel: 0
ResetActiveHigh: 1
IsCombinational: 0
IsDatapathOnly: 0
HasWiredReturn: 1
HasMFsm: 2
HasVarLatency: 1
IsPipeline: 0
IsRtlPipelined: 0
IsInstanceOverlapped: 0
IsDontTouch: 0
HasImplIP: 0
IsGatedGlobalClock: 0

+ Individual pipeline summary: 
  * Pipeline-0: initiation interval (II) = 1, depth = 4


============================================================
+ Verbose Summary: Schedule
============================================================
* Number of FSM states : 16
* Pipeline : 1
  Pipeline-0 : II = 1, D = 4, States = { 8 9 10 11 }
* Dataflow Pipeline: 0

* FSM state transitions: 
1 --> 2 
2 --> 3 
3 --> 4 
4 --> 5 
5 --> 6 
6 --> 7 
7 --> 8 
8 --> 12 9 
9 --> 10 
10 --> 11 
11 --> 8 
12 --> 13 
13 --> 14 
14 --> 15 
15 --> 16 
16 --> 

* FSM state operations: 

State 1 <SV = 0> <Delay = 7.30>
ST_1 : Operation 17 [1/1] (0.00ns)   --->   "%n32XferCnt = alloca i32 1"   --->   Operation 17 'alloca' 'n32XferCnt' <Predicate = true> <Delay = 0.00>
ST_1 : Operation 18 [1/1] (0.00ns)   --->   "%tmp = read i31 @_ssdm_op_Read.ap_auto.i31, i31 %empty"   --->   Operation 18 'read' 'tmp' <Predicate = true> <Delay = 0.00>
ST_1 : Operation 19 [1/1] (0.00ns)   --->   "%sext_ln18_1_read = read i62 @_ssdm_op_Read.ap_auto.i62, i62 %sext_ln18_1"   --->   Operation 19 'read' 'sext_ln18_1_read' <Predicate = true> <Delay = 0.00>
ST_1 : Operation 20 [1/1] (0.00ns)   --->   "%p_cast = zext i31 %tmp"   --->   Operation 20 'zext' 'p_cast' <Predicate = true> <Delay = 0.00>
ST_1 : Operation 21 [1/1] (0.00ns)   --->   "%sext_ln18_1_cast = sext i62 %sext_ln18_1_read"   --->   Operation 21 'sext' 'sext_ln18_1_cast' <Predicate = true> <Delay = 0.00>
ST_1 : Operation 22 [1/1] (0.00ns)   --->   "%gmem_addr = getelementptr i32 %gmem, i64 %sext_ln18_1_cast" [hls_FIRN11MAXI/FIR.cpp:18]   --->   Operation 22 'getelementptr' 'gmem_addr' <Predicate = true> <Delay = 0.00>
ST_1 : Operation 23 [7/7] (7.30ns)   --->   "%p_rd_req = readreq i1 @_ssdm_op_ReadReq.m_axi.i32P1A, i32 %gmem_addr, i32 %p_cast" [hls_FIRN11MAXI/FIR.cpp:18]   --->   Operation 23 'readreq' 'p_rd_req' <Predicate = true> <Delay = 7.30> <CoreInst = "m_axi">   --->   Core 121 'm_axi' <Latency = 0> <II = 1> <Delay = 1.00> <Adapter> <Opcode : 'read' 'write' 'readreq' 'writereq' 'writeresp'>
ST_1 : Operation 24 [1/1] (0.42ns)   --->   "%store_ln0 = store i31 0, i31 %n32XferCnt"   --->   Operation 24 'store' 'store_ln0' <Predicate = true> <Delay = 0.42>

State 2 <SV = 1> <Delay = 7.30>
ST_2 : Operation 25 [6/7] (7.30ns)   --->   "%p_rd_req = readreq i1 @_ssdm_op_ReadReq.m_axi.i32P1A, i32 %gmem_addr, i32 %p_cast" [hls_FIRN11MAXI/FIR.cpp:18]   --->   Operation 25 'readreq' 'p_rd_req' <Predicate = true> <Delay = 7.30> <CoreInst = "m_axi">   --->   Core 121 'm_axi' <Latency = 0> <II = 1> <Delay = 1.00> <Adapter> <Opcode : 'read' 'write' 'readreq' 'writereq' 'writeresp'>

State 3 <SV = 2> <Delay = 7.30>
ST_3 : Operation 26 [5/7] (7.30ns)   --->   "%p_rd_req = readreq i1 @_ssdm_op_ReadReq.m_axi.i32P1A, i32 %gmem_addr, i32 %p_cast" [hls_FIRN11MAXI/FIR.cpp:18]   --->   Operation 26 'readreq' 'p_rd_req' <Predicate = true> <Delay = 7.30> <CoreInst = "m_axi">   --->   Core 121 'm_axi' <Latency = 0> <II = 1> <Delay = 1.00> <Adapter> <Opcode : 'read' 'write' 'readreq' 'writereq' 'writeresp'>

State 4 <SV = 3> <Delay = 7.30>
ST_4 : Operation 27 [4/7] (7.30ns)   --->   "%p_rd_req = readreq i1 @_ssdm_op_ReadReq.m_axi.i32P1A, i32 %gmem_addr, i32 %p_cast" [hls_FIRN11MAXI/FIR.cpp:18]   --->   Operation 27 'readreq' 'p_rd_req' <Predicate = true> <Delay = 7.30> <CoreInst = "m_axi">   --->   Core 121 'm_axi' <Latency = 0> <II = 1> <Delay = 1.00> <Adapter> <Opcode : 'read' 'write' 'readreq' 'writereq' 'writeresp'>

State 5 <SV = 4> <Delay = 7.30>
ST_5 : Operation 28 [3/7] (7.30ns)   --->   "%p_rd_req = readreq i1 @_ssdm_op_ReadReq.m_axi.i32P1A, i32 %gmem_addr, i32 %p_cast" [hls_FIRN11MAXI/FIR.cpp:18]   --->   Operation 28 'readreq' 'p_rd_req' <Predicate = true> <Delay = 7.30> <CoreInst = "m_axi">   --->   Core 121 'm_axi' <Latency = 0> <II = 1> <Delay = 1.00> <Adapter> <Opcode : 'read' 'write' 'readreq' 'writereq' 'writeresp'>

State 6 <SV = 5> <Delay = 7.30>
ST_6 : Operation 29 [2/7] (7.30ns)   --->   "%p_rd_req = readreq i1 @_ssdm_op_ReadReq.m_axi.i32P1A, i32 %gmem_addr, i32 %p_cast" [hls_FIRN11MAXI/FIR.cpp:18]   --->   Operation 29 'readreq' 'p_rd_req' <Predicate = true> <Delay = 7.30> <CoreInst = "m_axi">   --->   Core 121 'm_axi' <Latency = 0> <II = 1> <Delay = 1.00> <Adapter> <Opcode : 'read' 'write' 'readreq' 'writereq' 'writeresp'>

State 7 <SV = 6> <Delay = 7.30>
ST_7 : Operation 30 [1/1] (0.00ns)   --->   "%pn32HPOutput19 = read i64 @_ssdm_op_Read.ap_auto.i64, i64 %pn32HPOutput"   --->   Operation 30 'read' 'pn32HPOutput19' <Predicate = true> <Delay = 0.00>
ST_7 : Operation 31 [1/1] (0.00ns)   --->   "%an32Coef_load_10_read = read i32 @_ssdm_op_Read.ap_auto.i32, i32 %an32Coef_load_10"   --->   Operation 31 'read' 'an32Coef_load_10_read' <Predicate = true> <Delay = 0.00>
ST_7 : Operation 32 [1/1] (0.00ns)   --->   "%an32Coef_load_9_read = read i32 @_ssdm_op_Read.ap_auto.i32, i32 %an32Coef_load_9"   --->   Operation 32 'read' 'an32Coef_load_9_read' <Predicate = true> <Delay = 0.00>
ST_7 : Operation 33 [1/1] (0.00ns)   --->   "%an32Coef_load_8_read = read i32 @_ssdm_op_Read.ap_auto.i32, i32 %an32Coef_load_8"   --->   Operation 33 'read' 'an32Coef_load_8_read' <Predicate = true> <Delay = 0.00>
ST_7 : Operation 34 [1/1] (0.00ns)   --->   "%an32Coef_load_7_read = read i32 @_ssdm_op_Read.ap_auto.i32, i32 %an32Coef_load_7"   --->   Operation 34 'read' 'an32Coef_load_7_read' <Predicate = true> <Delay = 0.00>
ST_7 : Operation 35 [1/1] (0.00ns)   --->   "%an32Coef_load_6_read = read i32 @_ssdm_op_Read.ap_auto.i32, i32 %an32Coef_load_6"   --->   Operation 35 'read' 'an32Coef_load_6_read' <Predicate = true> <Delay = 0.00>
ST_7 : Operation 36 [1/1] (0.00ns)   --->   "%an32Coef_load_5_read = read i32 @_ssdm_op_Read.ap_auto.i32, i32 %an32Coef_load_5"   --->   Operation 36 'read' 'an32Coef_load_5_read' <Predicate = true> <Delay = 0.00>
ST_7 : Operation 37 [1/1] (0.00ns)   --->   "%an32Coef_load_4_read = read i32 @_ssdm_op_Read.ap_auto.i32, i32 %an32Coef_load_4"   --->   Operation 37 'read' 'an32Coef_load_4_read' <Predicate = true> <Delay = 0.00>
ST_7 : Operation 38 [1/1] (0.00ns)   --->   "%an32Coef_load_3_read = read i32 @_ssdm_op_Read.ap_auto.i32, i32 %an32Coef_load_3"   --->   Operation 38 'read' 'an32Coef_load_3_read' <Predicate = true> <Delay = 0.00>
ST_7 : Operation 39 [1/1] (0.00ns)   --->   "%an32Coef_load_2_read = read i32 @_ssdm_op_Read.ap_auto.i32, i32 %an32Coef_load_2"   --->   Operation 39 'read' 'an32Coef_load_2_read' <Predicate = true> <Delay = 0.00>
ST_7 : Operation 40 [1/1] (0.00ns)   --->   "%an32Coef_load_1_read = read i32 @_ssdm_op_Read.ap_auto.i32, i32 %an32Coef_load_1"   --->   Operation 40 'read' 'an32Coef_load_1_read' <Predicate = true> <Delay = 0.00>
ST_7 : Operation 41 [1/1] (0.00ns)   --->   "%an32Coef_load_read = read i32 @_ssdm_op_Read.ap_auto.i32, i32 %an32Coef_load"   --->   Operation 41 'read' 'an32Coef_load_read' <Predicate = true> <Delay = 0.00>
ST_7 : Operation 42 [1/1] (0.00ns)   --->   "%pn32HPInput7 = read i64 @_ssdm_op_Read.ap_auto.i64, i64 %pn32HPInput"   --->   Operation 42 'read' 'pn32HPInput7' <Predicate = true> <Delay = 0.00>
ST_7 : Operation 43 [1/1] (0.00ns)   --->   "%lshr_ln16_cast_read = read i31 @_ssdm_op_Read.ap_auto.i31, i31 %lshr_ln16_cast"   --->   Operation 43 'read' 'lshr_ln16_cast_read' <Predicate = true> <Delay = 0.00>
ST_7 : Operation 44 [1/1] (0.00ns)   --->   "%sext_ln30_1_read = read i62 @_ssdm_op_Read.ap_auto.i62, i62 %sext_ln30_1"   --->   Operation 44 'read' 'sext_ln30_1_read' <Predicate = true> <Delay = 0.00>
ST_7 : Operation 45 [1/1] (0.00ns)   --->   "%sext_ln30_1_cast = sext i62 %sext_ln30_1_read"   --->   Operation 45 'sext' 'sext_ln30_1_cast' <Predicate = true> <Delay = 0.00>
ST_7 : Operation 46 [1/1] (0.00ns)   --->   "%specinterface_ln0 = specinterface void @_ssdm_op_SpecInterface, i32 %gmem, void @empty_3, i32 0, i32 0, void @empty_2, i32 0, i32 600, void @empty_1, void @empty, void @empty_2, i32 16, i32 16, i32 16, i32 16, void @empty_2, void @empty_2, i32 4294967295, i32 0"   --->   Operation 46 'specinterface' 'specinterface_ln0' <Predicate = true> <Delay = 0.00>
ST_7 : Operation 47 [1/7] (7.30ns)   --->   "%p_rd_req = readreq i1 @_ssdm_op_ReadReq.m_axi.i32P1A, i32 %gmem_addr, i32 %p_cast" [hls_FIRN11MAXI/FIR.cpp:18]   --->   Operation 47 'readreq' 'p_rd_req' <Predicate = true> <Delay = 7.30> <CoreInst = "m_axi">   --->   Core 121 'm_axi' <Latency = 0> <II = 1> <Delay = 1.00> <Adapter> <Opcode : 'read' 'write' 'readreq' 'writereq' 'writeresp'>
ST_7 : Operation 48 [1/1] (0.00ns)   --->   "%gmem_addr_1 = getelementptr i32 %gmem, i64 %sext_ln30_1_cast" [hls_FIRN11MAXI/FIR.cpp:30]   --->   Operation 48 'getelementptr' 'gmem_addr_1' <Predicate = true> <Delay = 0.00>
ST_7 : Operation 49 [1/1] (7.30ns)   --->   "%p_wr_req = writereq i1 @_ssdm_op_WriteReq.m_axi.i32P1A, i32 %gmem_addr_1, i32 %p_cast" [hls_FIRN11MAXI/FIR.cpp:30]   --->   Operation 49 'writereq' 'p_wr_req' <Predicate = true> <Delay = 7.30> <CoreInst = "m_axi">   --->   Core 121 'm_axi' <Latency = 0> <II = 1> <Delay = 1.00> <Adapter> <Opcode : 'read' 'write' 'readreq' 'writereq' 'writeresp'>
ST_7 : Operation 50 [1/1] (0.00ns)   --->   "%br_ln0 = br void %SHIFT_ACC_LOOP"   --->   Operation 50 'br' 'br_ln0' <Predicate = true> <Delay = 0.00>

State 8 <SV = 7> <Delay = 1.43>
ST_8 : Operation 51 [1/1] (0.00ns)   --->   "%n32XferCnt_1 = load i31 %n32XferCnt" [hls_FIRN11MAXI/FIR.cpp:16]   --->   Operation 51 'load' 'n32XferCnt_1' <Predicate = true> <Delay = 0.00>
ST_8 : Operation 52 [1/1] (0.00ns)   --->   "%specbitsmap_ln0 = specbitsmap void @_ssdm_op_SpecBitsMap, i32 %gmem"   --->   Operation 52 'specbitsmap' 'specbitsmap_ln0' <Predicate = true> <Delay = 0.00>
ST_8 : Operation 53 [1/1] (0.00ns)   --->   "%specpipeline_ln0 = specpipeline void @_ssdm_op_SpecPipeline, i32 4294967295, i32 0, i32 1, i32 0, void @p_str"   --->   Operation 53 'specpipeline' 'specpipeline_ln0' <Predicate = true> <Delay = 0.00>
ST_8 : Operation 54 [1/1] (0.99ns)   --->   "%icmp_ln16 = icmp_eq  i31 %n32XferCnt_1, i31 %lshr_ln16_cast_read" [hls_FIRN11MAXI/FIR.cpp:16]   --->   Operation 54 'icmp' 'icmp_ln16' <Predicate = true> <Delay = 0.99> <CoreInst = "Cmp">   --->   Core 9 'Cmp' <Latency = 0> <II = 1> <Delay = 0.99> <FuncUnit> <Opcode : 'icmp'> <InPorts = 2> <OutPorts = 1>
ST_8 : Operation 55 [1/1] (1.00ns)   --->   "%add_ln16 = add i31 %n32XferCnt_1, i31 1" [hls_FIRN11MAXI/FIR.cpp:16]   --->   Operation 55 'add' 'add_ln16' <Predicate = true> <Delay = 1.00> <CoreInst = "Adder">   --->   Core 1 'Adder' <Latency = 0> <II = 1> <Delay = 1.00> <FuncUnit> <Opcode : 'add' 'sub'> <InPorts = 2> <OutPorts = 1>
ST_8 : Operation 56 [1/1] (0.00ns)   --->   "%br_ln16 = br i1 %icmp_ln16, void %SHIFT_ACC_LOOP.split, void %for.end17.loopexit.exitStub" [hls_FIRN11MAXI/FIR.cpp:16]   --->   Operation 56 'br' 'br_ln16' <Predicate = true> <Delay = 0.00>
ST_8 : Operation 57 [1/1] (0.42ns)   --->   "%store_ln16 = store i31 %add_ln16, i31 %n32XferCnt" [hls_FIRN11MAXI/FIR.cpp:16]   --->   Operation 57 'store' 'store_ln16' <Predicate = (!icmp_ln16)> <Delay = 0.42>

State 9 <SV = 8> <Delay = 7.30>
ST_9 : Operation 58 [1/1] (7.30ns)   --->   "%n32Temp = read i32 @_ssdm_op_Read.m_axi.i32P1A, i32 %gmem_addr" [hls_FIRN11MAXI/FIR.cpp:18]   --->   Operation 58 'read' 'n32Temp' <Predicate = true> <Delay = 7.30> <CoreInst = "m_axi">   --->   Core 121 'm_axi' <Latency = 0> <II = 1> <Delay = 1.00> <Adapter> <Opcode : 'read' 'write' 'readreq' 'writereq' 'writeresp'>

State 10 <SV = 9> <Delay = 5.89>
ST_10 : Operation 59 [1/1] (0.00ns)   --->   "%an32ShiftReg_9_load = load i32 %an32ShiftReg_9" [hls_FIRN11MAXI/FIR.cpp:25]   --->   Operation 59 'load' 'an32ShiftReg_9_load' <Predicate = true> <Delay = 0.00>
ST_10 : Operation 60 [1/1] (3.42ns)   --->   "%mul_ln28 = mul i32 %an32Coef_load_read, i32 %an32ShiftReg_9_load" [hls_FIRN11MAXI/FIR.cpp:28]   --->   Operation 60 'mul' 'mul_ln28' <Predicate = true> <Delay = 3.42> <CoreInst = "Multiplier">   --->   Core 3 'Multiplier' <Latency = 0> <II = 1> <Delay = 3.42> <FuncUnit> <Opcode : 'mul'> <InPorts = 2> <OutPorts = 1>
ST_10 : Operation 61 [1/1] (0.00ns)   --->   "%an32ShiftReg_8_load = load i32 %an32ShiftReg_8" [hls_FIRN11MAXI/FIR.cpp:25]   --->   Operation 61 'load' 'an32ShiftReg_8_load' <Predicate = true> <Delay = 0.00>
ST_10 : Operation 62 [1/1] (0.00ns)   --->   "%store_ln25 = store i32 %an32ShiftReg_8_load, i32 %an32ShiftReg_9" [hls_FIRN11MAXI/FIR.cpp:25]   --->   Operation 62 'store' 'store_ln25' <Predicate = true> <Delay = 0.00>
ST_10 : Operation 63 [1/1] (3.42ns)   --->   "%mul_ln28_1 = mul i32 %an32Coef_load_1_read, i32 %an32ShiftReg_8_load" [hls_FIRN11MAXI/FIR.cpp:28]   --->   Operation 63 'mul' 'mul_ln28_1' <Predicate = true> <Delay = 3.42> <CoreInst = "Multiplier">   --->   Core 3 'Multiplier' <Latency = 0> <II = 1> <Delay = 3.42> <FuncUnit> <Opcode : 'mul'> <InPorts = 2> <OutPorts = 1>
ST_10 : Operation 64 [1/1] (0.00ns)   --->   "%an32ShiftReg_7_load = load i32 %an32ShiftReg_7" [hls_FIRN11MAXI/FIR.cpp:25]   --->   Operation 64 'load' 'an32ShiftReg_7_load' <Predicate = true> <Delay = 0.00>
ST_10 : Operation 65 [1/1] (0.00ns)   --->   "%store_ln25 = store i32 %an32ShiftReg_7_load, i32 %an32ShiftReg_8" [hls_FIRN11MAXI/FIR.cpp:25]   --->   Operation 65 'store' 'store_ln25' <Predicate = true> <Delay = 0.00>
ST_10 : Operation 66 [1/1] (3.42ns)   --->   "%mul_ln28_2 = mul i32 %an32Coef_load_2_read, i32 %an32ShiftReg_7_load" [hls_FIRN11MAXI/FIR.cpp:28]   --->   Operation 66 'mul' 'mul_ln28_2' <Predicate = true> <Delay = 3.42> <CoreInst = "Multiplier">   --->   Core 3 'Multiplier' <Latency = 0> <II = 1> <Delay = 3.42> <FuncUnit> <Opcode : 'mul'> <InPorts = 2> <OutPorts = 1>
ST_10 : Operation 67 [1/1] (0.00ns)   --->   "%an32ShiftReg_6_load = load i32 %an32ShiftReg_6" [hls_FIRN11MAXI/FIR.cpp:25]   --->   Operation 67 'load' 'an32ShiftReg_6_load' <Predicate = true> <Delay = 0.00>
ST_10 : Operation 68 [1/1] (0.00ns)   --->   "%store_ln25 = store i32 %an32ShiftReg_6_load, i32 %an32ShiftReg_7" [hls_FIRN11MAXI/FIR.cpp:25]   --->   Operation 68 'store' 'store_ln25' <Predicate = true> <Delay = 0.00>
ST_10 : Operation 69 [1/1] (3.42ns)   --->   "%mul_ln28_3 = mul i32 %an32Coef_load_3_read, i32 %an32ShiftReg_6_load" [hls_FIRN11MAXI/FIR.cpp:28]   --->   Operation 69 'mul' 'mul_ln28_3' <Predicate = true> <Delay = 3.42> <CoreInst = "Multiplier">   --->   Core 3 'Multiplier' <Latency = 0> <II = 1> <Delay = 3.42> <FuncUnit> <Opcode : 'mul'> <InPorts = 2> <OutPorts = 1>
ST_10 : Operation 70 [1/1] (0.00ns)   --->   "%an32ShiftReg_5_load = load i32 %an32ShiftReg_5" [hls_FIRN11MAXI/FIR.cpp:25]   --->   Operation 70 'load' 'an32ShiftReg_5_load' <Predicate = true> <Delay = 0.00>
ST_10 : Operation 71 [1/1] (0.00ns)   --->   "%store_ln25 = store i32 %an32ShiftReg_5_load, i32 %an32ShiftReg_6" [hls_FIRN11MAXI/FIR.cpp:25]   --->   Operation 71 'store' 'store_ln25' <Predicate = true> <Delay = 0.00>
ST_10 : Operation 72 [1/1] (3.42ns)   --->   "%mul_ln28_4 = mul i32 %an32Coef_load_4_read, i32 %an32ShiftReg_5_load" [hls_FIRN11MAXI/FIR.cpp:28]   --->   Operation 72 'mul' 'mul_ln28_4' <Predicate = true> <Delay = 3.42> <CoreInst = "Multiplier">   --->   Core 3 'Multiplier' <Latency = 0> <II = 1> <Delay = 3.42> <FuncUnit> <Opcode : 'mul'> <InPorts = 2> <OutPorts = 1>
ST_10 : Operation 73 [1/1] (0.00ns)   --->   "%an32ShiftReg_4_load = load i32 %an32ShiftReg_4" [hls_FIRN11MAXI/FIR.cpp:25]   --->   Operation 73 'load' 'an32ShiftReg_4_load' <Predicate = true> <Delay = 0.00>
ST_10 : Operation 74 [1/1] (0.00ns)   --->   "%store_ln25 = store i32 %an32ShiftReg_4_load, i32 %an32ShiftReg_5" [hls_FIRN11MAXI/FIR.cpp:25]   --->   Operation 74 'store' 'store_ln25' <Predicate = true> <Delay = 0.00>
ST_10 : Operation 75 [1/1] (3.42ns)   --->   "%mul_ln28_5 = mul i32 %an32Coef_load_5_read, i32 %an32ShiftReg_4_load" [hls_FIRN11MAXI/FIR.cpp:28]   --->   Operation 75 'mul' 'mul_ln28_5' <Predicate = true> <Delay = 3.42> <CoreInst = "Multiplier">   --->   Core 3 'Multiplier' <Latency = 0> <II = 1> <Delay = 3.42> <FuncUnit> <Opcode : 'mul'> <InPorts = 2> <OutPorts = 1>
ST_10 : Operation 76 [1/1] (0.00ns)   --->   "%an32ShiftReg_3_load = load i32 %an32ShiftReg_3" [hls_FIRN11MAXI/FIR.cpp:25]   --->   Operation 76 'load' 'an32ShiftReg_3_load' <Predicate = true> <Delay = 0.00>
ST_10 : Operation 77 [1/1] (0.00ns)   --->   "%store_ln25 = store i32 %an32ShiftReg_3_load, i32 %an32ShiftReg_4" [hls_FIRN11MAXI/FIR.cpp:25]   --->   Operation 77 'store' 'store_ln25' <Predicate = true> <Delay = 0.00>
ST_10 : Operation 78 [1/1] (3.42ns)   --->   "%mul_ln28_6 = mul i32 %an32Coef_load_6_read, i32 %an32ShiftReg_3_load" [hls_FIRN11MAXI/FIR.cpp:28]   --->   Operation 78 'mul' 'mul_ln28_6' <Predicate = true> <Delay = 3.42> <CoreInst = "Multiplier">   --->   Core 3 'Multiplier' <Latency = 0> <II = 1> <Delay = 3.42> <FuncUnit> <Opcode : 'mul'> <InPorts = 2> <OutPorts = 1>
ST_10 : Operation 79 [1/1] (0.00ns)   --->   "%an32ShiftReg_2_load = load i32 %an32ShiftReg_2" [hls_FIRN11MAXI/FIR.cpp:25]   --->   Operation 79 'load' 'an32ShiftReg_2_load' <Predicate = true> <Delay = 0.00>
ST_10 : Operation 80 [1/1] (0.00ns)   --->   "%store_ln25 = store i32 %an32ShiftReg_2_load, i32 %an32ShiftReg_3" [hls_FIRN11MAXI/FIR.cpp:25]   --->   Operation 80 'store' 'store_ln25' <Predicate = true> <Delay = 0.00>
ST_10 : Operation 81 [1/1] (3.42ns)   --->   "%mul_ln28_7 = mul i32 %an32Coef_load_7_read, i32 %an32ShiftReg_2_load" [hls_FIRN11MAXI/FIR.cpp:28]   --->   Operation 81 'mul' 'mul_ln28_7' <Predicate = true> <Delay = 3.42> <CoreInst = "Multiplier">   --->   Core 3 'Multiplier' <Latency = 0> <II = 1> <Delay = 3.42> <FuncUnit> <Opcode : 'mul'> <InPorts = 2> <OutPorts = 1>
ST_10 : Operation 82 [1/1] (0.00ns)   --->   "%an32ShiftReg_1_load = load i32 %an32ShiftReg_1" [hls_FIRN11MAXI/FIR.cpp:25]   --->   Operation 82 'load' 'an32ShiftReg_1_load' <Predicate = true> <Delay = 0.00>
ST_10 : Operation 83 [1/1] (0.00ns)   --->   "%store_ln25 = store i32 %an32ShiftReg_1_load, i32 %an32ShiftReg_2" [hls_FIRN11MAXI/FIR.cpp:25]   --->   Operation 83 'store' 'store_ln25' <Predicate = true> <Delay = 0.00>
ST_10 : Operation 84 [1/1] (3.42ns)   --->   "%mul_ln28_8 = mul i32 %an32Coef_load_8_read, i32 %an32ShiftReg_1_load" [hls_FIRN11MAXI/FIR.cpp:28]   --->   Operation 84 'mul' 'mul_ln28_8' <Predicate = true> <Delay = 3.42> <CoreInst = "Multiplier">   --->   Core 3 'Multiplier' <Latency = 0> <II = 1> <Delay = 3.42> <FuncUnit> <Opcode : 'mul'> <InPorts = 2> <OutPorts = 1>
ST_10 : Operation 85 [1/1] (0.00ns)   --->   "%an32ShiftReg_0_load = load i32 %an32ShiftReg_0" [hls_FIRN11MAXI/FIR.cpp:25]   --->   Operation 85 'load' 'an32ShiftReg_0_load' <Predicate = true> <Delay = 0.00>
ST_10 : Operation 86 [1/1] (0.00ns)   --->   "%store_ln25 = store i32 %an32ShiftReg_0_load, i32 %an32ShiftReg_1" [hls_FIRN11MAXI/FIR.cpp:25]   --->   Operation 86 'store' 'store_ln25' <Predicate = true> <Delay = 0.00>
ST_10 : Operation 87 [1/1] (3.42ns)   --->   "%mul_ln28_9 = mul i32 %an32Coef_load_9_read, i32 %an32ShiftReg_0_load" [hls_FIRN11MAXI/FIR.cpp:28]   --->   Operation 87 'mul' 'mul_ln28_9' <Predicate = true> <Delay = 3.42> <CoreInst = "Multiplier">   --->   Core 3 'Multiplier' <Latency = 0> <II = 1> <Delay = 3.42> <FuncUnit> <Opcode : 'mul'> <InPorts = 2> <OutPorts = 1>
ST_10 : Operation 88 [1/1] (0.00ns)   --->   "%store_ln22 = store i32 %n32Temp, i32 %an32ShiftReg_0" [hls_FIRN11MAXI/FIR.cpp:22]   --->   Operation 88 'store' 'store_ln22' <Predicate = true> <Delay = 0.00>
ST_10 : Operation 89 [1/1] (3.42ns)   --->   "%mul_ln28_10 = mul i32 %an32Coef_load_10_read, i32 %n32Temp" [hls_FIRN11MAXI/FIR.cpp:28]   --->   Operation 89 'mul' 'mul_ln28_10' <Predicate = true> <Delay = 3.42> <CoreInst = "Multiplier">   --->   Core 3 'Multiplier' <Latency = 0> <II = 1> <Delay = 3.42> <FuncUnit> <Opcode : 'mul'> <InPorts = 2> <OutPorts = 1>
ST_10 : Operation 90 [1/1] (1.01ns)   --->   "%add_ln28 = add i32 %mul_ln28_1, i32 %mul_ln28" [hls_FIRN11MAXI/FIR.cpp:28]   --->   Operation 90 'add' 'add_ln28' <Predicate = true> <Delay = 1.01> <CoreInst = "Adder">   --->   Core 1 'Adder' <Latency = 0> <II = 1> <Delay = 1.01> <FuncUnit> <Opcode : 'add' 'sub'> <InPorts = 2> <OutPorts = 1>
ST_10 : Operation 91 [1/1] (0.00ns) (grouped into TernaryAdder)   --->   "%add_ln28_1 = add i32 %mul_ln28_3, i32 %mul_ln28_4" [hls_FIRN11MAXI/FIR.cpp:28]   --->   Operation 91 'add' 'add_ln28_1' <Predicate = true> <Delay = 0.00> <CoreInst = "TAddSub">   --->   Core 10 'TAddSub' <Latency = 0> <II = 1> <Delay = 0.36> <IPBlock> <Opcode : 'add' 'sub'> <InPorts = 3> <OutPorts = 1> <Sync> <CReg>
ST_10 : Operation 92 [1/1] (0.73ns) (root node of TernaryAdder)   --->   "%add_ln28_2 = add i32 %add_ln28_1, i32 %mul_ln28_2" [hls_FIRN11MAXI/FIR.cpp:28]   --->   Operation 92 'add' 'add_ln28_2' <Predicate = true> <Delay = 0.73> <CoreInst = "TAddSub">   --->   Core 10 'TAddSub' <Latency = 0> <II = 1> <Delay = 0.36> <IPBlock> <Opcode : 'add' 'sub'> <InPorts = 3> <OutPorts = 1> <Sync> <CReg>
ST_10 : Operation 93 [1/1] (0.00ns) (grouped into TernaryAdder)   --->   "%add_ln28_3 = add i32 %add_ln28_2, i32 %add_ln28" [hls_FIRN11MAXI/FIR.cpp:28]   --->   Operation 93 'add' 'add_ln28_3' <Predicate = true> <Delay = 0.00> <CoreInst = "TAddSub">   --->   Core 10 'TAddSub' <Latency = 0> <II = 1> <Delay = 0.36> <IPBlock> <Opcode : 'add' 'sub'> <InPorts = 3> <OutPorts = 1> <Sync> <CReg>
ST_10 : Operation 94 [1/1] (1.01ns)   --->   "%add_ln28_4 = add i32 %mul_ln28_6, i32 %mul_ln28_7" [hls_FIRN11MAXI/FIR.cpp:28]   --->   Operation 94 'add' 'add_ln28_4' <Predicate = true> <Delay = 1.01> <CoreInst = "Adder">   --->   Core 1 'Adder' <Latency = 0> <II = 1> <Delay = 1.01> <FuncUnit> <Opcode : 'add' 'sub'> <InPorts = 2> <OutPorts = 1>
ST_10 : Operation 95 [1/1] (0.00ns) (grouped into TernaryAdder)   --->   "%add_ln28_5 = add i32 %add_ln28_4, i32 %mul_ln28_5" [hls_FIRN11MAXI/FIR.cpp:28]   --->   Operation 95 'add' 'add_ln28_5' <Predicate = true> <Delay = 0.00> <CoreInst = "TAddSub">   --->   Core 10 'TAddSub' <Latency = 0> <II = 1> <Delay = 0.36> <IPBlock> <Opcode : 'add' 'sub'> <InPorts = 3> <OutPorts = 1> <Sync> <CReg>
ST_10 : Operation 96 [1/1] (0.00ns) (grouped into TernaryAdder)   --->   "%add_ln28_6 = add i32 %mul_ln28_9, i32 %mul_ln28_10" [hls_FIRN11MAXI/FIR.cpp:28]   --->   Operation 96 'add' 'add_ln28_6' <Predicate = true> <Delay = 0.00> <CoreInst = "TAddSub">   --->   Core 10 'TAddSub' <Latency = 0> <II = 1> <Delay = 0.36> <IPBlock> <Opcode : 'add' 'sub'> <InPorts = 3> <OutPorts = 1> <Sync> <CReg>
ST_10 : Operation 97 [1/1] (0.73ns) (root node of TernaryAdder)   --->   "%add_ln28_7 = add i32 %add_ln28_6, i32 %mul_ln28_8" [hls_FIRN11MAXI/FIR.cpp:28]   --->   Operation 97 'add' 'add_ln28_7' <Predicate = true> <Delay = 0.73> <CoreInst = "TAddSub">   --->   Core 10 'TAddSub' <Latency = 0> <II = 1> <Delay = 0.36> <IPBlock> <Opcode : 'add' 'sub'> <InPorts = 3> <OutPorts = 1> <Sync> <CReg>
ST_10 : Operation 98 [1/1] (0.73ns) (root node of TernaryAdder)   --->   "%add_ln28_8 = add i32 %add_ln28_7, i32 %add_ln28_5" [hls_FIRN11MAXI/FIR.cpp:28]   --->   Operation 98 'add' 'add_ln28_8' <Predicate = true> <Delay = 0.73> <CoreInst = "TAddSub">   --->   Core 10 'TAddSub' <Latency = 0> <II = 1> <Delay = 0.36> <IPBlock> <Opcode : 'add' 'sub'> <InPorts = 3> <OutPorts = 1> <Sync> <CReg>
ST_10 : Operation 99 [1/1] (0.73ns) (root node of TernaryAdder)   --->   "%add_ln28_9 = add i32 %add_ln28_8, i32 %add_ln28_3" [hls_FIRN11MAXI/FIR.cpp:28]   --->   Operation 99 'add' 'add_ln28_9' <Predicate = true> <Delay = 0.73> <CoreInst = "TAddSub">   --->   Core 10 'TAddSub' <Latency = 0> <II = 1> <Delay = 0.36> <IPBlock> <Opcode : 'add' 'sub'> <InPorts = 3> <OutPorts = 1> <Sync> <CReg>

State 11 <SV = 10> <Delay = 7.30>
ST_11 : Operation 100 [1/1] (0.00ns)   --->   "%specloopname_ln12 = specloopname void @_ssdm_op_SpecLoopName, void @empty_10" [hls_FIRN11MAXI/FIR.cpp:12]   --->   Operation 100 'specloopname' 'specloopname_ln12' <Predicate = true> <Delay = 0.00>
ST_11 : Operation 101 [1/1] (7.30ns)   --->   "%write_ln30 = write void @_ssdm_op_Write.m_axi.i32P1A, i32 %gmem_addr_1, i32 %add_ln28_9, i4 15" [hls_FIRN11MAXI/FIR.cpp:30]   --->   Operation 101 'write' 'write_ln30' <Predicate = true> <Delay = 7.30> <CoreInst = "m_axi">   --->   Core 121 'm_axi' <Latency = 0> <II = 1> <Delay = 1.00> <Adapter> <Opcode : 'read' 'write' 'readreq' 'writereq' 'writeresp'>
ST_11 : Operation 102 [1/1] (0.00ns)   --->   "%br_ln16 = br void %SHIFT_ACC_LOOP" [hls_FIRN11MAXI/FIR.cpp:16]   --->   Operation 102 'br' 'br_ln16' <Predicate = true> <Delay = 0.00>

State 12 <SV = 8> <Delay = 7.30>
ST_12 : Operation 103 [5/5] (7.30ns)   --->   "%p_wr_resp = writeresp i1 @_ssdm_op_WriteResp.m_axi.i32P1A, i32 %gmem_addr_1" [hls_FIRN11MAXI/FIR.cpp:30]   --->   Operation 103 'writeresp' 'p_wr_resp' <Predicate = true> <Delay = 7.30> <CoreInst = "m_axi">   --->   Core 121 'm_axi' <Latency = 0> <II = 1> <Delay = 1.00> <Adapter> <Opcode : 'read' 'write' 'readreq' 'writereq' 'writeresp'>

State 13 <SV = 9> <Delay = 7.30>
ST_13 : Operation 104 [4/5] (7.30ns)   --->   "%p_wr_resp = writeresp i1 @_ssdm_op_WriteResp.m_axi.i32P1A, i32 %gmem_addr_1" [hls_FIRN11MAXI/FIR.cpp:30]   --->   Operation 104 'writeresp' 'p_wr_resp' <Predicate = true> <Delay = 7.30> <CoreInst = "m_axi">   --->   Core 121 'm_axi' <Latency = 0> <II = 1> <Delay = 1.00> <Adapter> <Opcode : 'read' 'write' 'readreq' 'writereq' 'writeresp'>

State 14 <SV = 10> <Delay = 7.30>
ST_14 : Operation 105 [3/5] (7.30ns)   --->   "%p_wr_resp = writeresp i1 @_ssdm_op_WriteResp.m_axi.i32P1A, i32 %gmem_addr_1" [hls_FIRN11MAXI/FIR.cpp:30]   --->   Operation 105 'writeresp' 'p_wr_resp' <Predicate = true> <Delay = 7.30> <CoreInst = "m_axi">   --->   Core 121 'm_axi' <Latency = 0> <II = 1> <Delay = 1.00> <Adapter> <Opcode : 'read' 'write' 'readreq' 'writereq' 'writeresp'>

State 15 <SV = 11> <Delay = 7.30>
ST_15 : Operation 106 [2/5] (7.30ns)   --->   "%p_wr_resp = writeresp i1 @_ssdm_op_WriteResp.m_axi.i32P1A, i32 %gmem_addr_1" [hls_FIRN11MAXI/FIR.cpp:30]   --->   Operation 106 'writeresp' 'p_wr_resp' <Predicate = true> <Delay = 7.30> <CoreInst = "m_axi">   --->   Core 121 'm_axi' <Latency = 0> <II = 1> <Delay = 1.00> <Adapter> <Opcode : 'read' 'write' 'readreq' 'writereq' 'writeresp'>

State 16 <SV = 12> <Delay = 7.30>
ST_16 : Operation 107 [1/5] (7.30ns)   --->   "%p_wr_resp = writeresp i1 @_ssdm_op_WriteResp.m_axi.i32P1A, i32 %gmem_addr_1" [hls_FIRN11MAXI/FIR.cpp:30]   --->   Operation 107 'writeresp' 'p_wr_resp' <Predicate = true> <Delay = 7.30> <CoreInst = "m_axi">   --->   Core 121 'm_axi' <Latency = 0> <II = 1> <Delay = 1.00> <Adapter> <Opcode : 'read' 'write' 'readreq' 'writereq' 'writeresp'>
ST_16 : Operation 108 [1/1] (0.00ns)   --->   "%ret_ln0 = ret"   --->   Operation 108 'ret' 'ret_ln0' <Predicate = true> <Delay = 0.00>


============================================================
+ Verbose Summary: Timing violations
============================================================
Target clock period: 10ns, clock uncertainty: 2.7ns.

 <State 1>: 7.3ns
The critical path consists of the following:
	wire read operation ('tmp') on port 'empty' [42]  (0 ns)
	bus request operation ('p_rd_req', hls_FIRN11MAXI/FIR.cpp:18) on port 'gmem' (hls_FIRN11MAXI/FIR.cpp:18) [52]  (7.3 ns)

 <State 2>: 7.3ns
The critical path consists of the following:
	bus request operation ('p_rd_req', hls_FIRN11MAXI/FIR.cpp:18) on port 'gmem' (hls_FIRN11MAXI/FIR.cpp:18) [52]  (7.3 ns)

 <State 3>: 7.3ns
The critical path consists of the following:
	bus request operation ('p_rd_req', hls_FIRN11MAXI/FIR.cpp:18) on port 'gmem' (hls_FIRN11MAXI/FIR.cpp:18) [52]  (7.3 ns)

 <State 4>: 7.3ns
The critical path consists of the following:
	bus request operation ('p_rd_req', hls_FIRN11MAXI/FIR.cpp:18) on port 'gmem' (hls_FIRN11MAXI/FIR.cpp:18) [52]  (7.3 ns)

 <State 5>: 7.3ns
The critical path consists of the following:
	bus request operation ('p_rd_req', hls_FIRN11MAXI/FIR.cpp:18) on port 'gmem' (hls_FIRN11MAXI/FIR.cpp:18) [52]  (7.3 ns)

 <State 6>: 7.3ns
The critical path consists of the following:
	bus request operation ('p_rd_req', hls_FIRN11MAXI/FIR.cpp:18) on port 'gmem' (hls_FIRN11MAXI/FIR.cpp:18) [52]  (7.3 ns)

 <State 7>: 7.3ns
The critical path consists of the following:
	bus request operation ('p_rd_req', hls_FIRN11MAXI/FIR.cpp:18) on port 'gmem' (hls_FIRN11MAXI/FIR.cpp:18) [52]  (7.3 ns)

 <State 8>: 1.43ns
The critical path consists of the following:
	'load' operation ('n32XferCnt', hls_FIRN11MAXI/FIR.cpp:16) on local variable 'n32XferCnt' [58]  (0 ns)
	'add' operation ('add_ln16', hls_FIRN11MAXI/FIR.cpp:16) [62]  (1.01 ns)
	'store' operation ('store_ln16', hls_FIRN11MAXI/FIR.cpp:16) of variable 'add_ln16', hls_FIRN11MAXI/FIR.cpp:16 on local variable 'n32XferCnt' [109]  (0.427 ns)

 <State 9>: 7.3ns
The critical path consists of the following:
	bus read operation ('n32Temp', hls_FIRN11MAXI/FIR.cpp:18) on port 'gmem' (hls_FIRN11MAXI/FIR.cpp:18) [66]  (7.3 ns)

 <State 10>: 5.9ns
The critical path consists of the following:
	'load' operation ('an32ShiftReg_3_load', hls_FIRN11MAXI/FIR.cpp:25) on static variable 'an32ShiftReg_3' [84]  (0 ns)
	'mul' operation ('mul_ln28_6', hls_FIRN11MAXI/FIR.cpp:28) [86]  (3.42 ns)
	'add' operation ('add_ln28_4', hls_FIRN11MAXI/FIR.cpp:28) [102]  (1.02 ns)
	'add' operation ('add_ln28_5', hls_FIRN11MAXI/FIR.cpp:28) [103]  (0 ns)
	'add' operation ('add_ln28_8', hls_FIRN11MAXI/FIR.cpp:28) [106]  (0.731 ns)
	'add' operation ('add_ln28_9', hls_FIRN11MAXI/FIR.cpp:28) [107]  (0.731 ns)

 <State 11>: 7.3ns
The critical path consists of the following:
	bus write operation ('write_ln30', hls_FIRN11MAXI/FIR.cpp:30) on port 'gmem' (hls_FIRN11MAXI/FIR.cpp:30) [108]  (7.3 ns)

 <State 12>: 7.3ns
The critical path consists of the following:
	bus response operation ('p_wr_resp', hls_FIRN11MAXI/FIR.cpp:30) on port 'gmem' (hls_FIRN11MAXI/FIR.cpp:30) [112]  (7.3 ns)

 <State 13>: 7.3ns
The critical path consists of the following:
	bus response operation ('p_wr_resp', hls_FIRN11MAXI/FIR.cpp:30) on port 'gmem' (hls_FIRN11MAXI/FIR.cpp:30) [112]  (7.3 ns)

 <State 14>: 7.3ns
The critical path consists of the following:
	bus response operation ('p_wr_resp', hls_FIRN11MAXI/FIR.cpp:30) on port 'gmem' (hls_FIRN11MAXI/FIR.cpp:30) [112]  (7.3 ns)

 <State 15>: 7.3ns
The critical path consists of the following:
	bus response operation ('p_wr_resp', hls_FIRN11MAXI/FIR.cpp:30) on port 'gmem' (hls_FIRN11MAXI/FIR.cpp:30) [112]  (7.3 ns)

 <State 16>: 7.3ns
The critical path consists of the following:
	bus response operation ('p_wr_resp', hls_FIRN11MAXI/FIR.cpp:30) on port 'gmem' (hls_FIRN11MAXI/FIR.cpp:30) [112]  (7.3 ns)


============================================================
+ Verbose Summary: Binding
============================================================
N/A
* FSMD analyzer results:
  - Output states:
 - Input state : 
  - Chain level:
	State 1
	State 2
	State 3
	State 4
	State 5
	State 6
	State 7
	State 8
	State 9
	State 10
	State 11
	State 12
	State 13
	State 14
	State 15
	State 16


============================================================
+ Verbose Summary: Datapath Resource usage 
============================================================
N/A
