==============================================================
Vitis HLS - High-Level Synthesis from C, C++ and OpenCL v2022.1 (64-bit)
Tool Version Limit: 2022.04
Copyright 1986-2022 Xilinx, Inc. All Rights Reserved.
==============================================================
==============================================================
Vitis HLS - High-Level Synthesis from C, C++ and OpenCL v2022.1 (64-bit)
Tool Version Limit: 2022.04
Copyright 1986-2022 Xilinx, Inc. All Rights Reserved.
==============================================================
==============================================================
Vitis HLS - High-Level Synthesis from C, C++ and OpenCL v2022.1 (64-bit)
Tool Version Limit: 2022.04
Copyright 1986-2022 Xilinx, Inc. All Rights Reserved.
==============================================================
==============================================================
Vitis HLS - High-Level Synthesis from C, C++ and OpenCL v2022.1 (64-bit)
Tool Version Limit: 2022.04
Copyright 1986-2022 Xilinx, Inc. All Rights Reserved.
==============================================================
==============================================================
Vitis HLS - High-Level Synthesis from C, C++ and OpenCL v2022.1 (64-bit)
Tool Version Limit: 2022.04
Copyright 1986-2022 Xilinx, Inc. All Rights Reserved.
==============================================================
INFO: [SYN 201-201] Setting up clock 'default' with a period of 10ns.
INFO: [HLS 200-1611] Setting target device to 'xck26-sfvc784-2LV-c'
INFO: [HLS 200-1505] Using flow_target 'vivado'
INFO: [HLS 200-1510] Running: set_part xck26-sfvc784-2LV-c 
INFO: [HLS 200-1510] Running: create_clock -period 10 -name default 
INFO: [HLS 200-1510] Running: source ./axi_stream_hls/solution1/directives.tcl
INFO: [HLS 200-1510] Running: set_directive_top -name fir_n11_strm fir_n11_strm 
INFO: [HLS 200-1510] Running: csynth_design 
INFO: [HLS 200-111] Finished File checks and directory preparation: CPU user time: 0.01 seconds. CPU system time: 0 seconds. Elapsed time: 0.01 seconds; current allocated memory: 462.586 MB.
INFO: [HLS 200-10] Analyzing design file 'hls_FIRN11Stream/FIR.cpp' ... 
INFO: [HLS 200-111] Finished Source Code Analysis and Preprocessing: CPU user time: 5.61 seconds. CPU system time: 0.41 seconds. Elapsed time: 6.37 seconds; current allocated memory: 462.586 MB.
INFO: [HLS 200-777] Using interface defaults for 'Vivado' flow target.
INFO: [HLS 214-131] Inlining function '_llvm.fpga.unpack.none.s_struct.ap_uint<32>s.i32' into 'fir_n11_strm(hls::stream<hls::axis<ap_uint<32>, 1ul, 1ul, 1ul>, 0>*, hls::stream<hls::axis<ap_uint<32>, 1ul, 1ul, 1ul>, 0>*, int*, ap_uint<32>)' (/tools/Xilinx/Vitis_HLS/2022.1/common/technology/autopilot/ap_axi_sdata.h:293:5)
INFO: [HLS 214-131] Inlining function '_llvm.fpga.pack.none.i1.s_struct.ap_uint<1>s' into 'fir_n11_strm(hls::stream<hls::axis<ap_uint<32>, 1ul, 1ul, 1ul>, 0>*, hls::stream<hls::axis<ap_uint<32>, 1ul, 1ul, 1ul>, 0>*, int*, ap_uint<32>)' (/tools/Xilinx/Vitis_HLS/2022.1/common/technology/autopilot/ap_axi_sdata.h:304:5)
INFO: [HLS 214-131] Inlining function '_llvm.fpga.pack.none.i4.s_struct.ap_uint<4>s' into 'fir_n11_strm(hls::stream<hls::axis<ap_uint<32>, 1ul, 1ul, 1ul>, 0>*, hls::stream<hls::axis<ap_uint<32>, 1ul, 1ul, 1ul>, 0>*, int*, ap_uint<32>)' (/tools/Xilinx/Vitis_HLS/2022.1/common/technology/autopilot/ap_axi_sdata.h:304:5)
INFO: [HLS 214-131] Inlining function '_llvm.fpga.pack.none.i32.s_struct.ap_uint<32>s' into 'fir_n11_strm(hls::stream<hls::axis<ap_uint<32>, 1ul, 1ul, 1ul>, 0>*, hls::stream<hls::axis<ap_uint<32>, 1ul, 1ul, 1ul>, 0>*, int*, ap_uint<32>)' (/tools/Xilinx/Vitis_HLS/2022.1/common/technology/autopilot/ap_axi_sdata.h:304:5)
INFO: [HLS 214-131] Inlining function '_llvm.fpga.unpack.none.s_struct.ap_uint<1>s.i1' into 'fir_n11_strm(hls::stream<hls::axis<ap_uint<32>, 1ul, 1ul, 1ul>, 0>*, hls::stream<hls::axis<ap_uint<32>, 1ul, 1ul, 1ul>, 0>*, int*, ap_uint<32>)' (/tools/Xilinx/Vitis_HLS/2022.1/common/technology/autopilot/ap_axi_sdata.h:293:5)
INFO: [HLS 214-131] Inlining function '_llvm.fpga.unpack.none.s_struct.ap_uint<4>s.i4' into 'fir_n11_strm(hls::stream<hls::axis<ap_uint<32>, 1ul, 1ul, 1ul>, 0>*, hls::stream<hls::axis<ap_uint<32>, 1ul, 1ul, 1ul>, 0>*, int*, ap_uint<32>)' (/tools/Xilinx/Vitis_HLS/2022.1/common/technology/autopilot/ap_axi_sdata.h:293:5)
INFO: [HLS 200-111] Finished Compiling Optimization and Transform: CPU user time: 5.12 seconds. CPU system time: 0.37 seconds. Elapsed time: 6.01 seconds; current allocated memory: 463.543 MB.
INFO: [HLS 200-111] Finished Checking Pragmas: CPU user time: 0 seconds. CPU system time: 0 seconds. Elapsed time: 0 seconds; current allocated memory: 463.543 MB.
INFO: [HLS 200-10] Starting code transformations ...
INFO: [HLS 200-111] Finished Standard Transforms: CPU user time: 0.09 seconds. CPU system time: 0.01 seconds. Elapsed time: 0.12 seconds; current allocated memory: 471.230 MB.
INFO: [HLS 200-10] Checking synthesizability ...
INFO: [HLS 200-111] Finished Checking Synthesizability: CPU user time: 0.2 seconds. CPU system time: 0 seconds. Elapsed time: 0.22 seconds; current allocated memory: 482.137 MB.
INFO: [XFORM 203-510] Pipelining loop 'XFER_LOOP' (hls_FIRN11Stream/FIR.cpp:17) in function 'fir_n11_strm' automatically.
INFO: [XFORM 203-502] Unrolling all sub-loops inside loop 'XFER_LOOP' (hls_FIRN11Stream/FIR.cpp:17) in function 'fir_n11_strm' for pipelining.
INFO: [HLS 200-489] Unrolling loop 'SHIFT_ACC_LOOP' (hls_FIRN11Stream/FIR.cpp:12) in function 'fir_n11_strm' completely with a factor of 11.
INFO: [XFORM 203-102] Partitioning array 'an32ShiftReg' automatically.
INFO: [XFORM 203-11] Balancing expressions in function 'fir_n11_strm' (hls_FIRN11Stream/FIR.cpp:4:2)...10 expression(s) balanced.
INFO: [HLS 200-111] Finished Loop, function and other optimizations: CPU user time: 0.26 seconds. CPU system time: 0.03 seconds. Elapsed time: 0.32 seconds; current allocated memory: 514.523 MB.
INFO: [HLS 200-111] Finished Architecture Synthesis: CPU user time: 0.17 seconds. CPU system time: 0 seconds. Elapsed time: 0.17 seconds; current allocated memory: 524.086 MB.
INFO: [HLS 200-10] Starting hardware synthesis ...
INFO: [HLS 200-10] Synthesizing 'fir_n11_strm' ...
INFO: [HLS 200-10] ----------------------------------------------------------------
INFO: [HLS 200-42] -- Implementing module 'fir_n11_strm_Pipeline_XFER_LOOP' 
INFO: [HLS 200-10] ----------------------------------------------------------------
INFO: [SCHED 204-11] Starting scheduling ...
INFO: [SCHED 204-61] Pipelining loop 'XFER_LOOP'.
WARNING: [HLS 200-885] The II Violation in module 'fir_n11_strm_Pipeline_XFER_LOOP' (loop 'XFER_LOOP'): Unable to schedule 'load' operation ('an32Coef_load', hls_FIRN11Stream/FIR.cpp:35) on array 'an32Coef' due to limited memory ports (II = 1). Please consider using a memory core with more ports or partitioning the array 'an32Coef'.
WARNING: [HLS 200-885] The II Violation in module 'fir_n11_strm_Pipeline_XFER_LOOP' (loop 'XFER_LOOP'): Unable to schedule 'load' operation ('an32Coef_load_1', hls_FIRN11Stream/FIR.cpp:35) on array 'an32Coef' due to limited memory ports (II = 2). Please consider using a memory core with more ports or partitioning the array 'an32Coef'.
WARNING: [HLS 200-885] The II Violation in module 'fir_n11_strm_Pipeline_XFER_LOOP' (loop 'XFER_LOOP'): Unable to schedule 'load' operation ('an32Coef_load_2', hls_FIRN11Stream/FIR.cpp:35) on array 'an32Coef' due to limited memory ports (II = 3). Please consider using a memory core with more ports or partitioning the array 'an32Coef'.
WARNING: [HLS 200-885] The II Violation in module 'fir_n11_strm_Pipeline_XFER_LOOP' (loop 'XFER_LOOP'): Unable to schedule 'load' operation ('an32Coef_load_3', hls_FIRN11Stream/FIR.cpp:35) on array 'an32Coef' due to limited memory ports (II = 4). Please consider using a memory core with more ports or partitioning the array 'an32Coef'.
WARNING: [HLS 200-885] The II Violation in module 'fir_n11_strm_Pipeline_XFER_LOOP' (loop 'XFER_LOOP'): Unable to schedule 'load' operation ('an32Coef_load_6', hls_FIRN11Stream/FIR.cpp:35) on array 'an32Coef' due to limited memory ports (II = 7). Please consider using a memory core with more ports or partitioning the array 'an32Coef'.
WARNING: [HLS 200-885] The II Violation in module 'fir_n11_strm_Pipeline_XFER_LOOP' (loop 'XFER_LOOP'): Unable to schedule 'load' operation ('an32Coef_load_8', hls_FIRN11Stream/FIR.cpp:35) on array 'an32Coef' due to limited memory ports (II = 9). Please consider using a memory core with more ports or partitioning the array 'an32Coef'.
WARNING: [HLS 200-885] The II Violation in module 'fir_n11_strm_Pipeline_XFER_LOOP' (loop 'XFER_LOOP'): Unable to schedule 'load' operation ('an32Coef_load_9', hls_FIRN11Stream/FIR.cpp:35) on array 'an32Coef' due to limited memory ports (II = 10). Please consider using a memory core with more ports or partitioning the array 'an32Coef'.
INFO: [HLS 200-1470] Pipelining result : Target II = NA, Final II = 11, Depth = 12, loop 'XFER_LOOP'
INFO: [SCHED 204-11] Finished scheduling.
INFO: [HLS 200-111] Finished Scheduling: CPU user time: 0.46 seconds. CPU system time: 0.04 seconds. Elapsed time: 0.89 seconds; current allocated memory: 524.086 MB.
INFO: [BIND 205-100] Starting micro-architecture generation ...
INFO: [BIND 205-101] Performing variable lifetime analysis.
INFO: [BIND 205-101] Exploring resource sharing.
INFO: [BIND 205-101] Binding ...
INFO: [BIND 205-100] Finished micro-architecture generation.
INFO: [HLS 200-111] Finished Binding: CPU user time: 0.23 seconds. CPU system time: 0.01 seconds. Elapsed time: 0.29 seconds; current allocated memory: 524.086 MB.
==============================================================
Vitis HLS - High-Level Synthesis from C, C++ and OpenCL v2022.1 (64-bit)
Tool Version Limit: 2022.04
Copyright 1986-2022 Xilinx, Inc. All Rights Reserved.
==============================================================
==============================================================
Vitis HLS - High-Level Synthesis from C, C++ and OpenCL v2022.1 (64-bit)
Tool Version Limit: 2022.04
Copyright 1986-2022 Xilinx, Inc. All Rights Reserved.
==============================================================
==============================================================
Vitis HLS - High-Level Synthesis from C, C++ and OpenCL v2022.1 (64-bit)
Tool Version Limit: 2022.04
Copyright 1986-2022 Xilinx, Inc. All Rights Reserved.
==============================================================
==============================================================
Vitis HLS - High-Level Synthesis from C, C++ and OpenCL v2022.1 (64-bit)
Tool Version Limit: 2022.04
Copyright 1986-2022 Xilinx, Inc. All Rights Reserved.
==============================================================
INFO: [SYN 201-201] Setting up clock 'default' with a period of 10ns.
INFO: [HLS 200-1611] Setting target device to 'xck26-sfvc784-2LV-c'
INFO: [HLS 200-1505] Using flow_target 'vivado'
INFO: [HLS 200-1464] Running solution command: config_export -format=ip_catalog
INFO: [HLS 200-1464] Running solution command: config_export -rtl=verilog
INFO: [HLS 200-1510] Running: set_part xck26-sfvc784-2LV-c 
INFO: [HLS 200-1510] Running: create_clock -period 10 -name default 
INFO: [HLS 200-1510] Running: config_export -format ip_catalog -rtl verilog 
INFO: [HLS 200-1510] Running: source ./axi_stream_hls/solution1/directives.tcl
INFO: [HLS 200-1510] Running: set_directive_top -name fir_n11_strm fir_n11_strm 
INFO: [HLS 200-1510] Running: csynth_design 
INFO: [HLS 200-111] Finished File checks and directory preparation: CPU user time: 0.01 seconds. CPU system time: 0 seconds. Elapsed time: 0.01 seconds; current allocated memory: 462.582 MB.
INFO: [HLS 200-10] Analyzing design file 'hls_FIRN11Stream/FIR.cpp' ... 
INFO: [HLS 200-111] Finished Source Code Analysis and Preprocessing: CPU user time: 5.8 seconds. CPU system time: 0.51 seconds. Elapsed time: 6.53 seconds; current allocated memory: 462.582 MB.
INFO: [HLS 200-777] Using interface defaults for 'Vivado' flow target.
INFO: [HLS 214-131] Inlining function '_llvm.fpga.unpack.none.s_struct.ap_uint<32>s.i32' into 'fir_n11_strm(hls::stream<hls::axis<ap_uint<32>, 1ul, 1ul, 1ul>, 0>*, hls::stream<hls::axis<ap_uint<32>, 1ul, 1ul, 1ul>, 0>*, int*, ap_uint<32>)' (/tools/Xilinx/Vitis_HLS/2022.1/common/technology/autopilot/ap_axi_sdata.h:293:5)
INFO: [HLS 214-131] Inlining function '_llvm.fpga.pack.none.i1.s_struct.ap_uint<1>s' into 'fir_n11_strm(hls::stream<hls::axis<ap_uint<32>, 1ul, 1ul, 1ul>, 0>*, hls::stream<hls::axis<ap_uint<32>, 1ul, 1ul, 1ul>, 0>*, int*, ap_uint<32>)' (/tools/Xilinx/Vitis_HLS/2022.1/common/technology/autopilot/ap_axi_sdata.h:304:5)
INFO: [HLS 214-131] Inlining function '_llvm.fpga.pack.none.i4.s_struct.ap_uint<4>s' into 'fir_n11_strm(hls::stream<hls::axis<ap_uint<32>, 1ul, 1ul, 1ul>, 0>*, hls::stream<hls::axis<ap_uint<32>, 1ul, 1ul, 1ul>, 0>*, int*, ap_uint<32>)' (/tools/Xilinx/Vitis_HLS/2022.1/common/technology/autopilot/ap_axi_sdata.h:304:5)
INFO: [HLS 214-131] Inlining function '_llvm.fpga.pack.none.i32.s_struct.ap_uint<32>s' into 'fir_n11_strm(hls::stream<hls::axis<ap_uint<32>, 1ul, 1ul, 1ul>, 0>*, hls::stream<hls::axis<ap_uint<32>, 1ul, 1ul, 1ul>, 0>*, int*, ap_uint<32>)' (/tools/Xilinx/Vitis_HLS/2022.1/common/technology/autopilot/ap_axi_sdata.h:304:5)
INFO: [HLS 214-131] Inlining function '_llvm.fpga.unpack.none.s_struct.ap_uint<1>s.i1' into 'fir_n11_strm(hls::stream<hls::axis<ap_uint<32>, 1ul, 1ul, 1ul>, 0>*, hls::stream<hls::axis<ap_uint<32>, 1ul, 1ul, 1ul>, 0>*, int*, ap_uint<32>)' (/tools/Xilinx/Vitis_HLS/2022.1/common/technology/autopilot/ap_axi_sdata.h:293:5)
INFO: [HLS 214-131] Inlining function '_llvm.fpga.unpack.none.s_struct.ap_uint<4>s.i4' into 'fir_n11_strm(hls::stream<hls::axis<ap_uint<32>, 1ul, 1ul, 1ul>, 0>*, hls::stream<hls::axis<ap_uint<32>, 1ul, 1ul, 1ul>, 0>*, int*, ap_uint<32>)' (/tools/Xilinx/Vitis_HLS/2022.1/common/technology/autopilot/ap_axi_sdata.h:293:5)
INFO: [HLS 200-111] Finished Compiling Optimization and Transform: CPU user time: 5.18 seconds. CPU system time: 0.5 seconds. Elapsed time: 6.17 seconds; current allocated memory: 463.641 MB.
INFO: [HLS 200-111] Finished Checking Pragmas: CPU user time: 0 seconds. CPU system time: 0 seconds. Elapsed time: 0 seconds; current allocated memory: 463.641 MB.
INFO: [HLS 200-10] Starting code transformations ...
INFO: [HLS 200-111] Finished Standard Transforms: CPU user time: 0.12 seconds. CPU system time: 0 seconds. Elapsed time: 0.15 seconds; current allocated memory: 471.426 MB.
INFO: [HLS 200-10] Checking synthesizability ...
INFO: [HLS 200-111] Finished Checking Synthesizability: CPU user time: 0.19 seconds. CPU system time: 0.03 seconds. Elapsed time: 0.24 seconds; current allocated memory: 482.215 MB.
INFO: [XFORM 203-510] Pipelining loop 'XFER_LOOP' (hls_FIRN11Stream/FIR.cpp:17) in function 'fir_n11_strm' automatically.
INFO: [XFORM 203-502] Unrolling all sub-loops inside loop 'XFER_LOOP' (hls_FIRN11Stream/FIR.cpp:17) in function 'fir_n11_strm' for pipelining.
INFO: [HLS 200-489] Unrolling loop 'SHIFT_ACC_LOOP' (hls_FIRN11Stream/FIR.cpp:12) in function 'fir_n11_strm' completely with a factor of 11.
INFO: [XFORM 203-102] Partitioning array 'an32ShiftReg' automatically.
INFO: [XFORM 203-11] Balancing expressions in function 'fir_n11_strm' (hls_FIRN11Stream/FIR.cpp:4:2)...10 expression(s) balanced.
INFO: [HLS 200-111] Finished Loop, function and other optimizations: CPU user time: 0.31 seconds. CPU system time: 0.01 seconds. Elapsed time: 0.34 seconds; current allocated memory: 514.750 MB.
INFO: [HLS 200-111] Finished Architecture Synthesis: CPU user time: 0.18 seconds. CPU system time: 0 seconds. Elapsed time: 0.2 seconds; current allocated memory: 524.301 MB.
INFO: [HLS 200-10] Starting hardware synthesis ...
INFO: [HLS 200-10] Synthesizing 'fir_n11_strm' ...
INFO: [HLS 200-10] ----------------------------------------------------------------
INFO: [HLS 200-42] -- Implementing module 'fir_n11_strm_Pipeline_XFER_LOOP' 
INFO: [HLS 200-10] ----------------------------------------------------------------
INFO: [SCHED 204-11] Starting scheduling ...
INFO: [SCHED 204-61] Pipelining loop 'XFER_LOOP'.
WARNING: [HLS 200-885] The II Violation in module 'fir_n11_strm_Pipeline_XFER_LOOP' (loop 'XFER_LOOP'): Unable to schedule 'load' operation ('an32Coef_load', hls_FIRN11Stream/FIR.cpp:35) on array 'an32Coef' due to limited memory ports (II = 1). Please consider using a memory core with more ports or partitioning the array 'an32Coef'.
WARNING: [HLS 200-885] The II Violation in module 'fir_n11_strm_Pipeline_XFER_LOOP' (loop 'XFER_LOOP'): Unable to schedule 'load' operation ('an32Coef_load_1', hls_FIRN11Stream/FIR.cpp:35) on array 'an32Coef' due to limited memory ports (II = 2). Please consider using a memory core with more ports or partitioning the array 'an32Coef'.
WARNING: [HLS 200-885] The II Violation in module 'fir_n11_strm_Pipeline_XFER_LOOP' (loop 'XFER_LOOP'): Unable to schedule 'load' operation ('an32Coef_load_2', hls_FIRN11Stream/FIR.cpp:35) on array 'an32Coef' due to limited memory ports (II = 3). Please consider using a memory core with more ports or partitioning the array 'an32Coef'.
WARNING: [HLS 200-885] The II Violation in module 'fir_n11_strm_Pipeline_XFER_LOOP' (loop 'XFER_LOOP'): Unable to schedule 'load' operation ('an32Coef_load_3', hls_FIRN11Stream/FIR.cpp:35) on array 'an32Coef' due to limited memory ports (II = 4). Please consider using a memory core with more ports or partitioning the array 'an32Coef'.
WARNING: [HLS 200-885] The II Violation in module 'fir_n11_strm_Pipeline_XFER_LOOP' (loop 'XFER_LOOP'): Unable to schedule 'load' operation ('an32Coef_load_6', hls_FIRN11Stream/FIR.cpp:35) on array 'an32Coef' due to limited memory ports (II = 7). Please consider using a memory core with more ports or partitioning the array 'an32Coef'.
WARNING: [HLS 200-885] The II Violation in module 'fir_n11_strm_Pipeline_XFER_LOOP' (loop 'XFER_LOOP'): Unable to schedule 'load' operation ('an32Coef_load_8', hls_FIRN11Stream/FIR.cpp:35) on array 'an32Coef' due to limited memory ports (II = 9). Please consider using a memory core with more ports or partitioning the array 'an32Coef'.
WARNING: [HLS 200-885] The II Violation in module 'fir_n11_strm_Pipeline_XFER_LOOP' (loop 'XFER_LOOP'): Unable to schedule 'load' operation ('an32Coef_load_9', hls_FIRN11Stream/FIR.cpp:35) on array 'an32Coef' due to limited memory ports (II = 10). Please consider using a memory core with more ports or partitioning the array 'an32Coef'.
INFO: [HLS 200-1470] Pipelining result : Target II = NA, Final II = 11, Depth = 12, loop 'XFER_LOOP'
INFO: [SCHED 204-11] Finished scheduling.
INFO: [HLS 200-111] Finished Scheduling: CPU user time: 0.53 seconds. CPU system time: 0.04 seconds. Elapsed time: 0.94 seconds; current allocated memory: 524.301 MB.
INFO: [BIND 205-100] Starting micro-architecture generation ...
INFO: [BIND 205-101] Performing variable lifetime analysis.
==============================================================
Vitis HLS - High-Level Synthesis from C, C++ and OpenCL v2022.1 (64-bit)
Tool Version Limit: 2022.04
Copyright 1986-2022 Xilinx, Inc. All Rights Reserved.
==============================================================
==============================================================
Vitis HLS - High-Level Synthesis from C, C++ and OpenCL v2022.1 (64-bit)
Tool Version Limit: 2022.04
Copyright 1986-2022 Xilinx, Inc. All Rights Reserved.
==============================================================
