INFO: [HLS 200-10] Running '/tools/Xilinx/Vitis_HLS/2022.1/bin/unwrapped/lnx64.o/vitis_hls'
INFO: [HLS 200-10] For user 'ubuntu' on host 'ubuntu2004.linuxvmimages.local' (Linux_x86_64 version 5.15.0-84-generic) on Sat Sep 30 02:00:09 EDT 2023
INFO: [HLS 200-10] On os Ubuntu 20.04.4 LTS
INFO: [HLS 200-10] In directory '/home/ubuntu/course-lab_2'
Sourcing Tcl script '/home/ubuntu/course-lab_2/axi_stream_hls/solution1/export.tcl'
INFO: [HLS 200-1510] Running: source /home/ubuntu/course-lab_2/axi_stream_hls/solution1/export.tcl
INFO: [HLS 200-1510] Running: open_project axi_stream_hls 
INFO: [HLS 200-10] Opening project '/home/ubuntu/course-lab_2/axi_stream_hls'.
INFO: [HLS 200-1510] Running: set_top fir_n11_strm 
INFO: [HLS 200-1510] Running: add_files hls_FIRN11Stream/FIR.cpp 
INFO: [HLS 200-10] Adding design file 'hls_FIRN11Stream/FIR.cpp' to the project
INFO: [HLS 200-1510] Running: add_files hls_FIRN11Stream/FIR.h 
INFO: [HLS 200-10] Adding design file 'hls_FIRN11Stream/FIR.h' to the project
INFO: [HLS 200-1510] Running: add_files -tb hls_FIRN11Stream/FIRTester.cpp 
INFO: [HLS 200-10] Adding test bench file 'hls_FIRN11Stream/FIRTester.cpp' to the project
INFO: [HLS 200-1510] Running: add_files -tb hls_FIRN11Stream/out_gold.dat 
INFO: [HLS 200-10] Adding test bench file 'hls_FIRN11Stream/out_gold.dat' to the project
INFO: [HLS 200-1510] Running: open_solution solution1 -flow_target vivado 
INFO: [HLS 200-10] Opening solution '/home/ubuntu/course-lab_2/axi_stream_hls/solution1'.
INFO: [SYN 201-201] Setting up clock 'default' with a period of 10ns.
INFO: [HLS 200-1611] Setting target device to 'xck26-sfvc784-2LV-c'
INFO: [HLS 200-1505] Using flow_target 'vivado'
Resolution: For help on HLS 200-1505 see www.xilinx.com/cgi-bin/docs/rdoc?v=2022.1;t=hls+guidance;d=200-1505.html
INFO: [HLS 200-1464] Running solution command: config_export -format=ip_catalog
INFO: [HLS 200-1464] Running solution command: config_export -rtl=verilog
INFO: [HLS 200-1510] Running: set_part xck26-sfvc784-2LV-c 
INFO: [HLS 200-1510] Running: create_clock -period 10 -name default 
INFO: [SYN 201-201] Setting up clock 'default' with a period of 10ns.
INFO: [HLS 200-1510] Running: config_export -format ip_catalog -rtl verilog 
INFO: [HLS 200-1510] Running: source ./axi_stream_hls/solution1/directives.tcl
INFO: [HLS 200-1510] Running: set_directive_top -name fir_n11_strm fir_n11_strm 
INFO: [HLS 200-1510] Running: export_design -rtl verilog -format ip_catalog 
INFO: [IMPL 213-8] Exporting RTL as a Vivado IP.

****** Vivado v2022.1 (64-bit)
  **** SW Build 3526262 on Mon Apr 18 15:47:01 MDT 2022
  **** IP Build 3524634 on Mon Apr 18 20:55:01 MDT 2022
    ** Copyright 1986-2022 Xilinx, Inc. All Rights Reserved.

source run_ippack.tcl -notrace
ipx::create_core: Time (s): cpu = 00:00:13 ; elapsed = 00:00:13 . Memory (MB): peak = 2914.344 ; gain = 0.023 ; free physical = 3029 ; free virtual = 8359
INFO: [IP_Flow 19-234] Refreshing IP repositories
INFO: [IP_Flow 19-1704] No user IP repositories specified
INFO: [IP_Flow 19-2313] Loaded Vivado IP repository '/tools/Xilinx/Vivado/2022.1/data/ip'.
INFO: [Common 17-206] Exiting Vivado at Sat Sep 30 02:00:41 2023...
INFO: [HLS 200-802] Generated output file axi_stream_hls/solution1/impl/export.zip
INFO: [HLS 200-111] Finished Command export_design CPU user time: 26.85 seconds. CPU system time: 1.39 seconds. Elapsed time: 29.03 seconds; current allocated memory: 8.273 MB.
INFO: [HLS 200-112] Total CPU user time: 33.21 seconds. Total CPU system time: 2.23 seconds. Total elapsed time: 35.82 seconds; peak allocated memory: 470.848 MB.
