#-----------------------------------------------------------
# Vivado v2022.1 (64-bit)
# SW Build 3526262 on Mon Apr 18 15:47:01 MDT 2022
# IP Build 3524634 on Mon Apr 18 20:55:01 MDT 2022
# Start of session at: Wed Sep 27 06:19:28 2023
# Process ID: 15999
# Current directory: /home/ubuntu/course-lab_2
# Command line: vivado
# Log file: /home/ubuntu/course-lab_2/vivado.log
# Journal file: /home/ubuntu/course-lab_2/vivado.jou
# Running On: ubuntu2004, OS: Linux, CPU Frequency: 3407.998 MHz, CPU Physical cores: 2, Host memory: 14459 MB
#-----------------------------------------------------------
start_gui
WARNING: [Board 49-26] cannot add Board Part xilinx.com:vpk120_es:part0:1.2 available at /tools/Xilinx/Vivado/2022.1/data/xhub/boards/XilinxBoardStore/boards/Xilinx/vpk120/es/1.2/board.xml as part xcvp1202-vsva2785-2mp-e-s-es1 specified in board_part file is either invalid or not available
WARNING: [Board 49-26] cannot add Board Part xilinx.com:vpk120_es_revb:part0:1.0 available at /tools/Xilinx/Vivado/2022.1/data/xhub/boards/XilinxBoardStore/boards/Xilinx/vpk120_revb/es/1.0/board.xml as part xcvp1202-vsva2785-2mp-e-s-es1 specified in board_part file is either invalid or not available
WARNING: [Board 49-26] cannot add Board Part xilinx.com:zcu208ld:part0:2.0 available at /tools/Xilinx/Vivado/2022.1/data/xhub/boards/XilinxBoardStore/boards/Xilinx/zcu208ld/production/2.0/board.xml as part xczu58dr-fsvg1517-2-i specified in board_part file is either invalid or not available
WARNING: [Board 49-26] cannot add Board Part xilinx.com:zcu216ld:part0:2.0 available at /tools/Xilinx/Vivado/2022.1/data/xhub/boards/XilinxBoardStore/boards/Xilinx/zcu216ld/production/2.0/board.xml as part xczu59dr-ffvf1760-2-i specified in board_part file is either invalid or not available
WARNING: [Board 49-26] cannot add Board Part xilinx.com:zcu670:part0:2.0 available at /tools/Xilinx/Vivado/2022.1/data/xhub/boards/XilinxBoardStore/boards/Xilinx/zcu670/2.0/board.xml as part xczu67dr-fsve1156-2-i specified in board_part file is either invalid or not available
WARNING: [Board 49-26] cannot add Board Part xilinx.com:zcu670ld:part0:1.0 available at /tools/Xilinx/Vivado/2022.1/data/xhub/boards/XilinxBoardStore/boards/Xilinx/zcu670ld/1.0/board.xml as part xczu57dr-fsve1156-2-i specified in board_part file is either invalid or not available
WARNING: [Board 49-26] cannot add Board Part xilinx.com:vpk120_es:part0:1.2 available at /tools/Xilinx/Vivado/2022.1/data/xhub/boards/XilinxBoardStore/boards/Xilinx/vpk120/es/1.2/board.xml as part xcvp1202-vsva2785-2mp-e-s-es1 specified in board_part file is either invalid or not available
WARNING: [Board 49-26] cannot add Board Part xilinx.com:vpk120_es_revb:part0:1.0 available at /tools/Xilinx/Vivado/2022.1/data/xhub/boards/XilinxBoardStore/boards/Xilinx/vpk120_revb/es/1.0/board.xml as part xcvp1202-vsva2785-2mp-e-s-es1 specified in board_part file is either invalid or not available
WARNING: [Board 49-26] cannot add Board Part xilinx.com:zcu208ld:part0:2.0 available at /tools/Xilinx/Vivado/2022.1/data/xhub/boards/XilinxBoardStore/boards/Xilinx/zcu208ld/production/2.0/board.xml as part xczu58dr-fsvg1517-2-i specified in board_part file is either invalid or not available
WARNING: [Board 49-26] cannot add Board Part xilinx.com:zcu216ld:part0:2.0 available at /tools/Xilinx/Vivado/2022.1/data/xhub/boards/XilinxBoardStore/boards/Xilinx/zcu216ld/production/2.0/board.xml as part xczu59dr-ffvf1760-2-i specified in board_part file is either invalid or not available
WARNING: [Board 49-26] cannot add Board Part xilinx.com:zcu670:part0:2.0 available at /tools/Xilinx/Vivado/2022.1/data/xhub/boards/XilinxBoardStore/boards/Xilinx/zcu670/2.0/board.xml as part xczu67dr-fsve1156-2-i specified in board_part file is either invalid or not available
WARNING: [Board 49-26] cannot add Board Part xilinx.com:zcu670ld:part0:1.0 available at /tools/Xilinx/Vivado/2022.1/data/xhub/boards/XilinxBoardStore/boards/Xilinx/zcu670ld/1.0/board.xml as part xczu57dr-fsve1156-2-i specified in board_part file is either invalid or not available
WARNING: [Board 49-26] cannot add Board Part xilinx.com:vpk120_es:part0:1.2 available at /tools/Xilinx/Vivado/2022.1/data/xhub/boards/XilinxBoardStore/boards/Xilinx/vpk120/es/1.2/board.xml as part xcvp1202-vsva2785-2mp-e-s-es1 specified in board_part file is either invalid or not available
WARNING: [Board 49-26] cannot add Board Part xilinx.com:vpk120_es_revb:part0:1.0 available at /tools/Xilinx/Vivado/2022.1/data/xhub/boards/XilinxBoardStore/boards/Xilinx/vpk120_revb/es/1.0/board.xml as part xcvp1202-vsva2785-2mp-e-s-es1 specified in board_part file is either invalid or not available
WARNING: [Board 49-26] cannot add Board Part xilinx.com:zcu208ld:part0:2.0 available at /tools/Xilinx/Vivado/2022.1/data/xhub/boards/XilinxBoardStore/boards/Xilinx/zcu208ld/production/2.0/board.xml as part xczu58dr-fsvg1517-2-i specified in board_part file is either invalid or not available
WARNING: [Board 49-26] cannot add Board Part xilinx.com:zcu216ld:part0:2.0 available at /tools/Xilinx/Vivado/2022.1/data/xhub/boards/XilinxBoardStore/boards/Xilinx/zcu216ld/production/2.0/board.xml as part xczu59dr-ffvf1760-2-i specified in board_part file is either invalid or not available
WARNING: [Board 49-26] cannot add Board Part xilinx.com:zcu670:part0:2.0 available at /tools/Xilinx/Vivado/2022.1/data/xhub/boards/XilinxBoardStore/boards/Xilinx/zcu670/2.0/board.xml as part xczu67dr-fsve1156-2-i specified in board_part file is either invalid or not available
WARNING: [Board 49-26] cannot add Board Part xilinx.com:zcu670ld:part0:1.0 available at /tools/Xilinx/Vivado/2022.1/data/xhub/boards/XilinxBoardStore/boards/Xilinx/zcu670ld/1.0/board.xml as part xczu57dr-fsve1156-2-i specified in board_part file is either invalid or not available
WARNING: [Board 49-26] cannot add Board Part xilinx.com:vpk120_es:part0:1.2 available at /tools/Xilinx/Vivado/2022.1/data/xhub/boards/XilinxBoardStore/boards/Xilinx/vpk120/es/1.2/board.xml as part xcvp1202-vsva2785-2mp-e-s-es1 specified in board_part file is either invalid or not available
WARNING: [Board 49-26] cannot add Board Part xilinx.com:vpk120_es_revb:part0:1.0 available at /tools/Xilinx/Vivado/2022.1/data/xhub/boards/XilinxBoardStore/boards/Xilinx/vpk120_revb/es/1.0/board.xml as part xcvp1202-vsva2785-2mp-e-s-es1 specified in board_part file is either invalid or not available
WARNING: [Board 49-26] cannot add Board Part xilinx.com:zcu208ld:part0:2.0 available at /tools/Xilinx/Vivado/2022.1/data/xhub/boards/XilinxBoardStore/boards/Xilinx/zcu208ld/production/2.0/board.xml as part xczu58dr-fsvg1517-2-i specified in board_part file is either invalid or not available
WARNING: [Board 49-26] cannot add Board Part xilinx.com:zcu216ld:part0:2.0 available at /tools/Xilinx/Vivado/2022.1/data/xhub/boards/XilinxBoardStore/boards/Xilinx/zcu216ld/production/2.0/board.xml as part xczu59dr-ffvf1760-2-i specified in board_part file is either invalid or not available
WARNING: [Board 49-26] cannot add Board Part xilinx.com:zcu670:part0:2.0 available at /tools/Xilinx/Vivado/2022.1/data/xhub/boards/XilinxBoardStore/boards/Xilinx/zcu670/2.0/board.xml as part xczu67dr-fsve1156-2-i specified in board_part file is either invalid or not available
WARNING: [Board 49-26] cannot add Board Part xilinx.com:zcu670ld:part0:1.0 available at /tools/Xilinx/Vivado/2022.1/data/xhub/boards/XilinxBoardStore/boards/Xilinx/zcu670ld/1.0/board.xml as part xczu57dr-fsve1156-2-i specified in board_part file is either invalid or not available
WARNING: [Board 49-26] cannot add Board Part xilinx.com:vpk120_es:part0:1.2 available at /tools/Xilinx/Vivado/2022.1/data/xhub/boards/XilinxBoardStore/boards/Xilinx/vpk120/es/1.2/board.xml as part xcvp1202-vsva2785-2mp-e-s-es1 specified in board_part file is either invalid or not available
WARNING: [Board 49-26] cannot add Board Part xilinx.com:vpk120_es_revb:part0:1.0 available at /tools/Xilinx/Vivado/2022.1/data/xhub/boards/XilinxBoardStore/boards/Xilinx/vpk120_revb/es/1.0/board.xml as part xcvp1202-vsva2785-2mp-e-s-es1 specified in board_part file is either invalid or not available
WARNING: [Board 49-26] cannot add Board Part xilinx.com:zcu208ld:part0:2.0 available at /tools/Xilinx/Vivado/2022.1/data/xhub/boards/XilinxBoardStore/boards/Xilinx/zcu208ld/production/2.0/board.xml as part xczu58dr-fsvg1517-2-i specified in board_part file is either invalid or not available
WARNING: [Board 49-26] cannot add Board Part xilinx.com:zcu216ld:part0:2.0 available at /tools/Xilinx/Vivado/2022.1/data/xhub/boards/XilinxBoardStore/boards/Xilinx/zcu216ld/production/2.0/board.xml as part xczu59dr-ffvf1760-2-i specified in board_part file is either invalid or not available
WARNING: [Board 49-26] cannot add Board Part xilinx.com:zcu670:part0:2.0 available at /tools/Xilinx/Vivado/2022.1/data/xhub/boards/XilinxBoardStore/boards/Xilinx/zcu670/2.0/board.xml as part xczu67dr-fsve1156-2-i specified in board_part file is either invalid or not available
WARNING: [Board 49-26] cannot add Board Part xilinx.com:zcu670ld:part0:1.0 available at /tools/Xilinx/Vivado/2022.1/data/xhub/boards/XilinxBoardStore/boards/Xilinx/zcu670ld/1.0/board.xml as part xczu57dr-fsve1156-2-i specified in board_part file is either invalid or not available
WARNING: [Board 49-26] cannot add Board Part xilinx.com:vpk120_es:part0:1.2 available at /tools/Xilinx/Vivado/2022.1/data/xhub/boards/XilinxBoardStore/boards/Xilinx/vpk120/es/1.2/board.xml as part xcvp1202-vsva2785-2mp-e-s-es1 specified in board_part file is either invalid or not available
WARNING: [Board 49-26] cannot add Board Part xilinx.com:vpk120_es_revb:part0:1.0 available at /tools/Xilinx/Vivado/2022.1/data/xhub/boards/XilinxBoardStore/boards/Xilinx/vpk120_revb/es/1.0/board.xml as part xcvp1202-vsva2785-2mp-e-s-es1 specified in board_part file is either invalid or not available
WARNING: [Board 49-26] cannot add Board Part xilinx.com:zcu208ld:part0:2.0 available at /tools/Xilinx/Vivado/2022.1/data/xhub/boards/XilinxBoardStore/boards/Xilinx/zcu208ld/production/2.0/board.xml as part xczu58dr-fsvg1517-2-i specified in board_part file is either invalid or not available
WARNING: [Board 49-26] cannot add Board Part xilinx.com:zcu216ld:part0:2.0 available at /tools/Xilinx/Vivado/2022.1/data/xhub/boards/XilinxBoardStore/boards/Xilinx/zcu216ld/production/2.0/board.xml as part xczu59dr-ffvf1760-2-i specified in board_part file is either invalid or not available
WARNING: [Board 49-26] cannot add Board Part xilinx.com:zcu670:part0:2.0 available at /tools/Xilinx/Vivado/2022.1/data/xhub/boards/XilinxBoardStore/boards/Xilinx/zcu670/2.0/board.xml as part xczu67dr-fsve1156-2-i specified in board_part file is either invalid or not available
WARNING: [Board 49-26] cannot add Board Part xilinx.com:zcu670ld:part0:1.0 available at /tools/Xilinx/Vivado/2022.1/data/xhub/boards/XilinxBoardStore/boards/Xilinx/zcu670ld/1.0/board.xml as part xczu57dr-fsve1156-2-i specified in board_part file is either invalid or not available
WARNING: [Board 49-26] cannot add Board Part xilinx.com:vpk120_es:part0:1.2 available at /tools/Xilinx/Vivado/2022.1/data/xhub/boards/XilinxBoardStore/boards/Xilinx/vpk120/es/1.2/board.xml as part xcvp1202-vsva2785-2mp-e-s-es1 specified in board_part file is either invalid or not available
WARNING: [Board 49-26] cannot add Board Part xilinx.com:vpk120_es_revb:part0:1.0 available at /tools/Xilinx/Vivado/2022.1/data/xhub/boards/XilinxBoardStore/boards/Xilinx/vpk120_revb/es/1.0/board.xml as part xcvp1202-vsva2785-2mp-e-s-es1 specified in board_part file is either invalid or not available
WARNING: [Board 49-26] cannot add Board Part xilinx.com:zcu208ld:part0:2.0 available at /tools/Xilinx/Vivado/2022.1/data/xhub/boards/XilinxBoardStore/boards/Xilinx/zcu208ld/production/2.0/board.xml as part xczu58dr-fsvg1517-2-i specified in board_part file is either invalid or not available
WARNING: [Board 49-26] cannot add Board Part xilinx.com:zcu216ld:part0:2.0 available at /tools/Xilinx/Vivado/2022.1/data/xhub/boards/XilinxBoardStore/boards/Xilinx/zcu216ld/production/2.0/board.xml as part xczu59dr-ffvf1760-2-i specified in board_part file is either invalid or not available
WARNING: [Board 49-26] cannot add Board Part xilinx.com:zcu670:part0:2.0 available at /tools/Xilinx/Vivado/2022.1/data/xhub/boards/XilinxBoardStore/boards/Xilinx/zcu670/2.0/board.xml as part xczu67dr-fsve1156-2-i specified in board_part file is either invalid or not available
WARNING: [Board 49-26] cannot add Board Part xilinx.com:zcu670ld:part0:1.0 available at /tools/Xilinx/Vivado/2022.1/data/xhub/boards/XilinxBoardStore/boards/Xilinx/zcu670ld/1.0/board.xml as part xczu57dr-fsve1156-2-i specified in board_part file is either invalid or not available
create_project axi_stream_vvd /home/ubuntu/course-lab_2/axi_stream_vvd -part xck26-sfvc784-2LV-c
INFO: [IP_Flow 19-234] Refreshing IP repositories
INFO: [IP_Flow 19-1704] No user IP repositories specified
INFO: [IP_Flow 19-2313] Loaded Vivado IP repository '/tools/Xilinx/Vivado/2022.1/data/ip'.
create_project: Time (s): cpu = 00:00:12 ; elapsed = 00:00:08 . Memory (MB): peak = 7572.555 ; gain = 25.012 ; free physical = 5277 ; free virtual = 9645
set_property board_part xilinx.com:kv260_som:part0:1.3 [current_project]
set_property  ip_repo_paths  /home/ubuntu/course-lab_2/axi_stream_hls [current_project]
update_ip_catalog
INFO: [IP_Flow 19-234] Refreshing IP repositories
INFO: [IP_Flow 19-1700] Loaded user IP repository '/home/ubuntu/course-lab_2/axi_stream_hls'.
create_bd_design "design_1"
Wrote  : </home/ubuntu/course-lab_2/axi_stream_vvd/axi_stream_vvd.srcs/sources_1/bd/design_1/design_1.bd> 
create_bd_design: Time (s): cpu = 00:00:15 ; elapsed = 00:00:15 . Memory (MB): peak = 7601.223 ; gain = 6.660 ; free physical = 5161 ; free virtual = 9537
update_compile_order -fileset sources_1
startgroup
create_bd_cell -type ip -vlnv xilinx.com:ip:zynq_ultra_ps_e:3.4 zynq_ultra_ps_e_0
create_bd_cell: Time (s): cpu = 00:00:07 ; elapsed = 00:00:07 . Memory (MB): peak = 7619.496 ; gain = 0.000 ; free physical = 5064 ; free virtual = 9444
endgroup
apply_bd_automation -rule xilinx.com:bd_rule:zynq_ultra_ps_e -config {apply_board_preset "1" }  [get_bd_cells zynq_ultra_ps_e_0]
WARNING: [IP_Flow 19-474] Invalid Parameter 'Component_Name'
set_property -dict [list CONFIG.PSU__USE__S_AXI_GP2 {1}] [get_bd_cells zynq_ultra_ps_e_0]
startgroup
create_bd_cell -type ip -vlnv xilinx.com:hls:fir_n11_strm:1.0 fir_n11_strm_0
endgroup
regenerate_bd_layout
startgroup
create_bd_cell -type ip -vlnv xilinx.com:ip:axi_dma:7.1 axi_dma_0
endgroup
regenerate_bd_layout
set_property -dict [list CONFIG.c_include_sg {0} CONFIG.c_sg_length_width {26} CONFIG.c_sg_include_stscntrl_strm {0} CONFIG.c_include_s2mm {0}] [get_bd_cells axi_dma_0]
regenerate_bd_layout
set_property name axi_dma_in_0 [get_bd_cells axi_dma_0]
startgroup
create_bd_cell -type ip -vlnv xilinx.com:ip:axi_dma:7.1 axi_dma_0
endgroup
regenerate_bd_layout
set_property -dict [list CONFIG.c_include_sg {0} CONFIG.c_sg_length_width {26} CONFIG.c_sg_include_stscntrl_strm {0} CONFIG.c_include_mm2s {0}] [get_bd_cells axi_dma_0]
regenerate_bd_layout
set_property name axi_dma_out_0 [get_bd_cells axi_dma_0]
regenerate_bd_layout
startgroup
apply_bd_automation -rule xilinx.com:bd_rule:axi4 -config { Clk_master {Auto} Clk_slave {Auto} Clk_xbar {Auto} Master {/zynq_ultra_ps_e_0/M_AXI_HPM0_FPD} Slave {/axi_dma_in_0/S_AXI_LITE} ddr_seg {Auto} intc_ip {New AXI Interconnect} master_apm {0}}  [get_bd_intf_pins axi_dma_in_0/S_AXI_LITE]
INFO: [Ipptcl 7-1463] No Compatible Board Interface found. Board Tab not created in customize GUI
Slave segment '/axi_dma_in_0/S_AXI_LITE/Reg' is being assigned into address space '/zynq_ultra_ps_e_0/Data' at <0xA000_0000 [ 64K ]>.
apply_bd_automation -rule xilinx.com:bd_rule:axi4 -config { Clk_master {Auto} Clk_slave {Auto} Clk_xbar {Auto} Master {/zynq_ultra_ps_e_0/M_AXI_HPM0_FPD} Slave {/axi_dma_out_0/S_AXI_LITE} ddr_seg {Auto} intc_ip {New AXI Interconnect} master_apm {0}}  [get_bd_intf_pins axi_dma_out_0/S_AXI_LITE]
Slave segment '/axi_dma_out_0/S_AXI_LITE/Reg' is being assigned into address space '/zynq_ultra_ps_e_0/Data' at <0xA001_0000 [ 64K ]>.
apply_bd_automation -rule xilinx.com:bd_rule:axi4 -config { Clk_master {Auto} Clk_slave {Auto} Clk_xbar {Auto} Master {/zynq_ultra_ps_e_0/M_AXI_HPM0_FPD} Slave {/fir_n11_strm_0/s_axi_control} ddr_seg {Auto} intc_ip {New AXI Interconnect} master_apm {0}}  [get_bd_intf_pins fir_n11_strm_0/s_axi_control]
Slave segment '/fir_n11_strm_0/s_axi_control/Reg' is being assigned into address space '/zynq_ultra_ps_e_0/Data' at <0xA002_0000 [ 64K ]>.
apply_bd_automation -rule xilinx.com:bd_rule:axi4 -config { Clk_master {Auto} Clk_slave {Auto} Clk_xbar {Auto} Master {/axi_dma_in_0/M_AXI_MM2S} Slave {/zynq_ultra_ps_e_0/S_AXI_HP0_FPD} ddr_seg {Auto} intc_ip {New AXI SmartConnect} master_apm {0}}  [get_bd_intf_pins zynq_ultra_ps_e_0/S_AXI_HP0_FPD]
WARNING: [BD 41-1743] Cannot assign slave segment '/zynq_ultra_ps_e_0/SAXIGP2/HP0_DDR_HIGH' into address space '/axi_dma_in_0/Data_MM2S' because no valid addressing path exists. The addressing path from slave segment '/zynq_ultra_ps_e_0/SAXIGP2/HP0_DDR_HIGH' to address space '/axi_dma_in_0/Data_MM2S' terminates at master interface '/axi_dma_in_0/M_AXI_MM2S'. The apertures for this interface {<0x0_0000_0000 [ 4G ]>} do not intersect with previous path apertures {<0x8_0000_0000 [ 32G ]>}. This assignment will be automatically excluded.
Slave segment '/zynq_ultra_ps_e_0/SAXIGP2/HP0_DDR_LOW' is being assigned into address space '/axi_dma_in_0/Data_MM2S' at <0x0000_0000 [ 2G ]>.
Slave segment '/zynq_ultra_ps_e_0/SAXIGP2/HP0_QSPI' is being assigned into address space '/axi_dma_in_0/Data_MM2S' at <0xC000_0000 [ 512M ]>.
Slave segment '/zynq_ultra_ps_e_0/SAXIGP2/HP0_LPS_OCM' is being assigned into address space '/axi_dma_in_0/Data_MM2S' at <0xFF00_0000 [ 16M ]>.
WARNING: [BD 41-1051] Slave segment '/zynq_ultra_ps_e_0/SAXIGP2/HP0_LPS_OCM' with 'register' usage does not match address space '/axi_dma_in_0/Data_MM2S' with 'memory' usage so will be excluded from this address space. Please use the 'include_bd_addr_seg' command to override this precaution if required.
Excluding slave segment /zynq_ultra_ps_e_0/SAXIGP2/HP0_LPS_OCM from address space /axi_dma_in_0/Data_MM2S.
Excluding slave segment /zynq_ultra_ps_e_0/SAXIGP2/HP0_DDR_HIGH from address space /axi_dma_in_0/Data_MM2S.
endgroup
startgroup
apply_bd_automation -rule xilinx.com:bd_rule:axi4 -config { Clk_master {Auto} Clk_slave {/zynq_ultra_ps_e_0/pl_clk0 (99 MHz)} Clk_xbar {/zynq_ultra_ps_e_0/pl_clk0 (99 MHz)} Master {/axi_dma_out_0/M_AXI_S2MM} Slave {/zynq_ultra_ps_e_0/S_AXI_HP0_FPD} ddr_seg {Auto} intc_ip {/axi_smc} master_apm {0}}  [get_bd_intf_pins axi_dma_out_0/M_AXI_S2MM]
WARNING: [BD 41-1743] Cannot assign slave segment '/zynq_ultra_ps_e_0/SAXIGP2/HP0_DDR_HIGH' into address space '/axi_dma_out_0/Data_S2MM' because no valid addressing path exists. The addressing path from slave segment '/zynq_ultra_ps_e_0/SAXIGP2/HP0_DDR_HIGH' to address space '/axi_dma_out_0/Data_S2MM' terminates at master interface '/axi_dma_out_0/M_AXI_S2MM'. The apertures for this interface {<0x0_0000_0000 [ 4G ]>} do not intersect with previous path apertures {<0x8_0000_0000 [ 32G ]>}. This assignment will be automatically excluded.
Slave segment '/zynq_ultra_ps_e_0/SAXIGP2/HP0_DDR_LOW' is being assigned into address space '/axi_dma_out_0/Data_S2MM' at <0x0000_0000 [ 2G ]>.
Slave segment '/zynq_ultra_ps_e_0/SAXIGP2/HP0_QSPI' is being assigned into address space '/axi_dma_out_0/Data_S2MM' at <0xC000_0000 [ 512M ]>.
Slave segment '/zynq_ultra_ps_e_0/SAXIGP2/HP0_LPS_OCM' is being assigned into address space '/axi_dma_out_0/Data_S2MM' at <0xFF00_0000 [ 16M ]>.
WARNING: [BD 41-1051] Slave segment '/zynq_ultra_ps_e_0/SAXIGP2/HP0_LPS_OCM' with 'register' usage does not match address space '/axi_dma_out_0/Data_S2MM' with 'memory' usage so will be excluded from this address space. Please use the 'include_bd_addr_seg' command to override this precaution if required.
Excluding slave segment /zynq_ultra_ps_e_0/SAXIGP2/HP0_LPS_OCM from address space /axi_dma_out_0/Data_S2MM.
Excluding slave segment /zynq_ultra_ps_e_0/SAXIGP2/HP0_DDR_HIGH from address space /axi_dma_out_0/Data_S2MM.
apply_bd_automation -rule xilinx.com:bd_rule:axi4 -config { Clk_master {Auto} Clk_slave {/zynq_ultra_ps_e_0/pl_clk0 (99 MHz)} Clk_xbar {/zynq_ultra_ps_e_0/pl_clk0 (99 MHz)} Master {/zynq_ultra_ps_e_0/M_AXI_HPM1_FPD} Slave {/axi_dma_in_0/S_AXI_LITE} ddr_seg {Auto} intc_ip {/ps8_0_axi_periph} master_apm {0}}  [get_bd_intf_pins zynq_ultra_ps_e_0/M_AXI_HPM1_FPD]
WARNING: [xilinx.com:ip:zynq_ultra_ps_e:3.4-1] /zynq_ultra_ps_e_0</axi_smc/M00_AXI> of </axi_smc> is connected to </zynq_ultra_ps_e_0>. To avoid loops, any interface from </zynq_ultra_ps_e_0> should not be connected to </zynq_ultra_ps_e_0> using </axi_smc>
endgroup
connect_bd_intf_net [get_bd_intf_pins axi_dma_in_0/M_AXIS_MM2S] [get_bd_intf_pins fir_n11_strm_0/pstrmInput]
connect_bd_intf_net [get_bd_intf_pins fir_n11_strm_0/pstrmOutput] [get_bd_intf_pins axi_dma_out_0/S_AXIS_S2MM]
regenerate_bd_layout
make_wrapper -files [get_files /home/ubuntu/course-lab_2/axi_stream_vvd/axi_stream_vvd.srcs/sources_1/bd/design_1/design_1.bd] -top
WARNING: [BD 41-1629] Slave segment </zynq_ultra_ps_e_0/SAXIGP2/HP0_LPS_OCM> is excluded from all addressing paths.
WARNING: [BD 41-1629] Slave segment </zynq_ultra_ps_e_0/SAXIGP2/HP0_DDR_HIGH> is excluded from all addressing paths.
Excluding slave segment /zynq_ultra_ps_e_0/SAXIGP2/HP0_DDR_HIGH from address space /axi_dma_in_0/Data_MM2S.
Excluding slave segment /zynq_ultra_ps_e_0/SAXIGP2/HP0_DDR_HIGH from address space /axi_dma_out_0/Data_S2MM.
Excluding slave segment /zynq_ultra_ps_e_0/SAXIGP2/HP0_LPS_OCM from address space /axi_dma_in_0/Data_MM2S.
Excluding slave segment /zynq_ultra_ps_e_0/SAXIGP2/HP0_LPS_OCM from address space /axi_dma_out_0/Data_S2MM.
Excluding slave segment /zynq_ultra_ps_e_0/SAXIGP2/HP0_DDR_HIGH from address space /axi_dma_in_0/Data_MM2S.
Excluding slave segment /zynq_ultra_ps_e_0/SAXIGP2/HP0_DDR_HIGH from address space /axi_dma_out_0/Data_S2MM.
Excluding slave segment /zynq_ultra_ps_e_0/SAXIGP2/HP0_LPS_OCM from address space /axi_dma_in_0/Data_MM2S.
Excluding slave segment /zynq_ultra_ps_e_0/SAXIGP2/HP0_LPS_OCM from address space /axi_dma_out_0/Data_S2MM.
Excluding slave segment /zynq_ultra_ps_e_0/SAXIGP2/HP0_DDR_HIGH from address space /axi_dma_in_0/Data_MM2S.
Excluding slave segment /zynq_ultra_ps_e_0/SAXIGP2/HP0_DDR_HIGH from address space /axi_dma_out_0/Data_S2MM.
Excluding slave segment /zynq_ultra_ps_e_0/SAXIGP2/HP0_LPS_OCM from address space /axi_dma_in_0/Data_MM2S.
Excluding slave segment /zynq_ultra_ps_e_0/SAXIGP2/HP0_LPS_OCM from address space /axi_dma_out_0/Data_S2MM.
Excluding slave segment /zynq_ultra_ps_e_0/SAXIGP2/HP0_DDR_HIGH from address space /axi_dma_in_0/Data_MM2S.
Excluding slave segment /zynq_ultra_ps_e_0/SAXIGP2/HP0_DDR_HIGH from address space /axi_dma_out_0/Data_S2MM.
Excluding slave segment /zynq_ultra_ps_e_0/SAXIGP2/HP0_LPS_OCM from address space /axi_dma_in_0/Data_MM2S.
Excluding slave segment /zynq_ultra_ps_e_0/SAXIGP2/HP0_LPS_OCM from address space /axi_dma_out_0/Data_S2MM.
Excluding slave segment /zynq_ultra_ps_e_0/SAXIGP2/HP0_DDR_HIGH from address space /axi_dma_in_0/Data_MM2S.
Excluding slave segment /zynq_ultra_ps_e_0/SAXIGP2/HP0_DDR_HIGH from address space /axi_dma_out_0/Data_S2MM.
Excluding slave segment /zynq_ultra_ps_e_0/SAXIGP2/HP0_LPS_OCM from address space /axi_dma_in_0/Data_MM2S.
Excluding slave segment /zynq_ultra_ps_e_0/SAXIGP2/HP0_LPS_OCM from address space /axi_dma_out_0/Data_S2MM.
Excluding slave segment /zynq_ultra_ps_e_0/SAXIGP2/HP0_DDR_HIGH from address space /axi_dma_in_0/Data_MM2S.
Excluding slave segment /zynq_ultra_ps_e_0/SAXIGP2/HP0_DDR_HIGH from address space /axi_dma_out_0/Data_S2MM.
Excluding slave segment /zynq_ultra_ps_e_0/SAXIGP2/HP0_LPS_OCM from address space /axi_dma_in_0/Data_MM2S.
Excluding slave segment /zynq_ultra_ps_e_0/SAXIGP2/HP0_LPS_OCM from address space /axi_dma_out_0/Data_S2MM.
Excluding slave segment /zynq_ultra_ps_e_0/SAXIGP2/HP0_DDR_HIGH from address space /axi_dma_in_0/Data_MM2S.
Excluding slave segment /zynq_ultra_ps_e_0/SAXIGP2/HP0_DDR_HIGH from address space /axi_dma_out_0/Data_S2MM.
Excluding slave segment /zynq_ultra_ps_e_0/SAXIGP2/HP0_LPS_OCM from address space /axi_dma_in_0/Data_MM2S.
Excluding slave segment /zynq_ultra_ps_e_0/SAXIGP2/HP0_LPS_OCM from address space /axi_dma_out_0/Data_S2MM.
Excluding slave segment /zynq_ultra_ps_e_0/SAXIGP2/HP0_DDR_HIGH from address space /axi_dma_in_0/Data_MM2S.
Excluding slave segment /zynq_ultra_ps_e_0/SAXIGP2/HP0_DDR_HIGH from address space /axi_dma_out_0/Data_S2MM.
Excluding slave segment /zynq_ultra_ps_e_0/SAXIGP2/HP0_LPS_OCM from address space /axi_dma_in_0/Data_MM2S.
Excluding slave segment /zynq_ultra_ps_e_0/SAXIGP2/HP0_LPS_OCM from address space /axi_dma_out_0/Data_S2MM.
Excluding slave segment /zynq_ultra_ps_e_0/SAXIGP2/HP0_DDR_HIGH from address space /axi_dma_in_0/Data_MM2S.
Excluding slave segment /zynq_ultra_ps_e_0/SAXIGP2/HP0_DDR_HIGH from address space /axi_dma_out_0/Data_S2MM.
Excluding slave segment /zynq_ultra_ps_e_0/SAXIGP2/HP0_LPS_OCM from address space /axi_dma_in_0/Data_MM2S.
Excluding slave segment /zynq_ultra_ps_e_0/SAXIGP2/HP0_LPS_OCM from address space /axi_dma_out_0/Data_S2MM.
Excluding slave segment /zynq_ultra_ps_e_0/SAXIGP2/HP0_DDR_HIGH from address space /axi_dma_in_0/Data_MM2S.
Excluding slave segment /zynq_ultra_ps_e_0/SAXIGP2/HP0_DDR_HIGH from address space /axi_dma_out_0/Data_S2MM.
Excluding slave segment /zynq_ultra_ps_e_0/SAXIGP2/HP0_LPS_OCM from address space /axi_dma_in_0/Data_MM2S.
Excluding slave segment /zynq_ultra_ps_e_0/SAXIGP2/HP0_LPS_OCM from address space /axi_dma_out_0/Data_S2MM.
Excluding slave segment /zynq_ultra_ps_e_0/SAXIGP2/HP0_DDR_HIGH from address space /axi_dma_in_0/Data_MM2S.
Excluding slave segment /zynq_ultra_ps_e_0/SAXIGP2/HP0_DDR_HIGH from address space /axi_dma_out_0/Data_S2MM.
Excluding slave segment /zynq_ultra_ps_e_0/SAXIGP2/HP0_LPS_OCM from address space /axi_dma_in_0/Data_MM2S.
Excluding slave segment /zynq_ultra_ps_e_0/SAXIGP2/HP0_LPS_OCM from address space /axi_dma_out_0/Data_S2MM.
INFO: [xilinx.com:ip:smartconnect:1.0-1] design_1_axi_smc_0: SmartConnect design_1_axi_smc_0 is in High-performance Mode.
INFO: [Ipptcl 7-1463] No Compatible Board Interface found. Board Tab not created in customize GUI
Excluding slave segment /zynq_ultra_ps_e_0/SAXIGP2/HP0_DDR_HIGH from address space /axi_dma_in_0/Data_MM2S.
Excluding slave segment /zynq_ultra_ps_e_0/SAXIGP2/HP0_DDR_HIGH from address space /axi_dma_out_0/Data_S2MM.
Excluding slave segment /zynq_ultra_ps_e_0/SAXIGP2/HP0_LPS_OCM from address space /axi_dma_in_0/Data_MM2S.
Excluding slave segment /zynq_ultra_ps_e_0/SAXIGP2/HP0_LPS_OCM from address space /axi_dma_out_0/Data_S2MM.
Excluding slave segment /zynq_ultra_ps_e_0/SAXIGP2/HP0_DDR_HIGH from address space /axi_dma_in_0/Data_MM2S.
Excluding slave segment /zynq_ultra_ps_e_0/SAXIGP2/HP0_DDR_HIGH from address space /axi_dma_out_0/Data_S2MM.
Excluding slave segment /zynq_ultra_ps_e_0/SAXIGP2/HP0_LPS_OCM from address space /axi_dma_in_0/Data_MM2S.
Excluding slave segment /zynq_ultra_ps_e_0/SAXIGP2/HP0_LPS_OCM from address space /axi_dma_out_0/Data_S2MM.
Excluding slave segment /zynq_ultra_ps_e_0/SAXIGP2/HP0_DDR_HIGH from address space /axi_dma_in_0/Data_MM2S.
Excluding slave segment /zynq_ultra_ps_e_0/SAXIGP2/HP0_DDR_HIGH from address space /axi_dma_out_0/Data_S2MM.
Excluding slave segment /zynq_ultra_ps_e_0/SAXIGP2/HP0_LPS_OCM from address space /axi_dma_in_0/Data_MM2S.
Excluding slave segment /zynq_ultra_ps_e_0/SAXIGP2/HP0_LPS_OCM from address space /axi_dma_out_0/Data_S2MM.
WARNING: [BD 41-237] Bus Interface property AWUSER_WIDTH does not match between /ps8_0_axi_periph/s00_couplers/auto_ds/S_AXI(0) and /zynq_ultra_ps_e_0/M_AXI_HPM0_FPD(16)
WARNING: [BD 41-237] Bus Interface property ARUSER_WIDTH does not match between /ps8_0_axi_periph/s00_couplers/auto_ds/S_AXI(0) and /zynq_ultra_ps_e_0/M_AXI_HPM0_FPD(16)
WARNING: [BD 41-237] Bus Interface property AWUSER_WIDTH does not match between /ps8_0_axi_periph/s01_couplers/auto_ds/S_AXI(0) and /zynq_ultra_ps_e_0/M_AXI_HPM1_FPD(16)
WARNING: [BD 41-237] Bus Interface property ARUSER_WIDTH does not match between /ps8_0_axi_periph/s01_couplers/auto_ds/S_AXI(0) and /zynq_ultra_ps_e_0/M_AXI_HPM1_FPD(16)
WARNING: [BD 41-237] Bus Interface property AWUSER_WIDTH does not match between /zynq_ultra_ps_e_0/S_AXI_HP0_FPD(1) and /axi_smc/M00_AXI(0)
WARNING: [BD 41-237] Bus Interface property ARUSER_WIDTH does not match between /zynq_ultra_ps_e_0/S_AXI_HP0_FPD(1) and /axi_smc/M00_AXI(0)
Wrote  : </home/ubuntu/course-lab_2/axi_stream_vvd/axi_stream_vvd.srcs/sources_1/bd/design_1/design_1.bd> 
Wrote  : </home/ubuntu/course-lab_2/axi_stream_vvd/axi_stream_vvd.srcs/sources_1/bd/design_1/ui/bd_1f5defd0.ui> 
Verilog Output written to : /home/ubuntu/course-lab_2/axi_stream_vvd/axi_stream_vvd.gen/sources_1/bd/design_1/synth/design_1.v
Verilog Output written to : /home/ubuntu/course-lab_2/axi_stream_vvd/axi_stream_vvd.gen/sources_1/bd/design_1/sim/design_1.v
Verilog Output written to : /home/ubuntu/course-lab_2/axi_stream_vvd/axi_stream_vvd.gen/sources_1/bd/design_1/hdl/design_1_wrapper.v
make_wrapper: Time (s): cpu = 00:00:25 ; elapsed = 00:00:24 . Memory (MB): peak = 9176.637 ; gain = 27.641 ; free physical = 4115 ; free virtual = 8874
add_files -norecurse /home/ubuntu/course-lab_2/axi_stream_vvd/axi_stream_vvd.gen/sources_1/bd/design_1/hdl/design_1_wrapper.v
launch_runs impl_1 -to_step write_bitstream -jobs 2
INFO: [BD 41-1662] The design 'design_1.bd' is already validated. Therefore parameter propagation will not be re-run.
Wrote  : </home/ubuntu/course-lab_2/axi_stream_vvd/axi_stream_vvd.srcs/sources_1/bd/design_1/ui/bd_1f5defd0.ui> 
Verilog Output written to : /home/ubuntu/course-lab_2/axi_stream_vvd/axi_stream_vvd.gen/sources_1/bd/design_1/synth/design_1.v
Verilog Output written to : /home/ubuntu/course-lab_2/axi_stream_vvd/axi_stream_vvd.gen/sources_1/bd/design_1/sim/design_1.v
Verilog Output written to : /home/ubuntu/course-lab_2/axi_stream_vvd/axi_stream_vvd.gen/sources_1/bd/design_1/hdl/design_1_wrapper.v
INFO: [xilinx.com:ip:zynq_ultra_ps_e:3.4-0] design_1_zynq_ultra_ps_e_0_0: 
Changes in your design (including the PCW configuration settings) are not automatically exported from Vivado to Xilinx's SDK, Petalinux or Yocto.
This is by design to avoid disrupting existing embedded development efforts. To have any changes of your design taking effect in the embedded software flow please export your
design by going through Vivado's main menu, click on File, then Export finally select Export Hardware, please ensure you click on the Include BitStream option.
The auto-generated HDF file is all you need to import in Xilinx's SDK, Petalinux or Yocto for your changes to be reflected in the Embedded Software Flow.
For more information, please consult PG201, section: Exporting PCW Settings to Embedded Software Flows
INFO: [PSU-0] Address Range of DDR (0x7ff00000 to 0x7fffffff) is reserved by PMU for internal purpose.
INFO: [IP_Flow 19-5611] Unable to find an associated reset port for the interface 'M_AXI_HPM0_FPD'. A default connection has been created.
INFO: [IP_Flow 19-5611] Unable to find an associated reset port for the interface 'M_AXI_HPM1_FPD'. A default connection has been created.
INFO: [IP_Flow 19-5611] Unable to find an associated reset port for the interface 'S_AXI_HP0_FPD'. A default connection has been created.
INFO: [BD 41-1029] Generation completed for the IP Integrator block zynq_ultra_ps_e_0 .
INFO: [BD 41-1029] Generation completed for the IP Integrator block fir_n11_strm_0 .
INFO: [BD 41-1029] Generation completed for the IP Integrator block axi_dma_in_0 .
INFO: [BD 41-1029] Generation completed for the IP Integrator block axi_dma_out_0 .
INFO: [BD 41-1029] Generation completed for the IP Integrator block ps8_0_axi_periph/xbar .
WARNING: [IP_Flow 19-4994] Overwriting existing constraint file '/home/ubuntu/course-lab_2/axi_stream_vvd/axi_stream_vvd.gen/sources_1/bd/design_1/ip/design_1_auto_ds_0/design_1_auto_ds_0_ooc.xdc'
INFO: [IP_Flow 19-5611] Unable to find an associated reset port for the interface 'S_AXI'. A default connection has been created.
INFO: [IP_Flow 19-5611] Unable to find an associated reset port for the interface 'M_AXI'. A default connection has been created.
INFO: [BD 41-1029] Generation completed for the IP Integrator block ps8_0_axi_periph/s00_couplers/auto_ds .
WARNING: [IP_Flow 19-4994] Overwriting existing constraint file '/home/ubuntu/course-lab_2/axi_stream_vvd/axi_stream_vvd.gen/sources_1/bd/design_1/ip/design_1_auto_pc_0/design_1_auto_pc_0_ooc.xdc'
INFO: [BD 41-1029] Generation completed for the IP Integrator block ps8_0_axi_periph/s00_couplers/auto_pc .
WARNING: [IP_Flow 19-4994] Overwriting existing constraint file '/home/ubuntu/course-lab_2/axi_stream_vvd/axi_stream_vvd.gen/sources_1/bd/design_1/ip/design_1_auto_ds_1/design_1_auto_ds_1_ooc.xdc'
INFO: [IP_Flow 19-5611] Unable to find an associated reset port for the interface 'S_AXI'. A default connection has been created.
INFO: [IP_Flow 19-5611] Unable to find an associated reset port for the interface 'M_AXI'. A default connection has been created.
INFO: [BD 41-1029] Generation completed for the IP Integrator block ps8_0_axi_periph/s01_couplers/auto_ds .
WARNING: [IP_Flow 19-4994] Overwriting existing constraint file '/home/ubuntu/course-lab_2/axi_stream_vvd/axi_stream_vvd.gen/sources_1/bd/design_1/ip/design_1_auto_pc_1/design_1_auto_pc_1_ooc.xdc'
INFO: [BD 41-1029] Generation completed for the IP Integrator block ps8_0_axi_periph/s01_couplers/auto_pc .
INFO: [BD 41-1029] Generation completed for the IP Integrator block rst_ps8_0_99M .
Exporting to file /home/ubuntu/course-lab_2/axi_stream_vvd/axi_stream_vvd.gen/sources_1/bd/design_1/ip/design_1_axi_smc_0/bd_0/hw_handoff/design_1_axi_smc_0.hwh
Generated Hardware Definition File /home/ubuntu/course-lab_2/axi_stream_vvd/axi_stream_vvd.gen/sources_1/bd/design_1/ip/design_1_axi_smc_0/bd_0/synth/design_1_axi_smc_0.hwdef
INFO: [BD 41-1029] Generation completed for the IP Integrator block axi_smc .
Exporting to file /home/ubuntu/course-lab_2/axi_stream_vvd/axi_stream_vvd.gen/sources_1/bd/design_1/hw_handoff/design_1.hwh
Generated Hardware Definition File /home/ubuntu/course-lab_2/axi_stream_vvd/axi_stream_vvd.gen/sources_1/bd/design_1/synth/design_1.hwdef
[Wed Sep 27 06:33:12 2023] Launched design_1_xbar_0_synth_1, design_1_auto_ds_0_synth_1, design_1_fir_n11_strm_0_0_synth_1, design_1_auto_ds_1_synth_1, design_1_axi_smc_0_synth_1, design_1_rst_ps8_0_99M_0_synth_1, design_1_auto_pc_1_synth_1, design_1_axi_dma_0_1_synth_1, design_1_axi_dma_0_0_synth_1, design_1_zynq_ultra_ps_e_0_0_synth_1, design_1_auto_pc_0_synth_1, synth_1...
Run output will be captured here:
design_1_xbar_0_synth_1: /home/ubuntu/course-lab_2/axi_stream_vvd/axi_stream_vvd.runs/design_1_xbar_0_synth_1/runme.log
design_1_auto_ds_0_synth_1: /home/ubuntu/course-lab_2/axi_stream_vvd/axi_stream_vvd.runs/design_1_auto_ds_0_synth_1/runme.log
design_1_fir_n11_strm_0_0_synth_1: /home/ubuntu/course-lab_2/axi_stream_vvd/axi_stream_vvd.runs/design_1_fir_n11_strm_0_0_synth_1/runme.log
design_1_auto_ds_1_synth_1: /home/ubuntu/course-lab_2/axi_stream_vvd/axi_stream_vvd.runs/design_1_auto_ds_1_synth_1/runme.log
design_1_axi_smc_0_synth_1: /home/ubuntu/course-lab_2/axi_stream_vvd/axi_stream_vvd.runs/design_1_axi_smc_0_synth_1/runme.log
design_1_rst_ps8_0_99M_0_synth_1: /home/ubuntu/course-lab_2/axi_stream_vvd/axi_stream_vvd.runs/design_1_rst_ps8_0_99M_0_synth_1/runme.log
design_1_auto_pc_1_synth_1: /home/ubuntu/course-lab_2/axi_stream_vvd/axi_stream_vvd.runs/design_1_auto_pc_1_synth_1/runme.log
design_1_axi_dma_0_1_synth_1: /home/ubuntu/course-lab_2/axi_stream_vvd/axi_stream_vvd.runs/design_1_axi_dma_0_1_synth_1/runme.log
design_1_axi_dma_0_0_synth_1: /home/ubuntu/course-lab_2/axi_stream_vvd/axi_stream_vvd.runs/design_1_axi_dma_0_0_synth_1/runme.log
design_1_zynq_ultra_ps_e_0_0_synth_1: /home/ubuntu/course-lab_2/axi_stream_vvd/axi_stream_vvd.runs/design_1_zynq_ultra_ps_e_0_0_synth_1/runme.log
design_1_auto_pc_0_synth_1: /home/ubuntu/course-lab_2/axi_stream_vvd/axi_stream_vvd.runs/design_1_auto_pc_0_synth_1/runme.log
synth_1: /home/ubuntu/course-lab_2/axi_stream_vvd/axi_stream_vvd.runs/synth_1/runme.log
[Wed Sep 27 06:33:13 2023] Launched impl_1...
Run output will be captured here: /home/ubuntu/course-lab_2/axi_stream_vvd/axi_stream_vvd.runs/impl_1/runme.log
launch_runs: Time (s): cpu = 00:01:04 ; elapsed = 00:01:01 . Memory (MB): peak = 9376.797 ; gain = 154.895 ; free physical = 3908 ; free virtual = 8823
open_run impl_1
INFO: [Device 21-403] Loading part xck26-sfvc784-2LV-c
Netlist sorting complete. Time (s): cpu = 00:00:01 ; elapsed = 00:00:01 . Memory (MB): peak = 10192.234 ; gain = 0.000 ; free physical = 4612 ; free virtual = 8199
INFO: [Netlist 29-17] Analyzing 258 Unisim elements for replacement
INFO: [Netlist 29-28] Unisim Transformation completed in 1 CPU seconds
INFO: [Project 1-479] Netlist was created with Vivado 2022.1
INFO: [Project 1-570] Preparing netlist for logic optimization
INFO: [Timing 38-478] Restoring timing data from binary archive.
INFO: [Timing 38-479] Binary timing data restore complete.
INFO: [Project 1-856] Restoring constraints from binary archive.
INFO: [Constraints 18-5170] The checkpoint was created with non-default parameter values which do not match the current Vivado settings.  Mismatching parameters are:
  general.maxThreads
INFO: [Project 1-853] Binary constraint restore complete.
Reading XDEF placement.
Reading placer database...
Reading XDEF routing.
Read XDEF Files: Time (s): cpu = 00:00:05 ; elapsed = 00:00:05 . Memory (MB): peak = 10411.191 ; gain = 38.484 ; free physical = 4154 ; free virtual = 7742
Restored from archive | CPU: 4.740000 secs | Memory: 19.433281 MB |
Finished XDEF File Restore: Time (s): cpu = 00:00:05 ; elapsed = 00:00:05 . Memory (MB): peak = 10411.191 ; gain = 38.484 ; free physical = 4154 ; free virtual = 7742
Netlist sorting complete. Time (s): cpu = 00:00:00.01 ; elapsed = 00:00:00 . Memory (MB): peak = 10797.598 ; gain = 0.000 ; free physical = 3778 ; free virtual = 7367
INFO: [Project 1-111] Unisim Transformation Summary:
  A total of 155 instances were transformed.
  DSP48E2 => DSP48E2 (DSP_ALU, DSP_A_B_DATA, DSP_C_DATA, DSP_MULTIPLIER, DSP_M_DATA, DSP_OUTPUT, DSP_PREADD, DSP_PREADD_DATA): 33 instances
  RAM16X1D => RAM32X1D (RAMD32(x2)): 33 instances
  RAM32M => RAM32M (RAMD32(x6), RAMS32(x2)): 1 instance 
  RAM32M16 => RAM32M16 (RAMD32(x14), RAMS32(x2)): 84 instances
  RAM32X1D => RAM32X1D (RAMD32(x2)): 4 instances

open_run: Time (s): cpu = 00:01:22 ; elapsed = 00:01:10 . Memory (MB): peak = 11114.504 ; gain = 1737.707 ; free physical = 3515 ; free virtual = 7108
open_report: Time (s): cpu = 00:00:38 ; elapsed = 00:00:22 . Memory (MB): peak = 11475.348 ; gain = 360.844 ; free physical = 3179 ; free virtual = 6772
exit
INFO: [Common 17-206] Exiting Vivado at Sat Sep 30 00:46:08 2023...
