

================================================================
== Vitis HLS Report for 'fir_n11_strm_Pipeline_XFER_LOOP'
================================================================
* Date:           Sat Sep 30 01:45:07 2023

* Version:        2022.1 (Build 3526262 on Mon Apr 18 15:47:01 MDT 2022)
* Project:        axi_stream_hls
* Solution:       solution1 (Vivado IP Flow Target)
* Product family: zynquplus
* Target device:  xck26-sfvc784-2LV-c


================================================================
== Performance Estimates
================================================================
+ Timing: 
    * Summary: 
    +--------+----------+----------+------------+
    |  Clock |  Target  | Estimated| Uncertainty|
    +--------+----------+----------+------------+
    |ap_clk  |  10.00 ns|  6.290 ns|     2.70 ns|
    +--------+----------+----------+------------+

+ Latency: 
    * Summary: 
    +---------+---------+----------+----------+-----+-----+---------+
    |  Latency (cycles) |  Latency (absolute) |  Interval | Pipeline|
    |   min   |   max   |    min   |    max   | min | max |   Type  |
    +---------+---------+----------+----------+-----+-----+---------+
    |        ?|        ?|         ?|         ?|    ?|    ?|       no|
    +---------+---------+----------+----------+-----+-----+---------+

    + Detail: 
        * Instance: 
        N/A

        * Loop: 
        +-------------+---------+---------+----------+-----------+-----------+------+----------+
        |             |  Latency (cycles) | Iteration|  Initiation Interval  | Trip |          |
        |  Loop Name  |   min   |   max   |  Latency |  achieved |   target  | Count| Pipelined|
        +-------------+---------+---------+----------+-----------+-----------+------+----------+
        |- XFER_LOOP  |        ?|        ?|        12|         11|          1|     ?|       yes|
        +-------------+---------+---------+----------+-----------+-----------+------+----------+

============================================================
+ Verbose Summary: Synthesis Manager
============================================================
InlineROM: 1
ExposeGlobal: 0
============================================================
+ Verbose Summary: CDFG Model
============================================================
IsTopModel: 0
ResetActiveHigh: 1
IsCombinational: 0
IsDatapathOnly: 0
HasWiredReturn: 1
HasMFsm: 2
HasVarLatency: 1
IsPipeline: 0
IsRtlPipelined: 0
IsInstanceOverlapped: 0
IsDontTouch: 0
HasImplIP: 0
IsGatedGlobalClock: 0

+ Individual pipeline summary: 
  * Pipeline-0: initiation interval (II) = 11, depth = 12


============================================================
+ Verbose Summary: Schedule
============================================================
* Number of FSM states : 12
* Pipeline : 1
  Pipeline-0 : II = 11, D = 12, States = { 1 2 3 4 5 6 7 8 9 10 11 12 }
* Dataflow Pipeline: 0

* FSM state transitions: 
1 --> 2 
2 --> 3 
3 --> 4 
4 --> 5 
5 --> 6 
6 --> 7 
7 --> 8 
8 --> 9 
9 --> 10 
10 --> 11 
11 --> 12 
12 --> 

* FSM state operations: 

State 1 <SV = 0> <Delay = 0.99>
ST_1 : Operation 15 [1/1] (0.00ns)   --->   "%n32XferCnt = alloca i32 1"   --->   Operation 15 'alloca' 'n32XferCnt' <Predicate = true> <Delay = 0.00>
ST_1 : Operation 16 [1/1] (0.00ns)   --->   "%specmemcore_ln0 = specmemcore void @_ssdm_op_SpecMemCore, i32 %an32Coef, i64 666, i64 207, i64 1"   --->   Operation 16 'specmemcore' 'specmemcore_ln0' <Predicate = true> <Delay = 0.00>
ST_1 : Operation 17 [1/1] (0.00ns)   --->   "%specinterface_ln0 = specinterface void @_ssdm_op_SpecInterface, i32 %an32Coef, void @empty_9, i32 0, i32 0, void @empty_5, i32 1, i32 0, void @empty_5, void @empty_5, void @empty_5, i32 0, i32 0, i32 0, i32 0, void @empty_5, void @empty_5, i32 4294967295, i32 0"   --->   Operation 17 'specinterface' 'specinterface_ln0' <Predicate = true> <Delay = 0.00>
ST_1 : Operation 18 [1/1] (0.00ns)   --->   "%specinterface_ln0 = specinterface void @_ssdm_op_SpecInterface, i1 %pstrmOutput_V_dest_V, i1 %pstrmOutput_V_id_V, i1 %pstrmOutput_V_last_V, i1 %pstrmOutput_V_user_V, i4 %pstrmOutput_V_strb_V, i4 %pstrmOutput_V_keep_V, i32 %pstrmOutput_V_data_V, void @empty_6, i32 0, i32 0, void @empty_3, i32 0, i32 0, void @empty_5, void @empty_5, void @empty_5, i32 0, i32 0, i32 0, i32 0, void @empty_5, void @empty_5, i32 4294967295, i32 0"   --->   Operation 18 'specinterface' 'specinterface_ln0' <Predicate = true> <Delay = 0.00>
ST_1 : Operation 19 [1/1] (0.00ns)   --->   "%specinterface_ln0 = specinterface void @_ssdm_op_SpecInterface, i1 %pstrmInput_V_dest_V, i1 %pstrmInput_V_id_V, i1 %pstrmInput_V_last_V, i1 %pstrmInput_V_user_V, i4 %pstrmInput_V_strb_V, i4 %pstrmInput_V_keep_V, i32 %pstrmInput_V_data_V, void @empty_6, i32 0, i32 0, void @empty_3, i32 0, i32 0, void @empty_5, void @empty_5, void @empty_5, i32 0, i32 0, i32 0, i32 0, void @empty_5, void @empty_5, i32 4294967295, i32 0"   --->   Operation 19 'specinterface' 'specinterface_ln0' <Predicate = true> <Delay = 0.00>
ST_1 : Operation 20 [1/1] (0.00ns)   --->   "%zext_ln20_read = read i31 @_ssdm_op_Read.ap_auto.i31, i31 %zext_ln20"   --->   Operation 20 'read' 'zext_ln20_read' <Predicate = true> <Delay = 0.00>
ST_1 : Operation 21 [1/1] (0.42ns)   --->   "%store_ln0 = store i31 0, i31 %n32XferCnt"   --->   Operation 21 'store' 'store_ln0' <Predicate = true> <Delay = 0.42>
ST_1 : Operation 22 [1/1] (0.00ns)   --->   "%br_ln0 = br void %SHIFT_ACC_LOOP"   --->   Operation 22 'br' 'br_ln0' <Predicate = true> <Delay = 0.00>
ST_1 : Operation 23 [1/1] (0.00ns)   --->   "%n32XferCnt_load = load i31 %n32XferCnt"   --->   Operation 23 'load' 'n32XferCnt_load' <Predicate = true> <Delay = 0.00>
ST_1 : Operation 24 [1/1] (0.00ns)   --->   "%an32Coef_addr_10 = getelementptr i32 %an32Coef, i64 0, i64 10" [hls_FIRN11Stream/FIR.cpp:35]   --->   Operation 24 'getelementptr' 'an32Coef_addr_10' <Predicate = true> <Delay = 0.00>
ST_1 : Operation 25 [1/1] (0.99ns)   --->   "%icmp_ln22 = icmp_ult  i31 %n32XferCnt_load, i31 %zext_ln20_read" [hls_FIRN11Stream/FIR.cpp:22]   --->   Operation 25 'icmp' 'icmp_ln22' <Predicate = true> <Delay = 0.99> <CoreInst = "Cmp">   --->   Core 9 'Cmp' <Latency = 0> <II = 1> <Delay = 0.99> <FuncUnit> <Opcode : 'icmp'> <InPorts = 2> <OutPorts = 1>
ST_1 : Operation 26 [1/1] (0.00ns)   --->   "%br_ln22 = br i1 %icmp_ln22, void %SHIFT_ACC_LOOP.for.end21.loopexit_crit_edge.exitStub, void %SHIFT_ACC_LOOP.split" [hls_FIRN11Stream/FIR.cpp:22]   --->   Operation 26 'br' 'br_ln22' <Predicate = true> <Delay = 0.00>
ST_1 : Operation 27 [2/2] (0.67ns)   --->   "%an32Coef_load = load i4 %an32Coef_addr_10" [hls_FIRN11Stream/FIR.cpp:35]   --->   Operation 27 'load' 'an32Coef_load' <Predicate = (icmp_ln22)> <Delay = 0.67> <CoreInst = "RAM_1P">   --->   Core 88 'RAM_1P' <Latency = 1> <II = 1> <Delay = 0.67> <Storage> <Opcode : 'load' 'store'> <Ports = 1> <Width = 32> <Depth = 12> <RAM>

State 2 <SV = 1> <Delay = 4.09>
ST_2 : Operation 28 [1/1] (0.00ns)   --->   "%an32Coef_addr_9 = getelementptr i32 %an32Coef, i64 0, i64 9" [hls_FIRN11Stream/FIR.cpp:35]   --->   Operation 28 'getelementptr' 'an32Coef_addr_9' <Predicate = true> <Delay = 0.00>
ST_2 : Operation 29 [1/1] (0.00ns)   --->   "%an32ShiftReg_9_load = load i32 %an32ShiftReg_9" [hls_FIRN11Stream/FIR.cpp:32]   --->   Operation 29 'load' 'an32ShiftReg_9_load' <Predicate = (icmp_ln22)> <Delay = 0.00>
ST_2 : Operation 30 [1/2] (0.67ns)   --->   "%an32Coef_load = load i4 %an32Coef_addr_10" [hls_FIRN11Stream/FIR.cpp:35]   --->   Operation 30 'load' 'an32Coef_load' <Predicate = (icmp_ln22)> <Delay = 0.67> <CoreInst = "RAM_1P">   --->   Core 88 'RAM_1P' <Latency = 1> <II = 1> <Delay = 0.67> <Storage> <Opcode : 'load' 'store'> <Ports = 1> <Width = 32> <Depth = 12> <RAM>
ST_2 : Operation 31 [1/1] (3.42ns)   --->   "%mul_ln35 = mul i32 %an32Coef_load, i32 %an32ShiftReg_9_load" [hls_FIRN11Stream/FIR.cpp:35]   --->   Operation 31 'mul' 'mul_ln35' <Predicate = (icmp_ln22)> <Delay = 3.42> <CoreInst = "Multiplier">   --->   Core 3 'Multiplier' <Latency = 0> <II = 1> <Delay = 3.42> <FuncUnit> <Opcode : 'mul'> <InPorts = 2> <OutPorts = 1>
ST_2 : Operation 32 [2/2] (0.67ns)   --->   "%an32Coef_load_1 = load i4 %an32Coef_addr_9" [hls_FIRN11Stream/FIR.cpp:35]   --->   Operation 32 'load' 'an32Coef_load_1' <Predicate = (icmp_ln22)> <Delay = 0.67> <CoreInst = "RAM_1P">   --->   Core 88 'RAM_1P' <Latency = 1> <II = 1> <Delay = 0.67> <Storage> <Opcode : 'load' 'store'> <Ports = 1> <Width = 32> <Depth = 12> <RAM>

State 3 <SV = 2> <Delay = 5.11>
ST_3 : Operation 33 [1/1] (0.00ns)   --->   "%an32Coef_addr_8 = getelementptr i32 %an32Coef, i64 0, i64 8" [hls_FIRN11Stream/FIR.cpp:35]   --->   Operation 33 'getelementptr' 'an32Coef_addr_8' <Predicate = true> <Delay = 0.00>
ST_3 : Operation 34 [1/1] (0.00ns)   --->   "%an32ShiftReg_8_load = load i32 %an32ShiftReg_8" [hls_FIRN11Stream/FIR.cpp:32]   --->   Operation 34 'load' 'an32ShiftReg_8_load' <Predicate = (icmp_ln22)> <Delay = 0.00>
ST_3 : Operation 35 [1/1] (0.00ns)   --->   "%store_ln32 = store i32 %an32ShiftReg_8_load, i32 %an32ShiftReg_9" [hls_FIRN11Stream/FIR.cpp:32]   --->   Operation 35 'store' 'store_ln32' <Predicate = (icmp_ln22)> <Delay = 0.00>
ST_3 : Operation 36 [1/2] (0.67ns)   --->   "%an32Coef_load_1 = load i4 %an32Coef_addr_9" [hls_FIRN11Stream/FIR.cpp:35]   --->   Operation 36 'load' 'an32Coef_load_1' <Predicate = (icmp_ln22)> <Delay = 0.67> <CoreInst = "RAM_1P">   --->   Core 88 'RAM_1P' <Latency = 1> <II = 1> <Delay = 0.67> <Storage> <Opcode : 'load' 'store'> <Ports = 1> <Width = 32> <Depth = 12> <RAM>
ST_3 : Operation 37 [1/1] (3.42ns)   --->   "%mul_ln35_1 = mul i32 %an32Coef_load_1, i32 %an32ShiftReg_8_load" [hls_FIRN11Stream/FIR.cpp:35]   --->   Operation 37 'mul' 'mul_ln35_1' <Predicate = (icmp_ln22)> <Delay = 3.42> <CoreInst = "Multiplier">   --->   Core 3 'Multiplier' <Latency = 0> <II = 1> <Delay = 3.42> <FuncUnit> <Opcode : 'mul'> <InPorts = 2> <OutPorts = 1>
ST_3 : Operation 38 [2/2] (0.67ns)   --->   "%an32Coef_load_2 = load i4 %an32Coef_addr_8" [hls_FIRN11Stream/FIR.cpp:35]   --->   Operation 38 'load' 'an32Coef_load_2' <Predicate = (icmp_ln22)> <Delay = 0.67> <CoreInst = "RAM_1P">   --->   Core 88 'RAM_1P' <Latency = 1> <II = 1> <Delay = 0.67> <Storage> <Opcode : 'load' 'store'> <Ports = 1> <Width = 32> <Depth = 12> <RAM>
ST_3 : Operation 39 [1/1] (1.01ns)   --->   "%add_ln35 = add i32 %mul_ln35_1, i32 %mul_ln35" [hls_FIRN11Stream/FIR.cpp:35]   --->   Operation 39 'add' 'add_ln35' <Predicate = (icmp_ln22)> <Delay = 1.01> <CoreInst = "Adder">   --->   Core 1 'Adder' <Latency = 0> <II = 1> <Delay = 1.01> <FuncUnit> <Opcode : 'add' 'sub'> <InPorts = 2> <OutPorts = 1>

State 4 <SV = 3> <Delay = 4.09>
ST_4 : Operation 40 [1/1] (0.00ns)   --->   "%an32Coef_addr_7 = getelementptr i32 %an32Coef, i64 0, i64 7" [hls_FIRN11Stream/FIR.cpp:35]   --->   Operation 40 'getelementptr' 'an32Coef_addr_7' <Predicate = true> <Delay = 0.00>
ST_4 : Operation 41 [1/1] (0.00ns)   --->   "%an32ShiftReg_7_load = load i32 %an32ShiftReg_7" [hls_FIRN11Stream/FIR.cpp:32]   --->   Operation 41 'load' 'an32ShiftReg_7_load' <Predicate = (icmp_ln22)> <Delay = 0.00>
ST_4 : Operation 42 [1/1] (0.00ns)   --->   "%store_ln32 = store i32 %an32ShiftReg_7_load, i32 %an32ShiftReg_8" [hls_FIRN11Stream/FIR.cpp:32]   --->   Operation 42 'store' 'store_ln32' <Predicate = (icmp_ln22)> <Delay = 0.00>
ST_4 : Operation 43 [1/2] (0.67ns)   --->   "%an32Coef_load_2 = load i4 %an32Coef_addr_8" [hls_FIRN11Stream/FIR.cpp:35]   --->   Operation 43 'load' 'an32Coef_load_2' <Predicate = (icmp_ln22)> <Delay = 0.67> <CoreInst = "RAM_1P">   --->   Core 88 'RAM_1P' <Latency = 1> <II = 1> <Delay = 0.67> <Storage> <Opcode : 'load' 'store'> <Ports = 1> <Width = 32> <Depth = 12> <RAM>
ST_4 : Operation 44 [1/1] (3.42ns)   --->   "%mul_ln35_2 = mul i32 %an32Coef_load_2, i32 %an32ShiftReg_7_load" [hls_FIRN11Stream/FIR.cpp:35]   --->   Operation 44 'mul' 'mul_ln35_2' <Predicate = (icmp_ln22)> <Delay = 3.42> <CoreInst = "Multiplier">   --->   Core 3 'Multiplier' <Latency = 0> <II = 1> <Delay = 3.42> <FuncUnit> <Opcode : 'mul'> <InPorts = 2> <OutPorts = 1>
ST_4 : Operation 45 [2/2] (0.67ns)   --->   "%an32Coef_load_3 = load i4 %an32Coef_addr_7" [hls_FIRN11Stream/FIR.cpp:35]   --->   Operation 45 'load' 'an32Coef_load_3' <Predicate = (icmp_ln22)> <Delay = 0.67> <CoreInst = "RAM_1P">   --->   Core 88 'RAM_1P' <Latency = 1> <II = 1> <Delay = 0.67> <Storage> <Opcode : 'load' 'store'> <Ports = 1> <Width = 32> <Depth = 12> <RAM>

State 5 <SV = 4> <Delay = 4.09>
ST_5 : Operation 46 [1/1] (0.00ns)   --->   "%an32Coef_addr_6 = getelementptr i32 %an32Coef, i64 0, i64 6" [hls_FIRN11Stream/FIR.cpp:35]   --->   Operation 46 'getelementptr' 'an32Coef_addr_6' <Predicate = true> <Delay = 0.00>
ST_5 : Operation 47 [1/1] (0.00ns)   --->   "%an32ShiftReg_6_load = load i32 %an32ShiftReg_6" [hls_FIRN11Stream/FIR.cpp:32]   --->   Operation 47 'load' 'an32ShiftReg_6_load' <Predicate = (icmp_ln22)> <Delay = 0.00>
ST_5 : Operation 48 [1/1] (0.00ns)   --->   "%store_ln32 = store i32 %an32ShiftReg_6_load, i32 %an32ShiftReg_7" [hls_FIRN11Stream/FIR.cpp:32]   --->   Operation 48 'store' 'store_ln32' <Predicate = (icmp_ln22)> <Delay = 0.00>
ST_5 : Operation 49 [1/2] (0.67ns)   --->   "%an32Coef_load_3 = load i4 %an32Coef_addr_7" [hls_FIRN11Stream/FIR.cpp:35]   --->   Operation 49 'load' 'an32Coef_load_3' <Predicate = (icmp_ln22)> <Delay = 0.67> <CoreInst = "RAM_1P">   --->   Core 88 'RAM_1P' <Latency = 1> <II = 1> <Delay = 0.67> <Storage> <Opcode : 'load' 'store'> <Ports = 1> <Width = 32> <Depth = 12> <RAM>
ST_5 : Operation 50 [1/1] (3.42ns)   --->   "%mul_ln35_3 = mul i32 %an32Coef_load_3, i32 %an32ShiftReg_6_load" [hls_FIRN11Stream/FIR.cpp:35]   --->   Operation 50 'mul' 'mul_ln35_3' <Predicate = (icmp_ln22)> <Delay = 3.42> <CoreInst = "Multiplier">   --->   Core 3 'Multiplier' <Latency = 0> <II = 1> <Delay = 3.42> <FuncUnit> <Opcode : 'mul'> <InPorts = 2> <OutPorts = 1>
ST_5 : Operation 51 [2/2] (0.67ns)   --->   "%an32Coef_load_4 = load i4 %an32Coef_addr_6" [hls_FIRN11Stream/FIR.cpp:35]   --->   Operation 51 'load' 'an32Coef_load_4' <Predicate = (icmp_ln22)> <Delay = 0.67> <CoreInst = "RAM_1P">   --->   Core 88 'RAM_1P' <Latency = 1> <II = 1> <Delay = 0.67> <Storage> <Opcode : 'load' 'store'> <Ports = 1> <Width = 32> <Depth = 12> <RAM>

State 6 <SV = 5> <Delay = 4.82>
ST_6 : Operation 52 [1/1] (0.00ns)   --->   "%an32Coef_addr_5 = getelementptr i32 %an32Coef, i64 0, i64 5" [hls_FIRN11Stream/FIR.cpp:35]   --->   Operation 52 'getelementptr' 'an32Coef_addr_5' <Predicate = true> <Delay = 0.00>
ST_6 : Operation 53 [1/1] (0.00ns)   --->   "%an32ShiftReg_5_load = load i32 %an32ShiftReg_5" [hls_FIRN11Stream/FIR.cpp:32]   --->   Operation 53 'load' 'an32ShiftReg_5_load' <Predicate = (icmp_ln22)> <Delay = 0.00>
ST_6 : Operation 54 [1/1] (0.00ns)   --->   "%store_ln32 = store i32 %an32ShiftReg_5_load, i32 %an32ShiftReg_6" [hls_FIRN11Stream/FIR.cpp:32]   --->   Operation 54 'store' 'store_ln32' <Predicate = (icmp_ln22)> <Delay = 0.00>
ST_6 : Operation 55 [1/2] (0.67ns)   --->   "%an32Coef_load_4 = load i4 %an32Coef_addr_6" [hls_FIRN11Stream/FIR.cpp:35]   --->   Operation 55 'load' 'an32Coef_load_4' <Predicate = (icmp_ln22)> <Delay = 0.67> <CoreInst = "RAM_1P">   --->   Core 88 'RAM_1P' <Latency = 1> <II = 1> <Delay = 0.67> <Storage> <Opcode : 'load' 'store'> <Ports = 1> <Width = 32> <Depth = 12> <RAM>
ST_6 : Operation 56 [1/1] (3.42ns)   --->   "%mul_ln35_4 = mul i32 %an32Coef_load_4, i32 %an32ShiftReg_5_load" [hls_FIRN11Stream/FIR.cpp:35]   --->   Operation 56 'mul' 'mul_ln35_4' <Predicate = (icmp_ln22)> <Delay = 3.42> <CoreInst = "Multiplier">   --->   Core 3 'Multiplier' <Latency = 0> <II = 1> <Delay = 3.42> <FuncUnit> <Opcode : 'mul'> <InPorts = 2> <OutPorts = 1>
ST_6 : Operation 57 [2/2] (0.67ns)   --->   "%an32Coef_load_5 = load i4 %an32Coef_addr_5" [hls_FIRN11Stream/FIR.cpp:35]   --->   Operation 57 'load' 'an32Coef_load_5' <Predicate = (icmp_ln22)> <Delay = 0.67> <CoreInst = "RAM_1P">   --->   Core 88 'RAM_1P' <Latency = 1> <II = 1> <Delay = 0.67> <Storage> <Opcode : 'load' 'store'> <Ports = 1> <Width = 32> <Depth = 12> <RAM>
ST_6 : Operation 58 [1/1] (0.00ns) (grouped into TernaryAdder)   --->   "%add_ln35_1 = add i32 %mul_ln35_3, i32 %mul_ln35_4" [hls_FIRN11Stream/FIR.cpp:35]   --->   Operation 58 'add' 'add_ln35_1' <Predicate = (icmp_ln22)> <Delay = 0.00> <CoreInst = "TAddSub">   --->   Core 10 'TAddSub' <Latency = 0> <II = 1> <Delay = 0.36> <IPBlock> <Opcode : 'add' 'sub'> <InPorts = 3> <OutPorts = 1> <Sync> <CReg>
ST_6 : Operation 59 [1/1] (0.73ns) (root node of TernaryAdder)   --->   "%add_ln35_2 = add i32 %add_ln35_1, i32 %mul_ln35_2" [hls_FIRN11Stream/FIR.cpp:35]   --->   Operation 59 'add' 'add_ln35_2' <Predicate = (icmp_ln22)> <Delay = 0.73> <CoreInst = "TAddSub">   --->   Core 10 'TAddSub' <Latency = 0> <II = 1> <Delay = 0.36> <IPBlock> <Opcode : 'add' 'sub'> <InPorts = 3> <OutPorts = 1> <Sync> <CReg>

State 7 <SV = 6> <Delay = 4.09>
ST_7 : Operation 60 [1/1] (0.00ns)   --->   "%an32Coef_addr_4 = getelementptr i32 %an32Coef, i64 0, i64 4" [hls_FIRN11Stream/FIR.cpp:35]   --->   Operation 60 'getelementptr' 'an32Coef_addr_4' <Predicate = true> <Delay = 0.00>
ST_7 : Operation 61 [1/1] (0.00ns)   --->   "%an32ShiftReg_4_load = load i32 %an32ShiftReg_4" [hls_FIRN11Stream/FIR.cpp:32]   --->   Operation 61 'load' 'an32ShiftReg_4_load' <Predicate = (icmp_ln22)> <Delay = 0.00>
ST_7 : Operation 62 [1/1] (0.00ns)   --->   "%store_ln32 = store i32 %an32ShiftReg_4_load, i32 %an32ShiftReg_5" [hls_FIRN11Stream/FIR.cpp:32]   --->   Operation 62 'store' 'store_ln32' <Predicate = (icmp_ln22)> <Delay = 0.00>
ST_7 : Operation 63 [1/2] (0.67ns)   --->   "%an32Coef_load_5 = load i4 %an32Coef_addr_5" [hls_FIRN11Stream/FIR.cpp:35]   --->   Operation 63 'load' 'an32Coef_load_5' <Predicate = (icmp_ln22)> <Delay = 0.67> <CoreInst = "RAM_1P">   --->   Core 88 'RAM_1P' <Latency = 1> <II = 1> <Delay = 0.67> <Storage> <Opcode : 'load' 'store'> <Ports = 1> <Width = 32> <Depth = 12> <RAM>
ST_7 : Operation 64 [1/1] (3.42ns)   --->   "%mul_ln35_5 = mul i32 %an32Coef_load_5, i32 %an32ShiftReg_4_load" [hls_FIRN11Stream/FIR.cpp:35]   --->   Operation 64 'mul' 'mul_ln35_5' <Predicate = (icmp_ln22)> <Delay = 3.42> <CoreInst = "Multiplier">   --->   Core 3 'Multiplier' <Latency = 0> <II = 1> <Delay = 3.42> <FuncUnit> <Opcode : 'mul'> <InPorts = 2> <OutPorts = 1>
ST_7 : Operation 65 [2/2] (0.67ns)   --->   "%an32Coef_load_6 = load i4 %an32Coef_addr_4" [hls_FIRN11Stream/FIR.cpp:35]   --->   Operation 65 'load' 'an32Coef_load_6' <Predicate = (icmp_ln22)> <Delay = 0.67> <CoreInst = "RAM_1P">   --->   Core 88 'RAM_1P' <Latency = 1> <II = 1> <Delay = 0.67> <Storage> <Opcode : 'load' 'store'> <Ports = 1> <Width = 32> <Depth = 12> <RAM>

State 8 <SV = 7> <Delay = 4.09>
ST_8 : Operation 66 [1/1] (0.00ns)   --->   "%an32Coef_addr_3 = getelementptr i32 %an32Coef, i64 0, i64 3" [hls_FIRN11Stream/FIR.cpp:35]   --->   Operation 66 'getelementptr' 'an32Coef_addr_3' <Predicate = true> <Delay = 0.00>
ST_8 : Operation 67 [1/1] (0.00ns)   --->   "%an32ShiftReg_3_load = load i32 %an32ShiftReg_3" [hls_FIRN11Stream/FIR.cpp:32]   --->   Operation 67 'load' 'an32ShiftReg_3_load' <Predicate = (icmp_ln22)> <Delay = 0.00>
ST_8 : Operation 68 [1/1] (0.00ns)   --->   "%store_ln32 = store i32 %an32ShiftReg_3_load, i32 %an32ShiftReg_4" [hls_FIRN11Stream/FIR.cpp:32]   --->   Operation 68 'store' 'store_ln32' <Predicate = (icmp_ln22)> <Delay = 0.00>
ST_8 : Operation 69 [1/2] (0.67ns)   --->   "%an32Coef_load_6 = load i4 %an32Coef_addr_4" [hls_FIRN11Stream/FIR.cpp:35]   --->   Operation 69 'load' 'an32Coef_load_6' <Predicate = (icmp_ln22)> <Delay = 0.67> <CoreInst = "RAM_1P">   --->   Core 88 'RAM_1P' <Latency = 1> <II = 1> <Delay = 0.67> <Storage> <Opcode : 'load' 'store'> <Ports = 1> <Width = 32> <Depth = 12> <RAM>
ST_8 : Operation 70 [1/1] (3.42ns)   --->   "%mul_ln35_6 = mul i32 %an32Coef_load_6, i32 %an32ShiftReg_3_load" [hls_FIRN11Stream/FIR.cpp:35]   --->   Operation 70 'mul' 'mul_ln35_6' <Predicate = (icmp_ln22)> <Delay = 3.42> <CoreInst = "Multiplier">   --->   Core 3 'Multiplier' <Latency = 0> <II = 1> <Delay = 3.42> <FuncUnit> <Opcode : 'mul'> <InPorts = 2> <OutPorts = 1>
ST_8 : Operation 71 [2/2] (0.67ns)   --->   "%an32Coef_load_7 = load i4 %an32Coef_addr_3" [hls_FIRN11Stream/FIR.cpp:35]   --->   Operation 71 'load' 'an32Coef_load_7' <Predicate = (icmp_ln22)> <Delay = 0.67> <CoreInst = "RAM_1P">   --->   Core 88 'RAM_1P' <Latency = 1> <II = 1> <Delay = 0.67> <Storage> <Opcode : 'load' 'store'> <Ports = 1> <Width = 32> <Depth = 12> <RAM>

State 9 <SV = 8> <Delay = 5.11>
ST_9 : Operation 72 [1/1] (0.00ns)   --->   "%an32Coef_addr_2 = getelementptr i32 %an32Coef, i64 0, i64 2" [hls_FIRN11Stream/FIR.cpp:35]   --->   Operation 72 'getelementptr' 'an32Coef_addr_2' <Predicate = true> <Delay = 0.00>
ST_9 : Operation 73 [1/1] (0.00ns)   --->   "%an32ShiftReg_2_load = load i32 %an32ShiftReg_2" [hls_FIRN11Stream/FIR.cpp:32]   --->   Operation 73 'load' 'an32ShiftReg_2_load' <Predicate = (icmp_ln22)> <Delay = 0.00>
ST_9 : Operation 74 [1/1] (0.00ns)   --->   "%store_ln32 = store i32 %an32ShiftReg_2_load, i32 %an32ShiftReg_3" [hls_FIRN11Stream/FIR.cpp:32]   --->   Operation 74 'store' 'store_ln32' <Predicate = (icmp_ln22)> <Delay = 0.00>
ST_9 : Operation 75 [1/2] (0.67ns)   --->   "%an32Coef_load_7 = load i4 %an32Coef_addr_3" [hls_FIRN11Stream/FIR.cpp:35]   --->   Operation 75 'load' 'an32Coef_load_7' <Predicate = (icmp_ln22)> <Delay = 0.67> <CoreInst = "RAM_1P">   --->   Core 88 'RAM_1P' <Latency = 1> <II = 1> <Delay = 0.67> <Storage> <Opcode : 'load' 'store'> <Ports = 1> <Width = 32> <Depth = 12> <RAM>
ST_9 : Operation 76 [1/1] (3.42ns)   --->   "%mul_ln35_7 = mul i32 %an32Coef_load_7, i32 %an32ShiftReg_2_load" [hls_FIRN11Stream/FIR.cpp:35]   --->   Operation 76 'mul' 'mul_ln35_7' <Predicate = (icmp_ln22)> <Delay = 3.42> <CoreInst = "Multiplier">   --->   Core 3 'Multiplier' <Latency = 0> <II = 1> <Delay = 3.42> <FuncUnit> <Opcode : 'mul'> <InPorts = 2> <OutPorts = 1>
ST_9 : Operation 77 [2/2] (0.67ns)   --->   "%an32Coef_load_8 = load i4 %an32Coef_addr_2" [hls_FIRN11Stream/FIR.cpp:35]   --->   Operation 77 'load' 'an32Coef_load_8' <Predicate = (icmp_ln22)> <Delay = 0.67> <CoreInst = "RAM_1P">   --->   Core 88 'RAM_1P' <Latency = 1> <II = 1> <Delay = 0.67> <Storage> <Opcode : 'load' 'store'> <Ports = 1> <Width = 32> <Depth = 12> <RAM>
ST_9 : Operation 78 [1/1] (1.01ns)   --->   "%add_ln35_4 = add i32 %mul_ln35_6, i32 %mul_ln35_7" [hls_FIRN11Stream/FIR.cpp:35]   --->   Operation 78 'add' 'add_ln35_4' <Predicate = (icmp_ln22)> <Delay = 1.01> <CoreInst = "Adder">   --->   Core 1 'Adder' <Latency = 0> <II = 1> <Delay = 1.01> <FuncUnit> <Opcode : 'add' 'sub'> <InPorts = 2> <OutPorts = 1>

State 10 <SV = 9> <Delay = 4.09>
ST_10 : Operation 79 [1/1] (0.00ns)   --->   "%an32Coef_addr_1 = getelementptr i32 %an32Coef, i64 0, i64 1" [hls_FIRN11Stream/FIR.cpp:35]   --->   Operation 79 'getelementptr' 'an32Coef_addr_1' <Predicate = true> <Delay = 0.00>
ST_10 : Operation 80 [1/1] (0.00ns)   --->   "%an32ShiftReg_1_load = load i32 %an32ShiftReg_1" [hls_FIRN11Stream/FIR.cpp:32]   --->   Operation 80 'load' 'an32ShiftReg_1_load' <Predicate = (icmp_ln22)> <Delay = 0.00>
ST_10 : Operation 81 [1/1] (0.00ns)   --->   "%store_ln32 = store i32 %an32ShiftReg_1_load, i32 %an32ShiftReg_2" [hls_FIRN11Stream/FIR.cpp:32]   --->   Operation 81 'store' 'store_ln32' <Predicate = (icmp_ln22)> <Delay = 0.00>
ST_10 : Operation 82 [1/2] (0.67ns)   --->   "%an32Coef_load_8 = load i4 %an32Coef_addr_2" [hls_FIRN11Stream/FIR.cpp:35]   --->   Operation 82 'load' 'an32Coef_load_8' <Predicate = (icmp_ln22)> <Delay = 0.67> <CoreInst = "RAM_1P">   --->   Core 88 'RAM_1P' <Latency = 1> <II = 1> <Delay = 0.67> <Storage> <Opcode : 'load' 'store'> <Ports = 1> <Width = 32> <Depth = 12> <RAM>
ST_10 : Operation 83 [1/1] (3.42ns)   --->   "%mul_ln35_8 = mul i32 %an32Coef_load_8, i32 %an32ShiftReg_1_load" [hls_FIRN11Stream/FIR.cpp:35]   --->   Operation 83 'mul' 'mul_ln35_8' <Predicate = (icmp_ln22)> <Delay = 3.42> <CoreInst = "Multiplier">   --->   Core 3 'Multiplier' <Latency = 0> <II = 1> <Delay = 3.42> <FuncUnit> <Opcode : 'mul'> <InPorts = 2> <OutPorts = 1>
ST_10 : Operation 84 [2/2] (0.67ns)   --->   "%an32Coef_load_9 = load i4 %an32Coef_addr_1" [hls_FIRN11Stream/FIR.cpp:35]   --->   Operation 84 'load' 'an32Coef_load_9' <Predicate = (icmp_ln22)> <Delay = 0.67> <CoreInst = "RAM_1P">   --->   Core 88 'RAM_1P' <Latency = 1> <II = 1> <Delay = 0.67> <Storage> <Opcode : 'load' 'store'> <Ports = 1> <Width = 32> <Depth = 12> <RAM>

State 11 <SV = 10> <Delay = 4.09>
ST_11 : Operation 85 [1/1] (0.00ns)   --->   "%an32Coef_addr = getelementptr i32 %an32Coef, i64 0, i64 0" [hls_FIRN11Stream/FIR.cpp:35]   --->   Operation 85 'getelementptr' 'an32Coef_addr' <Predicate = true> <Delay = 0.00>
ST_11 : Operation 86 [1/1] (0.00ns)   --->   "%specpipeline_ln0 = specpipeline void @_ssdm_op_SpecPipeline, i32 4294967295, i32 0, i32 1, i32 0, void @p_str"   --->   Operation 86 'specpipeline' 'specpipeline_ln0' <Predicate = true> <Delay = 0.00>
ST_11 : Operation 87 [1/1] (1.00ns)   --->   "%n32XferCnt_1 = add i31 %n32XferCnt_load, i31 1"   --->   Operation 87 'add' 'n32XferCnt_1' <Predicate = true> <Delay = 1.00> <CoreInst = "Adder">   --->   Core 1 'Adder' <Latency = 0> <II = 1> <Delay = 1.00> <FuncUnit> <Opcode : 'add' 'sub'> <InPorts = 2> <OutPorts = 1>
ST_11 : Operation 88 [1/1] (0.00ns)   --->   "%empty = read i44 @_ssdm_op_Read.axis.volatile.i32P0A.i4P0A.i4P0A.i1P0A.i1P0A.i1P0A.i1P0A, i32 %pstrmInput_V_data_V, i4 %pstrmInput_V_keep_V, i4 %pstrmInput_V_strb_V, i1 %pstrmInput_V_user_V, i1 %pstrmInput_V_last_V, i1 %pstrmInput_V_id_V, i1 %pstrmInput_V_dest_V"   --->   Operation 88 'read' 'empty' <Predicate = (icmp_ln22)> <Delay = 0.00> <CoreInst = "axis">   --->   Core 123 'axis' <Latency = 0> <II = 1> <Delay = 1.00> <Adapter> <Opcode : >
ST_11 : Operation 89 [1/1] (0.00ns)   --->   "%tmp_data_V = extractvalue i44 %empty"   --->   Operation 89 'extractvalue' 'tmp_data_V' <Predicate = (icmp_ln22)> <Delay = 0.00>
ST_11 : Operation 90 [1/1] (0.00ns)   --->   "%tmp_keep_V = extractvalue i44 %empty"   --->   Operation 90 'extractvalue' 'tmp_keep_V' <Predicate = (icmp_ln22)> <Delay = 0.00>
ST_11 : Operation 91 [1/1] (0.00ns)   --->   "%tmp_strb_V = extractvalue i44 %empty"   --->   Operation 91 'extractvalue' 'tmp_strb_V' <Predicate = (icmp_ln22)> <Delay = 0.00>
ST_11 : Operation 92 [1/1] (0.00ns)   --->   "%tmp_user_V = extractvalue i44 %empty"   --->   Operation 92 'extractvalue' 'tmp_user_V' <Predicate = (icmp_ln22)> <Delay = 0.00>
ST_11 : Operation 93 [1/1] (0.00ns)   --->   "%tmp_last_V = extractvalue i44 %empty"   --->   Operation 93 'extractvalue' 'tmp_last_V' <Predicate = (icmp_ln22)> <Delay = 0.00>
ST_11 : Operation 94 [1/1] (0.00ns)   --->   "%tmp_id_V = extractvalue i44 %empty"   --->   Operation 94 'extractvalue' 'tmp_id_V' <Predicate = (icmp_ln22)> <Delay = 0.00>
ST_11 : Operation 95 [1/1] (0.00ns)   --->   "%tmp_dest_V = extractvalue i44 %empty"   --->   Operation 95 'extractvalue' 'tmp_dest_V' <Predicate = (icmp_ln22)> <Delay = 0.00>
ST_11 : Operation 96 [1/1] (0.00ns)   --->   "%an32ShiftReg_0_load = load i32 %an32ShiftReg_0" [hls_FIRN11Stream/FIR.cpp:32]   --->   Operation 96 'load' 'an32ShiftReg_0_load' <Predicate = (icmp_ln22)> <Delay = 0.00>
ST_11 : Operation 97 [1/1] (0.00ns)   --->   "%store_ln32 = store i32 %an32ShiftReg_0_load, i32 %an32ShiftReg_1" [hls_FIRN11Stream/FIR.cpp:32]   --->   Operation 97 'store' 'store_ln32' <Predicate = (icmp_ln22)> <Delay = 0.00>
ST_11 : Operation 98 [1/2] (0.67ns)   --->   "%an32Coef_load_9 = load i4 %an32Coef_addr_1" [hls_FIRN11Stream/FIR.cpp:35]   --->   Operation 98 'load' 'an32Coef_load_9' <Predicate = (icmp_ln22)> <Delay = 0.67> <CoreInst = "RAM_1P">   --->   Core 88 'RAM_1P' <Latency = 1> <II = 1> <Delay = 0.67> <Storage> <Opcode : 'load' 'store'> <Ports = 1> <Width = 32> <Depth = 12> <RAM>
ST_11 : Operation 99 [1/1] (3.42ns)   --->   "%mul_ln35_9 = mul i32 %an32Coef_load_9, i32 %an32ShiftReg_0_load" [hls_FIRN11Stream/FIR.cpp:35]   --->   Operation 99 'mul' 'mul_ln35_9' <Predicate = (icmp_ln22)> <Delay = 3.42> <CoreInst = "Multiplier">   --->   Core 3 'Multiplier' <Latency = 0> <II = 1> <Delay = 3.42> <FuncUnit> <Opcode : 'mul'> <InPorts = 2> <OutPorts = 1>
ST_11 : Operation 100 [1/1] (0.00ns)   --->   "%store_ln29 = store i32 %tmp_data_V, i32 %an32ShiftReg_0" [hls_FIRN11Stream/FIR.cpp:29]   --->   Operation 100 'store' 'store_ln29' <Predicate = (icmp_ln22)> <Delay = 0.00>
ST_11 : Operation 101 [2/2] (0.67ns)   --->   "%an32Coef_load_10 = load i4 %an32Coef_addr" [hls_FIRN11Stream/FIR.cpp:35]   --->   Operation 101 'load' 'an32Coef_load_10' <Predicate = (icmp_ln22)> <Delay = 0.67> <CoreInst = "RAM_1P">   --->   Core 88 'RAM_1P' <Latency = 1> <II = 1> <Delay = 0.67> <Storage> <Opcode : 'load' 'store'> <Ports = 1> <Width = 32> <Depth = 12> <RAM>
ST_11 : Operation 102 [1/1] (0.00ns)   --->   "%br_ln293 = br i1 %tmp_last_V, void %for.inc20, void %SHIFT_ACC_LOOP.for.end21.loopexit_crit_edge.exitStub"   --->   Operation 102 'br' 'br_ln293' <Predicate = (icmp_ln22)> <Delay = 0.00>
ST_11 : Operation 103 [1/1] (0.42ns)   --->   "%store_ln22 = store i31 %n32XferCnt_1, i31 %n32XferCnt" [hls_FIRN11Stream/FIR.cpp:22]   --->   Operation 103 'store' 'store_ln22' <Predicate = (icmp_ln22 & !tmp_last_V)> <Delay = 0.42>
ST_11 : Operation 104 [1/1] (0.00ns)   --->   "%br_ln22 = br void %SHIFT_ACC_LOOP" [hls_FIRN11Stream/FIR.cpp:22]   --->   Operation 104 'br' 'br_ln22' <Predicate = (icmp_ln22 & !tmp_last_V)> <Delay = 0.00>

State 12 <SV = 11> <Delay = 6.29>
ST_12 : Operation 105 [1/1] (0.00ns)   --->   "%specloopname_ln17 = specloopname void @_ssdm_op_SpecLoopName, void @empty_2" [hls_FIRN11Stream/FIR.cpp:17]   --->   Operation 105 'specloopname' 'specloopname_ln17' <Predicate = (icmp_ln22)> <Delay = 0.00>
ST_12 : Operation 106 [1/2] (0.67ns)   --->   "%an32Coef_load_10 = load i4 %an32Coef_addr" [hls_FIRN11Stream/FIR.cpp:35]   --->   Operation 106 'load' 'an32Coef_load_10' <Predicate = (icmp_ln22)> <Delay = 0.67> <CoreInst = "RAM_1P">   --->   Core 88 'RAM_1P' <Latency = 1> <II = 1> <Delay = 0.67> <Storage> <Opcode : 'load' 'store'> <Ports = 1> <Width = 32> <Depth = 12> <RAM>
ST_12 : Operation 107 [1/1] (3.42ns)   --->   "%mul_ln35_10 = mul i32 %an32Coef_load_10, i32 %tmp_data_V" [hls_FIRN11Stream/FIR.cpp:35]   --->   Operation 107 'mul' 'mul_ln35_10' <Predicate = (icmp_ln22)> <Delay = 3.42> <CoreInst = "Multiplier">   --->   Core 3 'Multiplier' <Latency = 0> <II = 1> <Delay = 3.42> <FuncUnit> <Opcode : 'mul'> <InPorts = 2> <OutPorts = 1>
ST_12 : Operation 108 [1/1] (0.00ns) (grouped into TernaryAdder)   --->   "%add_ln35_3 = add i32 %add_ln35_2, i32 %add_ln35" [hls_FIRN11Stream/FIR.cpp:35]   --->   Operation 108 'add' 'add_ln35_3' <Predicate = (icmp_ln22)> <Delay = 0.00> <CoreInst = "TAddSub">   --->   Core 10 'TAddSub' <Latency = 0> <II = 1> <Delay = 0.36> <IPBlock> <Opcode : 'add' 'sub'> <InPorts = 3> <OutPorts = 1> <Sync> <CReg>
ST_12 : Operation 109 [1/1] (0.00ns) (grouped into TernaryAdder)   --->   "%add_ln35_5 = add i32 %add_ln35_4, i32 %mul_ln35_5" [hls_FIRN11Stream/FIR.cpp:35]   --->   Operation 109 'add' 'add_ln35_5' <Predicate = (icmp_ln22)> <Delay = 0.00> <CoreInst = "TAddSub">   --->   Core 10 'TAddSub' <Latency = 0> <II = 1> <Delay = 0.36> <IPBlock> <Opcode : 'add' 'sub'> <InPorts = 3> <OutPorts = 1> <Sync> <CReg>
ST_12 : Operation 110 [1/1] (0.00ns) (grouped into TernaryAdder)   --->   "%add_ln35_6 = add i32 %mul_ln35_9, i32 %mul_ln35_10" [hls_FIRN11Stream/FIR.cpp:35]   --->   Operation 110 'add' 'add_ln35_6' <Predicate = (icmp_ln22)> <Delay = 0.00> <CoreInst = "TAddSub">   --->   Core 10 'TAddSub' <Latency = 0> <II = 1> <Delay = 0.36> <IPBlock> <Opcode : 'add' 'sub'> <InPorts = 3> <OutPorts = 1> <Sync> <CReg>
ST_12 : Operation 111 [1/1] (0.73ns) (root node of TernaryAdder)   --->   "%add_ln35_7 = add i32 %add_ln35_6, i32 %mul_ln35_8" [hls_FIRN11Stream/FIR.cpp:35]   --->   Operation 111 'add' 'add_ln35_7' <Predicate = (icmp_ln22)> <Delay = 0.73> <CoreInst = "TAddSub">   --->   Core 10 'TAddSub' <Latency = 0> <II = 1> <Delay = 0.36> <IPBlock> <Opcode : 'add' 'sub'> <InPorts = 3> <OutPorts = 1> <Sync> <CReg>
ST_12 : Operation 112 [1/1] (0.73ns) (root node of TernaryAdder)   --->   "%add_ln35_8 = add i32 %add_ln35_7, i32 %add_ln35_5" [hls_FIRN11Stream/FIR.cpp:35]   --->   Operation 112 'add' 'add_ln35_8' <Predicate = (icmp_ln22)> <Delay = 0.73> <CoreInst = "TAddSub">   --->   Core 10 'TAddSub' <Latency = 0> <II = 1> <Delay = 0.36> <IPBlock> <Opcode : 'add' 'sub'> <InPorts = 3> <OutPorts = 1> <Sync> <CReg>
ST_12 : Operation 113 [1/1] (0.73ns) (root node of TernaryAdder)   --->   "%add_ln35_9 = add i32 %add_ln35_8, i32 %add_ln35_3" [hls_FIRN11Stream/FIR.cpp:35]   --->   Operation 113 'add' 'add_ln35_9' <Predicate = (icmp_ln22)> <Delay = 0.73> <CoreInst = "TAddSub">   --->   Core 10 'TAddSub' <Latency = 0> <II = 1> <Delay = 0.36> <IPBlock> <Opcode : 'add' 'sub'> <InPorts = 3> <OutPorts = 1> <Sync> <CReg>
ST_12 : Operation 114 [1/1] (0.00ns)   --->   "%write_ln304 = write void @_ssdm_op_Write.axis.volatile.i32P0A.i4P0A.i4P0A.i1P0A.i1P0A.i1P0A.i1P0A, i32 %pstrmOutput_V_data_V, i4 %pstrmOutput_V_keep_V, i4 %pstrmOutput_V_strb_V, i1 %pstrmOutput_V_user_V, i1 %pstrmOutput_V_last_V, i1 %pstrmOutput_V_id_V, i1 %pstrmOutput_V_dest_V, i32 %add_ln35_9, i4 %tmp_keep_V, i4 %tmp_strb_V, i1 %tmp_user_V, i1 %tmp_last_V, i1 %tmp_id_V, i1 %tmp_dest_V"   --->   Operation 114 'write' 'write_ln304' <Predicate = (icmp_ln22)> <Delay = 0.00> <CoreInst = "axis">   --->   Core 123 'axis' <Latency = 0> <II = 1> <Delay = 1.00> <Adapter> <Opcode : >
ST_12 : Operation 115 [1/1] (0.00ns)   --->   "%ret_ln0 = ret"   --->   Operation 115 'ret' 'ret_ln0' <Predicate = (tmp_last_V) | (!icmp_ln22)> <Delay = 0.00>


============================================================
+ Verbose Summary: Timing violations
============================================================
Target clock period: 10ns, clock uncertainty: 2.7ns.

 <State 1>: 0.998ns
The critical path consists of the following:
	'alloca' operation ('n32XferCnt') [27]  (0 ns)
	'load' operation ('n32XferCnt_load') on local variable 'n32XferCnt' [36]  (0 ns)
	'icmp' operation ('icmp_ln22', hls_FIRN11Stream/FIR.cpp:22) [49]  (0.998 ns)

 <State 2>: 4.1ns
The critical path consists of the following:
	'load' operation ('an32Coef_load', hls_FIRN11Stream/FIR.cpp:35) on array 'an32Coef' [63]  (0.677 ns)
	'mul' operation ('mul_ln35', hls_FIRN11Stream/FIR.cpp:35) [64]  (3.42 ns)

 <State 3>: 5.11ns
The critical path consists of the following:
	'load' operation ('an32Coef_load_1', hls_FIRN11Stream/FIR.cpp:35) on array 'an32Coef' [67]  (0.677 ns)
	'mul' operation ('mul_ln35_1', hls_FIRN11Stream/FIR.cpp:35) [68]  (3.42 ns)
	'add' operation ('add_ln35', hls_FIRN11Stream/FIR.cpp:35) [104]  (1.02 ns)

 <State 4>: 4.1ns
The critical path consists of the following:
	'load' operation ('an32Coef_load_2', hls_FIRN11Stream/FIR.cpp:35) on array 'an32Coef' [71]  (0.677 ns)
	'mul' operation ('mul_ln35_2', hls_FIRN11Stream/FIR.cpp:35) [72]  (3.42 ns)

 <State 5>: 4.1ns
The critical path consists of the following:
	'load' operation ('an32Coef_load_3', hls_FIRN11Stream/FIR.cpp:35) on array 'an32Coef' [75]  (0.677 ns)
	'mul' operation ('mul_ln35_3', hls_FIRN11Stream/FIR.cpp:35) [76]  (3.42 ns)

 <State 6>: 4.83ns
The critical path consists of the following:
	'load' operation ('an32Coef_load_4', hls_FIRN11Stream/FIR.cpp:35) on array 'an32Coef' [79]  (0.677 ns)
	'mul' operation ('mul_ln35_4', hls_FIRN11Stream/FIR.cpp:35) [80]  (3.42 ns)
	'add' operation ('add_ln35_1', hls_FIRN11Stream/FIR.cpp:35) [105]  (0 ns)
	'add' operation ('add_ln35_2', hls_FIRN11Stream/FIR.cpp:35) [106]  (0.731 ns)

 <State 7>: 4.1ns
The critical path consists of the following:
	'load' operation ('an32Coef_load_5', hls_FIRN11Stream/FIR.cpp:35) on array 'an32Coef' [83]  (0.677 ns)
	'mul' operation ('mul_ln35_5', hls_FIRN11Stream/FIR.cpp:35) [84]  (3.42 ns)

 <State 8>: 4.1ns
The critical path consists of the following:
	'load' operation ('an32Coef_load_6', hls_FIRN11Stream/FIR.cpp:35) on array 'an32Coef' [87]  (0.677 ns)
	'mul' operation ('mul_ln35_6', hls_FIRN11Stream/FIR.cpp:35) [88]  (3.42 ns)

 <State 9>: 5.11ns
The critical path consists of the following:
	'load' operation ('an32Coef_load_7', hls_FIRN11Stream/FIR.cpp:35) on array 'an32Coef' [91]  (0.677 ns)
	'mul' operation ('mul_ln35_7', hls_FIRN11Stream/FIR.cpp:35) [92]  (3.42 ns)
	'add' operation ('add_ln35_4', hls_FIRN11Stream/FIR.cpp:35) [108]  (1.02 ns)

 <State 10>: 4.1ns
The critical path consists of the following:
	'load' operation ('an32Coef_load_8', hls_FIRN11Stream/FIR.cpp:35) on array 'an32Coef' [95]  (0.677 ns)
	'mul' operation ('mul_ln35_8', hls_FIRN11Stream/FIR.cpp:35) [96]  (3.42 ns)

 <State 11>: 4.1ns
The critical path consists of the following:
	'load' operation ('an32Coef_load_9', hls_FIRN11Stream/FIR.cpp:35) on array 'an32Coef' [99]  (0.677 ns)
	'mul' operation ('mul_ln35_9', hls_FIRN11Stream/FIR.cpp:35) [100]  (3.42 ns)

 <State 12>: 6.29ns
The critical path consists of the following:
	'load' operation ('an32Coef_load_10', hls_FIRN11Stream/FIR.cpp:35) on array 'an32Coef' [102]  (0.677 ns)
	'mul' operation ('mul_ln35_10', hls_FIRN11Stream/FIR.cpp:35) [103]  (3.42 ns)
	'add' operation ('add_ln35_6', hls_FIRN11Stream/FIR.cpp:35) [110]  (0 ns)
	'add' operation ('add_ln35_7', hls_FIRN11Stream/FIR.cpp:35) [111]  (0.731 ns)
	'add' operation ('add_ln35_8', hls_FIRN11Stream/FIR.cpp:35) [112]  (0.731 ns)
	'add' operation ('add_ln35_9', hls_FIRN11Stream/FIR.cpp:35) [113]  (0.731 ns)


============================================================
+ Verbose Summary: Binding
============================================================
N/A
* FSMD analyzer results:
  - Output states:
 - Input state : 
  - Chain level:
	State 1
	State 2
	State 3
	State 4
	State 5
	State 6
	State 7
	State 8
	State 9
	State 10
	State 11
	State 12


============================================================
+ Verbose Summary: Datapath Resource usage 
============================================================
N/A
