INFO-FLOW: Workspace /home/ubuntu/course-lab_1/hls_ip/solution1 opened at Sat Sep 23 11:26:13 EDT 2023
Execute     ap_set_clock -name default -period 10 -default=false 
INFO: [SYN 201-201] Setting up clock 'default' with a period of 10ns.
Execute     set_part xc7z020-clg400-1 
Execute       create_platform xc7z020-clg400-1 -board  
DBG:HLSDevice: Trying to load device library: /tools/Xilinx/Vitis_HLS/2022.1/lib/lnx64.o/librdi_hlsvwrap.so
DBG:HLSDevice: first parts/arch.xml in RDI_DATADIR: /tools/Xilinx/Vivado/2022.1/data/parts/arch.xml
DBG:HLSDevice: init success
INFO: [HLS 200-1611] Setting target device to 'xc7z020-clg400-1'
Command       create_platform done; 4.75 sec.
Execute       source /tools/Xilinx/Vitis_HLS/2022.1/common/technology/xilinx/common/xilinx.gen 
Execute         source /tools/Xilinx/Vitis_HLS/2022.1/common/technology/xilinx/interface/plb46.gen 
Execute         source /tools/Xilinx/Vitis_HLS/2022.1/common/technology/xilinx/interface/axi4.gen 
Execute         source /tools/Xilinx/Vitis_HLS/2022.1/common/technology/xilinx/interface/nativeAXI4.gen 
Execute           source /tools/Xilinx/Vitis_HLS/2022.1/common/technology/xilinx/interface/saxilite.gen 
Execute         source /tools/Xilinx/Vitis_HLS/2022.1/common/technology/xilinx/scripts/xilinxcoregen.gen 
Execute         source /tools/Xilinx/Vitis_HLS/2022.1/common/technology/xilinx/interface/XilEDKCoreGen.gen 
Execute         source /tools/Xilinx/Vitis_HLS/2022.1/common/technology/xilinx/ip/xfir.gen 
Execute         source /tools/Xilinx/Vitis_HLS/2022.1/common/technology/xilinx/ip/xfft.gen 
Command         ap_source done; 0.17 sec.
Execute         source /tools/Xilinx/Vitis_HLS/2022.1/common/technology/xilinx/ip/dds_compiler.gen 
Execute         source /tools/Xilinx/Vitis_HLS/2022.1/common/technology/xilinx/ip/util.gen 
Execute         source /tools/Xilinx/Vitis_HLS/2022.1/common/technology/xilinx/DSP48/dsp48.gen 
Command       ap_source done; 0.19 sec.
Execute       ap_part_info -name xc7z020-clg400-1 -data info 
Execute       config_compile -quiet -complex-mul-dsp=0 
Command     set_part done; 5.01 sec.
Execute     send_msg_by_id INFO @200-1505@%s%s  vivado 
INFO: [HLS 200-1505] Using flow_target 'vivado'
Execute     get_config_interface -m_axi_latency 
Execute     get_config_interface -m_axi_alignment_byte_size 
Execute     get_config_interface -m_axi_max_widen_bitwidth 
Execute     get_config_interface -default_interface 
Execute     get_config_rtl -register_reset_num 
Execute     send_msg_by_id INFO @200-1464@%s config_export -format=ip_catalog 
INFO: [HLS 200-1464] Running solution command: config_export -format=ip_catalog
Execute     config_export -format=ip_catalog 
Execute     send_msg_by_id INFO @200-1464@%s config_export -rtl=verilog 
INFO: [HLS 200-1464] Running solution command: config_export -rtl=verilog
Execute     config_export -rtl=verilog 
Command   open_solution done; 5.03 sec.
Execute   set_part xc7z020-clg400-1 
INFO: [HLS 200-1510] Running: set_part xc7z020-clg400-1 
Execute     create_platform xc7z020-clg400-1 -board  
Execute     source /tools/Xilinx/Vitis_HLS/2022.1/common/technology/xilinx/common/xilinx.gen 
Execute       source /tools/Xilinx/Vitis_HLS/2022.1/common/technology/xilinx/interface/plb46.gen 
Execute       source /tools/Xilinx/Vitis_HLS/2022.1/common/technology/xilinx/interface/axi4.gen 
Execute       source /tools/Xilinx/Vitis_HLS/2022.1/common/technology/xilinx/interface/nativeAXI4.gen 
Execute         source /tools/Xilinx/Vitis_HLS/2022.1/common/technology/xilinx/interface/saxilite.gen 
Execute       source /tools/Xilinx/Vitis_HLS/2022.1/common/technology/xilinx/scripts/xilinxcoregen.gen 
Execute       source /tools/Xilinx/Vitis_HLS/2022.1/common/technology/xilinx/interface/XilEDKCoreGen.gen 
Execute       source /tools/Xilinx/Vitis_HLS/2022.1/common/technology/xilinx/ip/xfir.gen 
Execute       source /tools/Xilinx/Vitis_HLS/2022.1/common/technology/xilinx/ip/xfft.gen 
Command       ap_source done; 0.15 sec.
Execute       source /tools/Xilinx/Vitis_HLS/2022.1/common/technology/xilinx/ip/dds_compiler.gen 
Execute       source /tools/Xilinx/Vitis_HLS/2022.1/common/technology/xilinx/ip/util.gen 
Execute       source /tools/Xilinx/Vitis_HLS/2022.1/common/technology/xilinx/DSP48/dsp48.gen 
Command     ap_source done; 0.19 sec.
Execute     ap_part_info -name xc7z020-clg400-1 -data info 
Execute     config_compile -quiet -complex-mul-dsp=0 
Command   set_part done; 0.29 sec.
Execute   create_clock -period 10 -name default 
INFO: [HLS 200-1510] Running: create_clock -period 10 -name default 
Execute   config_export -format ip_catalog -rtl verilog 
INFO: [HLS 200-1510] Running: config_export -format ip_catalog -rtl verilog 
Execute   source ./hls_ip/solution1/directives.tcl 
INFO: [HLS 200-1510] Running: source ./hls_ip/solution1/directives.tcl
Execute     set_directive_top -name multip_2num multip_2num 
INFO: [HLS 200-1510] Running: set_directive_top -name multip_2num multip_2num 
Execute   csynth_design 
INFO: [HLS 200-1510] Running: csynth_design 
Execute     get_config_compile -effort 
Execute     get_config_compile -enable_clang39 
Execute     get_config_compile -g 
Execute     get_config_compile -hw_syn 
Execute     get_config_compile -ng 
Execute     get_config_compile -opt_fp 
Execute     get_config_compile -skip_cdt 
Execute     get_config_compile -skip_syncheck 
Execute     get_config_compile -skip_transform 
Execute     get_config_compile -pre_tcl 
Execute     get_config_compile -keep_printf 
Execute     elaborate -effort=medium -skip_syncheck=0 -keep_printf=0 -skip_cdt=0 -skip_transform=0 -ng=0 -g=0 -opt_fp=0 -from_csynth_design=1 
INFO: [HLS 200-111] Finished File checks and directory preparation: CPU user time: 0.01 seconds. CPU system time: 0 seconds. Elapsed time: 0.01 seconds; current allocated memory: 462.480 MB.
INFO: [HLS 200-10] Analyzing design file 'hls_Multiplication/Multiplication.cpp' ... 
INFO-FLOW: Compiling one TU...
Execute       get_config_compile -pragma_strict_mode 
INFO-FLOW: Handling hls_Multiplication/Multiplication.cpp as C++
Execute       ap_part_info -name xc7z020-clg400-1 -data info 
INFO-FLOW: Running: GCC PP 39
INFO-FLOW: Source preprocessing
Execute       ap_eval exec -ignorestderr /tools/Xilinx/Vitis_HLS/2022.1/lnx64/tools/clang-3.9-csynth/bin/clang hls_Multiplication/Multiplication.cpp -foptimization-record-file=/home/ubuntu/course-lab_1/hls_ip/solution1/.autopilot/db/Multiplication.cpp.clang.diag.yml -mllvm -pass-remarks-missed=reflow|pasta|unroll -mllvm -pass-remarks=reflow|pasta|unroll|inline -fno-limit-debug-info -gcc-toolchain /tools/Xilinx/Vitis_HLS/2022.1/tps/lnx64/gcc-8.3.0 -fhls -fno-exceptions -E -fno-math-errno -c -emit-llvm -mllvm -disable-llvm-optzns -Werror=implicit-function-declaration -Werror=implicit-hls-streams -Werror=return-type -Wpragmas -Wunused-parameter -Wdump-hls-pragmas -fno-threadsafe-statics -fno-use-cxa-atexit -std=gnu++14 -target fpga64-xilinx-linux-gnu -fno-threadsafe-statics -fno-use-cxa-atexit -D__VITIS_HLS__ -DAESL_SYN -D__SYNTHESIS__ -D__HLS_SYN__ -I /tools/Xilinx/Vitis_HLS/2022.1/common/technology/autopilot -I /tools/Xilinx/Vitis_HLS/2022.1/common/technology/autopilot/ap_sysc -include etc/autopilot_ssdm_op.h -D__DSP48E1__ -I /usr/include/x86_64-linux-gnu -o /home/ubuntu/course-lab_1/hls_ip/solution1/.autopilot/db/Multiplication.pp.0.cpp -hls-platform-db-name=/tools/Xilinx/Vitis_HLS/2022.1/common/technology/xilinx/common/platform.db -hls-platform-name=zynq_slow -device-resource-info=BRAM_280.000000_DSP_220.000000_FF_106400.000000_LUT_53200.000000_SLICE_13300.000000_URAM_0.000000 > /home/ubuntu/course-lab_1/hls_ip/solution1/.autopilot/db/Multiplication.cpp.clang.out.log 2> /home/ubuntu/course-lab_1/hls_ip/solution1/.autopilot/db/Multiplication.cpp.clang.err.log 
INFO-FLOW: Done: GCC PP 39 time: 0.1 seconds per iteration
Execute       set_directive_top multip_2num -name=multip_2num 
Execute       source /tools/Xilinx/Vitis_HLS/2022.1/tps/tcl/tcllib1.11.1/yaml/huddle.tcl 
Execute       source /tools/Xilinx/Vitis_HLS/2022.1/tps/tcl/tcllib1.11.1/yaml/json2huddle.tcl 
INFO-FLOW: Source syntax check for synthesis
Execute       ap_eval exec -ignorestderr /tools/Xilinx/Vitis_HLS/2022.1/lnx64/tools/clang-3.9-csynth/bin/clang -foptimization-record-file=/home/ubuntu/course-lab_1/hls_ip/solution1/.autopilot/db/clang.diag.yml -mllvm -pass-remarks-missed=reflow|pasta|unroll -mllvm -pass-remarks=reflow|pasta|unroll|inline -fsyntax-only -fhls -target fpga64-xilinx-linux-gnu /home/ubuntu/course-lab_1/hls_ip/solution1/.autopilot/db/Multiplication.pp.0.cpp -hls-platform-db-name=/tools/Xilinx/Vitis_HLS/2022.1/common/technology/xilinx/common/platform.db -hls-platform-name=zynq_slow -device-resource-info=BRAM_280.000000_DSP_220.000000_FF_106400.000000_LUT_53200.000000_SLICE_13300.000000_URAM_0.000000 > /home/ubuntu/course-lab_1/hls_ip/solution1/.autopilot/db/clang.out.log 2> /home/ubuntu/course-lab_1/hls_ip/solution1/.autopilot/db/clang.err.log 
Command       ap_eval done; 0.12 sec.
Execute       clang_tidy xilinx-systemc-detector -desc systemc-detector /home/ubuntu/course-lab_1/hls_ip/solution1/.autopilot/db/Multiplication.pp.0.cpp std=gnu++14 -target fpga  -directive=/home/ubuntu/course-lab_1/hls_ip/solution1/.autopilot/db/.systemc_flag 
INFO-FLOW: exec /tools/Xilinx/Vitis_HLS/2022.1/lnx64/tools/clang-3.9-csynth/bin/clang-tidy -header-filter=.* --checks=-*,xilinx-systemc-detector -import-directive=/home/ubuntu/course-lab_1/hls_ip/solution1/.autopilot/db/.systemc_flag -fix-errors /home/ubuntu/course-lab_1/hls_ip/solution1/.autopilot/db/Multiplication.pp.0.cpp -- -std=gnu++14 -target fpga -fhls -ferror-limit=0
INFO-FLOW: Running: clang-tidy CDT preprocess 39
Execute       clang_tidy xilinx-directive2pragma -desc directive2pragma /home/ubuntu/course-lab_1/hls_ip/solution1/.autopilot/db/Multiplication.pp.0.cpp std=gnu++14 -target fpga  -directive=/home/ubuntu/course-lab_1/hls_ip/solution1/.autopilot/db/all.directive.json 
INFO-FLOW: exec /tools/Xilinx/Vitis_HLS/2022.1/lnx64/tools/clang-3.9-csynth/bin/clang-tidy -header-filter=.* --checks=-*,xilinx-directive2pragma -import-directive=/home/ubuntu/course-lab_1/hls_ip/solution1/.autopilot/db/all.directive.json -fix-errors /home/ubuntu/course-lab_1/hls_ip/solution1/.autopilot/db/Multiplication.pp.0.cpp -- -std=gnu++14 -target fpga -fhls -ferror-limit=0
Execute       clang_tidy xilinx-remove-assert -desc remove-assert /home/ubuntu/course-lab_1/hls_ip/solution1/.autopilot/db/Multiplication.pp.0.cpp std=gnu++14 -target fpga  
INFO-FLOW: exec /tools/Xilinx/Vitis_HLS/2022.1/lnx64/tools/clang-3.9-csynth/bin/clang-tidy -header-filter=.* --checks=-*,xilinx-remove-assert -fix-errors /home/ubuntu/course-lab_1/hls_ip/solution1/.autopilot/db/Multiplication.pp.0.cpp -- -std=gnu++14 -target fpga -fhls -ferror-limit=0
INFO-FLOW: Done: clang-tidy CDT preprocess 39 time: 0.1 seconds per iteration
INFO-FLOW: Calling xilinx-label-all-loops ... 
INFO-FLOW: Calling xilinx-aggregate-on-hls-vector ... 
Execute       clang_tidy -errorcheck -desc loop-label xilinx-label-all-loops,xilinx-aggregate-on-hls-vector,,xilinx-warn-mayneed-no-ctor-attribute /home/ubuntu/course-lab_1/hls_ip/solution1/.autopilot/db/Multiplication.pp.0.cpp std=gnu++14 -target fpga  
Execute         ap_eval exec -ignorestderr /tools/Xilinx/Vitis_HLS/2022.1/lnx64/tools/clang-3.9-csynth/bin/clang-tidy -export-fixes=/home/ubuntu/course-lab_1/hls_ip/solution1/.autopilot/db/Multiplication.pp.0.cpp.clang-tidy.loop-label.diag.yml -header-filter=.* --checks=-*,xilinx-label-all-loops,xilinx-aggregate-on-hls-vector,,xilinx-warn-mayneed-no-ctor-attribute -fix-errors /home/ubuntu/course-lab_1/hls_ip/solution1/.autopilot/db/Multiplication.pp.0.cpp -- -std=gnu++14 -target fpga -fhls -ferror-limit=0 > /home/ubuntu/course-lab_1/hls_ip/solution1/.autopilot/db/Multiplication.pp.0.cpp.clang-tidy.loop-label.out.log 2> /home/ubuntu/course-lab_1/hls_ip/solution1/.autopilot/db/Multiplication.pp.0.cpp.clang-tidy.loop-label.err.log 
Execute       get_config_dataflow -strict_mode 
Execute       ap_eval exec -ignorestderr /tools/Xilinx/Vitis_HLS/2022.1/lnx64/tools/clang-3.9-csynth/bin/xilinx-dataflow-lawyer -export-fixes=/home/ubuntu/course-lab_1/hls_ip/solution1/.autopilot/db/Multiplication.pp.0.cpp.xilinx-dataflow-lawyer.diag.yml /home/ubuntu/course-lab_1/hls_ip/solution1/.autopilot/db/Multiplication.pp.0.cpp -- -std=gnu++14 -target fpga -fhls -ferror-limit=0 -fstrict-dataflow > /home/ubuntu/course-lab_1/hls_ip/solution1/.autopilot/db/Multiplication.pp.0.cpp.xilinx-dataflow-lawyer.out.log 2> /home/ubuntu/course-lab_1/hls_ip/solution1/.autopilot/db/Multiplication.pp.0.cpp.xilinx-dataflow-lawyer.err.log 
Execute       ap_part_info -name xc7z020-clg400-1 -data info 
INFO-FLOW: compiling source code to llvm bc
Execute       ap_eval exec -ignorestderr /tools/Xilinx/Vitis_HLS/2022.1/lnx64/tools/clang-3.9-csynth/bin/clang -foptimization-record-file=/home/ubuntu/course-lab_1/hls_ip/solution1/.autopilot/db/Multiplication.pp.0.cpp.clang.diag.yml -mllvm -pass-remarks-missed=reflow|pasta|unroll -mllvm -pass-remarks=reflow|pasta|unroll|inline -fno-limit-debug-info -fhls -flto -fno-exceptions -Wno-error=c++11-narrowing /home/ubuntu/course-lab_1/hls_ip/solution1/.autopilot/db/Multiplication.pp.0.cpp -fno-math-errno -c -emit-llvm -mllvm -disable-llvm-optzns -Werror=implicit-function-declaration -Werror=implicit-hls-streams -Werror=return-type -Wpragmas -Wunused-parameter -Wdump-hls-pragmas -fno-threadsafe-statics -fno-use-cxa-atexit -std=gnu++14 -target fpga64-xilinx-linux-gnu -D__VITIS_HLS__ -DAESL_SYN -D__SYNTHESIS__ -D__HLS_SYN__ -I /tools/Xilinx/Vitis_HLS/2022.1/common/technology/autopilot -I /tools/Xilinx/Vitis_HLS/2022.1/common/technology/autopilot/ap_sysc -include etc/autopilot_ssdm_op.h -D__DSP48E1__ -g -o /home/ubuntu/course-lab_1/hls_ip/solution1/.autopilot/db/Multiplication.bc -hls-platform-db-name=/tools/Xilinx/Vitis_HLS/2022.1/common/technology/xilinx/common/platform.db -hls-platform-name=zynq_slow -device-resource-info=BRAM_280.000000_DSP_220.000000_FF_106400.000000_LUT_53200.000000_SLICE_13300.000000_URAM_0.000000 > /home/ubuntu/course-lab_1/hls_ip/solution1/.autopilot/db/Multiplication.pp.0.cpp.clang.out.log 2> /home/ubuntu/course-lab_1/hls_ip/solution1/.autopilot/db/Multiplication.pp.0.cpp.clang.err.log 
Command       ap_eval done; 0.12 sec.
INFO: [HLS 200-111] Finished Source Code Analysis and Preprocessing: CPU user time: 0.36 seconds. CPU system time: 0.23 seconds. Elapsed time: 0.65 seconds; current allocated memory: 462.480 MB.
INFO-FLOW: Linking Debug ...
INFO-FLOW: Linking dut bc code.
Execute       run_link_or_opt -out /home/ubuntu/course-lab_1/hls_ip/solution1/.autopilot/db/a.g.ld.0.bc -args  "/home/ubuntu/course-lab_1/hls_ip/solution1/.autopilot/db/Multiplication.g.bc"  
Execute         ap_eval exec -ignorestderr /tools/Xilinx/Vitis_HLS/2022.1/lnx64/tools/clang-3.9-csynth/bin/llvm-link /home/ubuntu/course-lab_1/hls_ip/solution1/.autopilot/db/Multiplication.g.bc -o /home/ubuntu/course-lab_1/hls_ip/solution1/.autopilot/db/a.g.ld.0.bc > /home/ubuntu/course-lab_1/hls_ip/solution1/.autopilot/db/a.g.ld.0.bc.llvm-link.out.log 2> /home/ubuntu/course-lab_1/hls_ip/solution1/.autopilot/db/a.g.ld.0.bc.llvm-link.err.log 
INFO-FLOW: 
Execute       run_link_or_opt -opt -out /home/ubuntu/course-lab_1/hls_ip/solution1/.autopilot/db/a.g.ld.1.lower.bc -args /home/ubuntu/course-lab_1/hls_ip/solution1/.autopilot/db/a.g.ld.0.bc -reflow-lower-math-intrinsics 
Execute         ap_eval exec -ignorestderr /tools/Xilinx/Vitis_HLS/2022.1/lnx64/tools/clang-3.9-csynth/bin/opt -pass-remarks-missed=reflow|pasta|unroll -pass-remarks=reflow|pasta|unroll|inline -pass-remarks-output=/home/ubuntu/course-lab_1/hls_ip/solution1/.autopilot/db/a.g.ld.1.lower.bc.opt.diag.yml /home/ubuntu/course-lab_1/hls_ip/solution1/.autopilot/db/a.g.ld.0.bc -reflow-lower-math-intrinsics -o /home/ubuntu/course-lab_1/hls_ip/solution1/.autopilot/db/a.g.ld.1.lower.bc > /home/ubuntu/course-lab_1/hls_ip/solution1/.autopilot/db/a.g.ld.1.lower.bc.opt.out.log 2> /home/ubuntu/course-lab_1/hls_ip/solution1/.autopilot/db/a.g.ld.1.lower.bc.opt.err.log 
INFO-FLOW: 
INFO-FLOW: Linking math bc lib
Execute       run_link_or_opt -out /home/ubuntu/course-lab_1/hls_ip/solution1/.autopilot/db/a.g.ld.2.m1.bc -args /home/ubuntu/course-lab_1/hls_ip/solution1/.autopilot/db/a.g.ld.1.lower.bc -only-needed /tools/Xilinx/Vitis_HLS/2022.1/lnx64/lib/libhlsm_39.bc /tools/Xilinx/Vitis_HLS/2022.1/lnx64/lib/libhlsmc++_39.bc 
Execute         ap_eval exec -ignorestderr /tools/Xilinx/Vitis_HLS/2022.1/lnx64/tools/clang-3.9-csynth/bin/llvm-link /home/ubuntu/course-lab_1/hls_ip/solution1/.autopilot/db/a.g.ld.1.lower.bc -only-needed /tools/Xilinx/Vitis_HLS/2022.1/lnx64/lib/libhlsm_39.bc /tools/Xilinx/Vitis_HLS/2022.1/lnx64/lib/libhlsmc++_39.bc -o /home/ubuntu/course-lab_1/hls_ip/solution1/.autopilot/db/a.g.ld.2.m1.bc > /home/ubuntu/course-lab_1/hls_ip/solution1/.autopilot/db/a.g.ld.2.m1.bc.llvm-link.out.log 2> /home/ubuntu/course-lab_1/hls_ip/solution1/.autopilot/db/a.g.ld.2.m1.bc.llvm-link.err.log 
Command         ap_eval done; 3.44 sec.
INFO-FLOW: 
Command       run_link_or_opt done; 3.44 sec.
Execute       run_link_or_opt -opt -out /home/ubuntu/course-lab_1/hls_ip/solution1/.autopilot/db/a.g.ld.3.fpc.bc -args /home/ubuntu/course-lab_1/hls_ip/solution1/.autopilot/db/a.g.ld.2.m1.bc -reflow-globaldce -hls-top-function-name=multip_2num -reflow-float-conversion 
Execute         ap_eval exec -ignorestderr /tools/Xilinx/Vitis_HLS/2022.1/lnx64/tools/clang-3.9-csynth/bin/opt -pass-remarks-missed=reflow|pasta|unroll -pass-remarks=reflow|pasta|unroll|inline -pass-remarks-output=/home/ubuntu/course-lab_1/hls_ip/solution1/.autopilot/db/a.g.ld.3.fpc.bc.opt.diag.yml /home/ubuntu/course-lab_1/hls_ip/solution1/.autopilot/db/a.g.ld.2.m1.bc -reflow-globaldce -hls-top-function-name=multip_2num -reflow-float-conversion -o /home/ubuntu/course-lab_1/hls_ip/solution1/.autopilot/db/a.g.ld.3.fpc.bc > /home/ubuntu/course-lab_1/hls_ip/solution1/.autopilot/db/a.g.ld.3.fpc.bc.opt.out.log 2> /home/ubuntu/course-lab_1/hls_ip/solution1/.autopilot/db/a.g.ld.3.fpc.bc.opt.err.log 
Command         ap_eval done; 1.22 sec.
INFO-FLOW: 
Command       run_link_or_opt done; 1.22 sec.
Execute       run_link_or_opt -out /home/ubuntu/course-lab_1/hls_ip/solution1/.autopilot/db/a.g.ld.4.m2.bc -args /home/ubuntu/course-lab_1/hls_ip/solution1/.autopilot/db/a.g.ld.3.fpc.bc -only-needed /tools/Xilinx/Vitis_HLS/2022.1/lnx64/lib/libfloatconversion_39.bc 
Execute         ap_eval exec -ignorestderr /tools/Xilinx/Vitis_HLS/2022.1/lnx64/tools/clang-3.9-csynth/bin/llvm-link /home/ubuntu/course-lab_1/hls_ip/solution1/.autopilot/db/a.g.ld.3.fpc.bc -only-needed /tools/Xilinx/Vitis_HLS/2022.1/lnx64/lib/libfloatconversion_39.bc -o /home/ubuntu/course-lab_1/hls_ip/solution1/.autopilot/db/a.g.ld.4.m2.bc > /home/ubuntu/course-lab_1/hls_ip/solution1/.autopilot/db/a.g.ld.4.m2.bc.llvm-link.out.log 2> /home/ubuntu/course-lab_1/hls_ip/solution1/.autopilot/db/a.g.ld.4.m2.bc.llvm-link.err.log 
INFO-FLOW: 
Execute       run_link_or_opt -opt -out /home/ubuntu/course-lab_1/hls_ip/solution1/.autopilot/db/a.g.ld.5.gdce.bc -args /home/ubuntu/course-lab_1/hls_ip/solution1/.autopilot/db/a.g.ld.4.m2.bc -reflow-globaldce -hls-top-function-name=multip_2num 
Execute         ap_eval exec -ignorestderr /tools/Xilinx/Vitis_HLS/2022.1/lnx64/tools/clang-3.9-csynth/bin/opt -pass-remarks-missed=reflow|pasta|unroll -pass-remarks=reflow|pasta|unroll|inline -pass-remarks-output=/home/ubuntu/course-lab_1/hls_ip/solution1/.autopilot/db/a.g.ld.5.gdce.bc.opt.diag.yml /home/ubuntu/course-lab_1/hls_ip/solution1/.autopilot/db/a.g.ld.4.m2.bc -reflow-globaldce -hls-top-function-name=multip_2num -o /home/ubuntu/course-lab_1/hls_ip/solution1/.autopilot/db/a.g.ld.5.gdce.bc > /home/ubuntu/course-lab_1/hls_ip/solution1/.autopilot/db/a.g.ld.5.gdce.bc.opt.out.log 2> /home/ubuntu/course-lab_1/hls_ip/solution1/.autopilot/db/a.g.ld.5.gdce.bc.opt.err.log 
INFO-FLOW: 
Execute       get_solution -flow_target 
Execute       get_config_export -xo 
Execute       get_config_export -format 
Execute       get_config_rtl -module_prefix 
Execute       get_config_interface -default_slave_interface 
Execute       get_solution -flow_target 
Execute       get_config_export -xo 
Execute       get_config_export -format 
Execute       get_config_interface -m_axi_offset 
Execute       get_config_interface -m_axi_latency 
Execute       get_config_interface -m_axi_alignment_byte_size 
Execute       get_config_interface -m_axi_min_bitwidth 
Execute       get_config_interface -m_axi_max_bitwidth 
Execute       get_config_interface -m_axi_max_widen_bitwidth 
Execute       get_config_interface -m_axi_num_read_outstanding 
Execute       get_config_interface -m_axi_num_write_outstanding 
Execute       get_config_interface -m_axi_max_read_burst_length 
Execute       get_config_interface -m_axi_max_write_burst_length 
Execute       get_config_interface -m_axi_min_bitwidth 
Execute       get_config_interface -m_axi_max_bitwidth 
Execute       get_config_interface -m_axi_latency 
Execute       get_config_interface -m_axi_min_bitwidth 
Execute       get_config_interface -m_axi_max_bitwidth 
Execute       get_config_interface -m_axi_max_widen_bitwidth 
Execute       get_config_interface -m_axi_auto_max_ports 
Execute       get_config_interface -m_axi_num_read_outstanding 
Execute       get_config_interface -m_axi_num_write_outstanding 
Execute       get_config_interface -m_axi_max_read_burst_length 
Execute       get_config_interface -m_axi_max_write_burst_length 
Execute       get_config_interface -s_axilite_data64 
Execute       get_config_compile -instruction_warning_threshold 
Execute       get_config_compile -pipeline_loops 
Execute       get_config_interface -m_axi_alignment_byte_size 
Execute       get_config_compile -pragma_strict_mode 
Execute       get_config_compile -pipeline_style 
Execute       get_config_dataflow -strict_mode 
Execute       get_config_array_partition -throughput_driven 
Execute       send_msg_by_id INFO @200-777@%s Vivado 
INFO: [HLS 200-777] Using interface defaults for 'Vivado' flow target.
Execute       is_m_axi_addr64 
Execute       get_clock_period -ns -default 
INFO-FLOW: Doing LTO.
Execute       ap_eval exec -ignorestderr /tools/Xilinx/Vitis_HLS/2022.1/lnx64/tools/clang-3.9-csynth/bin/clang -foptimization-record-file=/home/ubuntu/course-lab_1/hls_ip/solution1/.autopilot/db/a.g.ld.0.bc.clang.diag.yml -mllvm -pass-remarks-missed=reflow|pasta|unroll -mllvm -pass-remarks=reflow|pasta|unroll|inline -fhls -mllvm -hls-top-function-name=multip_2num -mllvm -hls-db-dir -mllvm /home/ubuntu/course-lab_1/hls_ip/solution1/.autopilot/db -emit-llvm -c -target fpga64-xilinx-none -mllvm -xcl-xmlinfo=/home/ubuntu/course-lab_1/hls_ip/solution1/.autopilot/db/kernel.internal.xml -mllvm -top-io-mapping-info=/home/ubuntu/course-lab_1/hls_ip/solution1/.autopilot/db/top-io-fe.xml -mllvm -hls-bitcode-version=3.1 -mllvm -reflow-enable-slave-interface-default-setting=true -mllvm -gen-kernel-xml=false -mllvm -default-maxi-offset=slave -mllvm -maxi-latency=0 -mllvm -hls-maxi-data-size-in-bits=8 -mllvm -hls-maxi-max-data-size-in-bits=1024 -mllvm -hls-max-widen-size-in-bits=0 -mllvm -xcl-kernel-max-mem-ports=0 -mllvm -maxi-read-trans=16 -mllvm -maxi-write-trans=16 -mllvm -maxi-read-burst-len=16 -mllvm -maxi-write-burst-len=16 -mllvm -reflow-enable-saxi-64bits=0 -mllvm -reflow-basic-block-instr-threshold=200000 -mllvm -reflow-auto-pipeline-threshold=64 -mllvm -assume-maxi-align=0 -mllvm -no-unaligned-maxi-accesses -mllvm -reflow-pipeline-style-llvm-setting=2 -mllvm -reflow-enable-dataflow-strict-mode-checking=1 -mllvm -reflow-auto-array-partition-mode=default -mllvm -reflow-enable-auto-array-partition=true -mllvm -reflow-enable-auto-parallel-performance-driven=true -mllvm -reflow-enable-partition-for-automation=true -mllvm -reflow-aggregate-bitwidth-threshold=4096 -mllvm -hls -mllvm -disable-inlined-alloca-merging=true -x ir /home/ubuntu/course-lab_1/hls_ip/solution1/.autopilot/db/a.g.ld.5.gdce.bc -o /home/ubuntu/course-lab_1/hls_ip/solution1/.autopilot/db/a.g.lto.bc -hls-platform-db-name=/tools/Xilinx/Vitis_HLS/2022.1/common/technology/xilinx/common/platform.db -hls-platform-name=zynq_slow -device-resource-info=BRAM_280.000000_DSP_220.000000_FF_106400.000000_LUT_53200.000000_SLICE_13300.000000_URAM_0.000000 > /home/ubuntu/course-lab_1/hls_ip/solution1/.autopilot/db/a.g.ld.0.bc.clang.out.log 2> /home/ubuntu/course-lab_1/hls_ip/solution1/.autopilot/db/a.g.ld.0.bc.clang.err.log 
Command       ap_eval done; 0.19 sec.
INFO-FLOW: DBG:PUTS: copy_raw_kernel_xml ap_link_39: kernel.xml not generated: /home/ubuntu/course-lab_1/hls_ip/solution1/.autopilot/db/kernel.internal.xml
INFO: [HLS 200-111] Finished Compiling Optimization and Transform: CPU user time: 4.63 seconds. CPU system time: 0.38 seconds. Elapsed time: 5.06 seconds; current allocated memory: 462.480 MB.
INFO: [HLS 200-111] Finished Checking Pragmas: CPU user time: 0 seconds. CPU system time: 0 seconds. Elapsed time: 0 seconds; current allocated memory: 462.480 MB.
Execute       opt_and_import_c a -opt_level=2 -skip_syncheck=0 -ng=0 -keep_printf=0 
Execute         cleanup_all_models 
INFO: [HLS 200-10] Starting code transformations ...
INFO-FLOW: Running Standard Transforms...
Execute         transform -hls -share-std-xform -demangle-name -inline-byval-memcpy -always-inline -promote-dbg-pointer -interface-preproc -mem2reg -scalarrepl -mem2reg -keep-read-access -instcombine -dce -promote-dbg-pointer -bitop-raise -loop-simplify -indvarspre -indvars -loop-simplify -xunroll -constprop -instcombine -simplifycfg -indvars -simplifycfg -dce -globaldce -basicaa -simplifycfg -mem2reg -globalopt -global-constprop -deadargelim -instcombine -simplifycfg -scalarrepl -instcombine -reassociate -licm -simplifycfg -loop-simplify -indvars -instcombine -simplifycfg -mem2reg -loop-simplify -indvars -instcombine -gvn -gvn -instcombine -adce -break-crit-edges -simplifycfg -loop-delete -global-array-opt -dce -dse -adce -find-syn-modules -top multip_2num -deadargelim -mem2reg -instcombine -dce -presyn-prepare -auto-rom-infer -interface-preproc -syn-check -check-rec-only -find-region -simplifycfg -func-extr -function-inline -globaldce -mem2reg -instcombine -dce -gvn -globaldce -adce -adse -constprop -instcombine -bit-constprop -instcombine -dce -simplifycfg -bitop-raise -simplifycfg -dce -loop-delete -reassociate -globalopt -global-privatize -mem2reg -dce -global-constprop -pointer-simplify -constprop -dce -func-inst -deadargelim -auto-shift-reg-idiom -promote-dbg-pointer -norm-name /home/ubuntu/course-lab_1/hls_ip/solution1/.autopilot/db/a.g.0.bc -o /home/ubuntu/course-lab_1/hls_ip/solution1/.autopilot/db/a.g.1.bc -f -phase std-opt 
INFO: [HLS 200-111] Finished Standard Transforms: CPU user time: 0.02 seconds. CPU system time: 0 seconds. Elapsed time: 0.02 seconds; current allocated memory: 462.480 MB.
INFO: [HLS 200-10] Checking synthesizability ...
INFO-FLOW: Checking Synthesizability 1/2..
Execute         transform -hls -syn-check -check-rec-only -scalarrepl -norm-name -dce -mem2reg -instcombine -function-uniquify -directive-preproc -mem2reg -dse -dce -auto-rom-infer -dce -pag -array-normalize -instcombine -dce -array-seg-normalize -instcombine -dce -data-pack -instcombine -dce -inst-simplify -array-flatten -instcombine -dce -array-burst -dce -deadargelim -promote-global-argument -simplifycfg -mem2reg -globaldce -dce -deadargelim -dce -instcombine -function-inline -globaldce -dce -doublePtrSimplify -doublePtrElim -dce -doublePtrSimplify -promote-dbg-pointer -dce -scalarrepl -dse -adse -instcombine -ptrLegalization -simplifycfg -dce -instcombine -pointer-simplify -ptrArgReplace -dce -instcombine -resolve-double-ptr -scalarrepl -norm-name -dce -mem2reg -instcombine -ptrLegalization -simplifycfg -deadargelim -instcombine -dce -inst-simplify -function-uniquify -directive-preproc -mem2reg -dse -dce -globaldce /home/ubuntu/course-lab_1/hls_ip/solution1/.autopilot/db/a.g.1.bc -o /home/ubuntu/course-lab_1/hls_ip/solution1/.autopilot/db/a.g.2.prechk.bc -f 
INFO-FLOW: Checking Synthesizability 2/2..
Execute         transform -syn-check /home/ubuntu/course-lab_1/hls_ip/solution1/.autopilot/db/a.g.2.prechk.bc -o /home/ubuntu/course-lab_1/hls_ip/solution1/.autopilot/db/a.g.2.bc -f -phase syn-check 
INFO: [HLS 200-111] Finished Checking Synthesizability: CPU user time: 0 seconds. CPU system time: 0 seconds. Elapsed time: 0.01 seconds; current allocated memory: 462.480 MB.
INFO-FLOW: Compiler optimizing ...
INFO-FLOW: Share syncheck's 1.bc for syn flow: copy /home/ubuntu/course-lab_1/hls_ip/solution1/.autopilot/db/a.g.1.bc to /home/ubuntu/course-lab_1/hls_ip/solution1/.autopilot/db/a.o.1.bc
INFO-FLOW: Presyn 1...
Execute         transform -hls -tmp /home/ubuntu/course-lab_1/hls_ip/solution1/.autopilot/db -interface-port-rename -function-uniquify -directive-preproc -mem2reg -dse -dce -scalarrepl -norm-name -deadargelim -mem2reg -instcombine -dce -simplifycfg -auto-rom-infer -dce -function-uniquify -resource-proc -clib-intrinsic-prepare -dce -func-buffer -dce -pag -array-normalize -func-legal -instcombine -gvn -constprop -dce -simplifycfg -mem2reg -globaldce -resolve-double-ptr -dce -deadargelim -dce -instcombine -ptrArgReplace -mem2reg -dce -array-seg-normalize -deadargelim -instcombine -dce -function-uniquify -directive-preproc -mem2reg -dse -dce -pointer-simplify -dce -port-alignment -dce -interface-preproc -data-pack -instcombine -dce -basicaa -aggr-aa -aggrmodref-aa -aggr-aa -gvn -gvn -basicaa -aggr-aa -aggrmodref-aa -aggr-aa -dse -adse -adce -loop-simplify -indvars -instcombine -gvn -loop-simplify -mem2reg -dce -find-region -instcombine -auto-loop-pipeline -inst-simplify -interface-preproc -cfgopt -instcombine -indvars -auto-loop-unroll -loop-simplify -loop-bound -xunroll -constprop -instcombine -simplifycfg -indvars -simplifycfg -dce -globaldce -clean-region -attach-range -gvn -inst-simplify -constprop -simplifycfg -dce -pointer-simplify -dce -globalopt -constprop -dce -array-promote -scalar-auto-dep-elim -constprop -dce -ptrArgReplace -mem2reg -simplifycfg -dce -instcombine -dce -array-transform-check -array-reshape -instcombine -simplifycfg -dce -ptrArgReplace -deadargelim -mem2reg -instcombine -simplifycfg -dce -indvars -loop-simplify -loop-bound -xunroll -constprop -instcombine -simplifycfg -indvars -simplifycfg -dce -globaldce -basicaa -aggr-aa -aggrmodref-aa -aggr-aa -dse -duplicate-dataflow-processes -globaldce -instcombine -array-partition -prepare-dynamic-array-partition -instcombine -simplifycfg -dce -ptrArgReplace -global-constprop -deadargelim -mem2reg -func-legal -dce -global-constprop -deadargelim -mem2reg -simplifycfg -dce -merge-param -deadargelim -globalopt -constprop -dce -array-promote -scalar-auto-dep-elim -constprop -dce -ptrArgReplace -mem2reg -simplifycfg -dce -mem-intrinsic-preproc -dce -global-internalize -global-privatize -mem2reg -globaldce -promote-global-argument -ptrArgReplace -mem2reg -dce -globalopt -mergereturn -simplify-global-access -mem2reg -dce -pointer-simplify -dce -functionattrs -basicaa -aggr-aa -aggrmodref-aa -aggr-aa -gvn -gvn -basicaa -aggr-aa -aggrmodref-aa -aggr-aa -dse -adse -adce -dce -norm-name -basicaa -aggr-aa -aggrmodref-aa -aggr-aa -accesses-merge -function-inline -complex-op-raise -inst-simplify -globaldce -func-inst -constprop -instcombine -simplifycfg -dce -func-legal -dce -loop-bound -arraycheck -bitwidthmin2 -bitwidthmin2 -on-by-dataflow -loop-delete -instcombine -simplifycfg -globaldce -dce -gvn -deadargelim -dce -loop-simplify -clean-region -simplifycfg -propagate-stable-arguments -loop-stream -instcombine -simplifycfg -dce -globaldce -duplicate-dataflow-processes -stream-intrinsic-preproc -dce -check-ap-stream -loop-simplify -eliminate-keepreads -extract-dataflow-in-loop -loop-simplify -dce -gvn -deadargelim -dse -duplicate-dataflow-processes -check-dataflow-syntax -legalize-stream-variable -legalize-global -extract-subproc -dce -dead-channel-elimination -canonicalize-gep -globaldce -dce -gvn -hls-dead-arg-elim -deadargelim -directive-preproc -annotate-dataflow-channels -canonicalize-dataflow -dce -globaldce -scalar-preprocessing -scalar-propagation2 -deadargelim -globaldce -mem2reg -check-dataflow-channels -function-stream -dce -globaldce -prop-fifo-spec -internal-stream-gen -canonicalize-gep -globaldce -dce -gvn -deadargelim -mergereturn -indvars -loop-simplify -instcombine -array-stream -array-seg-normalize -array-partition -func-legal -instcombine -simplifycfg -dce -bundle-memfifo-ops -deadargelim -function-uniquify -directive-preproc -mem2reg -dse -dce -group-axi-access -licm -simplifycfg -dce -loop-delete -hls-display -norm-name /home/ubuntu/course-lab_1/hls_ip/solution1/.autopilot/db/a.o.1.bc -o /home/ubuntu/course-lab_1/hls_ip/solution1/.autopilot/db/a.o.1.tmp.bc -f 
INFO-FLOW: Presyn 2...
Execute         transform -hls -keep-callgraph -scalarrepl -mem2reg -port-alignment -attach-range -dce -pipe-mux-gen -indvars -loop-bound -inst-simplify -instcombine -dce -merge-array-access -mem2reg -dce -clean-region -mergereturn -if-conv -instcombine -dce -constprop -basicaa -aggr-aa -aggrmodref-aa -aggr-aa -gvn -gvn -basicaa -aggr-aa -aggrmodref-aa -aggr-aa -dse -adse -adce -scalarrepl -mem2reg -global-constprop -deadargelim -deadargelim -instcombine -dce -simplifycfg -ptrArgReplace -mem2reg -function-inline -globaldce -mem2reg -instcombine -dce -expr-balance -instcombine -dce -bitwidthmin2 -bitwidthmin2 -interface-preproc -directive-preproc -inst-rectify -instcombine -dce -functionattrs -constprop -instcombine -bit-constprop -simplify-global-access -globalopt -globaldce -inst-simplify -instcombine -elimdeaddata -dce -loop-delete -simplifycfg -loop-simplify -auto-burst -barrier -norm-name /home/ubuntu/course-lab_1/hls_ip/solution1/.autopilot/db/a.o.1.tmp.bc -o /home/ubuntu/course-lab_1/hls_ip/solution1/.autopilot/db/a.o.2.bc -f -phase presyn 
INFO: [HLS 200-111] Finished Loop, function and other optimizations: CPU user time: 0.03 seconds. CPU system time: 0.01 seconds. Elapsed time: 0.05 seconds; current allocated memory: 482.797 MB.
Execute         get_config_compile -enable_auto_rewind 
Execute         get_config_compile -enable_loop_extract 
INFO-FLOW: Building ssdm...
Execute         transform -hls -function-uniquify -auto-function-inline -globaldce -ptrArgReplace -mem2reg -dce -reset-lda -loop-simplify -indvars -aggr-aa -licm -loop-dep -loop-bound -licm -loop-simplify -loop-sink-hoist -flattenloopnest -array-flatten -gvn -instcombine -dce -array-map -dce -func-legal -gvn -adce -instcombine -cfgopt -simplifycfg -loop-simplify -array-burst -promote-global-argument -dce -array-seg-normalize -basicaa -aggrmodref-aa -globalsmodref-aa -aggr-aa -gvn -gvn -basicaa -aggrmodref-aa -globalsmodref-aa -aggr-aa -dse -adse -adce -licm -inst-simplify -dce -globaldce -instcombine -array-stream -eliminate-keepreads -instcombine -dce -deadargelim -doublePtrSimplify -doublePtrElim -dce -doublePtrSimplify -promote-dbg-pointer -dce -scalarrepl -mem2reg -norm-name -mem2reg -instcombine -dse -adse -adce -ptrLegalization -dce -auto-rom-infer -array-flatten -dce -instcombine -check-doubleptr -loop-rot -constprop -cfgopt -simplifycfg -loop-simplify -indvars -pointer-simplify -dce -loop-bound -loop-simplify -loop-preproc -constprop -global-constprop -gvn -mem2reg -instcombine -dce -loop-bound -loop-merge -dce -deadargelim -dce -canonicalize-dataflow -dce -deadargelim -globaldce -mem2reg -bram-byte-enable -load-elim -read-loop-dep -loop-simplify -loop-extract-inner -directive-preproc -bitwidthmin2 -bitwidthmin2 -read-loop-dep -interface-preproc -directive-preproc -interface-gen -bram-byte-enable-spec-prop -deadargelim -inst-simplify -dce -gvn -mem2reg -instcombine -dce -adse -loop-bound -instcombine -cfgopt -simplifycfg -loop-simplify -clean-region -io-protocol -find-region -mem2reg -bitop-raise -complex-op-raise -inst-simplify -inst-rectify -instcombine -adce -deadargelim -float-op-raise -loop-simplify -phi-opt -bitop-raise -cfgopt -simplifycfg -strip-dead-prototypes -interface-lower -bitop-lower -intrinsic-lower -auto-function-inline -basicaa -aggrmodref-aa -globalsmodref-aa -aggr-aa -inst-simplify -simplifycfg -loop-simplify -mergereturn -inst-simplify -inst-rectify -dce -load-elim -bitop-lower -float-op-raise -fma-raise -loop-rewind -pointer-simplify -dce -cfgopt -dce -loop-bound -loop-dep -read-loop-dep -dce -dyn-mem-reuse -dce -recurrence-min -dce -share-scalar-alloca -deadargelim -dce -check-stream -norm-name -legalize -validate-dataflow -inst-clarity -bitwidth -dump-loop-dep-to-ir -check-all-ssdm -cdfg-build /home/ubuntu/course-lab_1/hls_ip/solution1/.autopilot/db/a.o.2.bc -o /home/ubuntu/course-lab_1/hls_ip/solution1/.autopilot/db/a.o.3.bc -f -phase build-ssdm 
INFO: [HLS 200-111] Finished Architecture Synthesis: CPU user time: 0.03 seconds. CPU system time: 0 seconds. Elapsed time: 0.05 seconds; current allocated memory: 482.797 MB.
INFO-FLOW: Finish building internal data model.
Command       opt_and_import_c done; 0.13 sec.
Command     elaborate done; 5.84 sec.
Execute     ap_eval exec zip -j /home/ubuntu/course-lab_1/hls_ip/solution1/.autopilot/db/dut.hcp $dbDir/a.o.3.bc $dbDir/${topname}.rtl_wrap.cfg.tcl $dbDir/apatb_${topname}.cpp $dbDir/apatb_${topname}_util.cpp $dbDir/apatb_${topname}_ir.ll $dbDir/mapper_${topname}.cpp $dbDir/top-io-fe.xml $dbDir/kernel.internal.xml $workdir/../hls.app 
Execute     autosyn -from_csynth_design=1 
INFO: [HLS 200-10] Starting hardware synthesis ...
INFO-FLOW: Synthesizing C/C++ design ...
INFO: [HLS 200-10] Synthesizing 'multip_2num' ...
Execute       ap_set_top_model multip_2num 
Execute       get_model_list multip_2num -filter all-wo-channel -topdown 
Execute       preproc_iomode -model multip_2num 
Execute       get_model_list multip_2num -filter all-wo-channel 
INFO-FLOW: Model list for configure: multip_2num
INFO-FLOW: Configuring Module : multip_2num ...
Execute       set_default_model multip_2num 
Execute       apply_spec_resource_limit multip_2num 
INFO-FLOW: Model list for preprocess: multip_2num
INFO-FLOW: Preprocessing Module: multip_2num ...
Execute       set_default_model multip_2num 
Execute       cdfg_preprocess -model multip_2num 
Execute       rtl_gen_preprocess multip_2num 
INFO-FLOW: Model list for synthesis: multip_2num
INFO: [HLS 200-10] ----------------------------------------------------------------
INFO: [HLS 200-42] -- Implementing module 'multip_2num' 
INFO: [HLS 200-10] ----------------------------------------------------------------
Execute       set_default_model multip_2num 
Execute       schedule -model multip_2num 
INFO: [SCHED 204-11] Starting scheduling ...
INFO: [SCHED 204-11] Finished scheduling.
INFO: [HLS 200-111] Finished Scheduling: CPU user time: 0.05 seconds. CPU system time: 0.02 seconds. Elapsed time: 0.1 seconds; current allocated memory: 482.797 MB.
Execute       syn_report -verbosereport -o /home/ubuntu/course-lab_1/hls_ip/solution1/.autopilot/db/multip_2num.verbose.sched.rpt 
Execute         AP::get_flow_target_display_name
Execute           get_solution -flow_target 
Execute       db_write -o /home/ubuntu/course-lab_1/hls_ip/solution1/.autopilot/db/multip_2num.sched.adb -f 
INFO-FLOW: Finish scheduling multip_2num.
Execute       set_default_model multip_2num 
Execute       bind -model multip_2num 
INFO: [BIND 205-100] Starting micro-architecture generation ...
INFO: [BIND 205-101] Performing variable lifetime analysis.
INFO: [BIND 205-101] Exploring resource sharing.
INFO: [BIND 205-101] Binding ...
INFO: [BIND 205-100] Finished micro-architecture generation.
INFO: [HLS 200-111] Finished Binding: CPU user time: 0.05 seconds. CPU system time: 0.01 seconds. Elapsed time: 0.07 seconds; current allocated memory: 482.797 MB.
Execute       syn_report -verbosereport -o /home/ubuntu/course-lab_1/hls_ip/solution1/.autopilot/db/multip_2num.verbose.bind.rpt 
Execute         AP::get_flow_target_display_name
Execute           get_solution -flow_target 
Execute       db_write -o /home/ubuntu/course-lab_1/hls_ip/solution1/.autopilot/db/multip_2num.bind.adb -f 
INFO-FLOW: Finish binding multip_2num.
Execute       get_model_list multip_2num -filter all-wo-channel 
INFO-FLOW: Preprocessing for RTLGen ...
Execute       rtl_gen_preprocess multip_2num 
INFO-FLOW: Model list for RTL generation: multip_2num
INFO: [HLS 200-10] ----------------------------------------------------------------
INFO: [HLS 200-10] -- Generating RTL for module 'multip_2num' 
INFO: [HLS 200-10] ----------------------------------------------------------------
Execute       get_config_rtl -module_prefix 
Execute       get_config_rtl -module_prefix 
Execute       get_config_rtl -module_auto_prefix 
Execute       create_rtl_model multip_2num -top_prefix  -sub_prefix multip_2num_ -mg_file /home/ubuntu/course-lab_1/hls_ip/solution1/.autopilot/db/multip_2num.compgen.tcl 
WARNING: [RTGEN 206-101] Design contains AXI ports. Reset is fixed to synchronous and active low.
INFO: [RTGEN 206-500] Setting interface mode on port 'multip_2num/n32In1' to 's_axilite & ap_none'.
INFO: [RTGEN 206-500] Setting interface mode on port 'multip_2num/n32In2' to 's_axilite & ap_none'.
INFO: [RTGEN 206-500] Setting interface mode on port 'multip_2num/pn32ResOut' to 's_axilite & ap_vld'.
INFO: [RTGEN 206-500] Setting interface mode on function 'multip_2num' to 'ap_ctrl_hs'.
INFO: [RTGEN 206-100] Bundling port 'n32In1', 'n32In2' and 'pn32ResOut' to AXI-Lite port control.
INFO: [RTGEN 206-100] Generating core module 'mul_32s_32s_32_2_1': 1 instance(s).
INFO: [RTGEN 206-100] Finished creating RTL model for 'multip_2num'.
INFO: [HLS 200-111] Finished Creating RTL model: CPU user time: 0.04 seconds. CPU system time: 0 seconds. Elapsed time: 0.04 seconds; current allocated memory: 482.797 MB.
Execute       source /home/ubuntu/course-lab_1/hls_ip/solution1/.autopilot/db/multip_2num.rtl_wrap.cfg.tcl 
Execute       gen_rtl multip_2num -istop -style xilinx -f -lang vhdl -o /home/ubuntu/course-lab_1/hls_ip/solution1/syn/vhdl/multip_2num 
Execute       gen_rtl multip_2num -istop -style xilinx -f -lang vlog -o /home/ubuntu/course-lab_1/hls_ip/solution1/syn/verilog/multip_2num 
Execute       syn_report -csynth -model multip_2num -o /home/ubuntu/course-lab_1/hls_ip/solution1/syn/report/multip_2num_csynth.rpt 
Execute         AP::get_flow_target_display_name
Execute           get_solution -flow_target 
Execute       syn_report -rtlxml -model multip_2num -o /home/ubuntu/course-lab_1/hls_ip/solution1/syn/report/multip_2num_csynth.xml 
Execute         get_solution -flow_target
Execute           get_solution -flow_target 
Execute       syn_report -verbosereport -model multip_2num -o /home/ubuntu/course-lab_1/hls_ip/solution1/.autopilot/db/multip_2num.verbose.rpt 
Execute         AP::get_flow_target_display_name
Execute           get_solution -flow_target 
Execute       db_write -model multip_2num -f -o /home/ubuntu/course-lab_1/hls_ip/solution1/.autopilot/db/multip_2num.adb 
Execute       db_write -model multip_2num -bindview -o /home/ubuntu/course-lab_1/hls_ip/solution1/.autopilot/db/design.bindinfo.xml 
Execute       gen_tb_info multip_2num -p /home/ubuntu/course-lab_1/hls_ip/solution1/.autopilot/db -o /home/ubuntu/course-lab_1/hls_ip/solution1/.autopilot/db/multip_2num 
Execute       export_constraint_db -f -tool general -o /home/ubuntu/course-lab_1/hls_ip/solution1/.autopilot/db/multip_2num.constraint.tcl 
Execute       syn_report -designview -model multip_2num -o /home/ubuntu/course-lab_1/hls_ip/solution1/.autopilot/db/multip_2num.design.xml 
Execute       syn_report -csynthDesign -model multip_2num -o /home/ubuntu/course-lab_1/hls_ip/solution1/syn/report/csynth.rpt 
Execute         AP::get_flow_target_display_name
Execute           get_solution -flow_target 
Execute       get_config_rtl -disable_wave_debug 
Execute       syn_report -wcfg -model multip_2num -o /home/ubuntu/course-lab_1/hls_ip/solution1/.autopilot/db/multip_2num_dataflow_ana.wcfg 
Execute       syn_report -protoinst -model multip_2num -o /home/ubuntu/course-lab_1/hls_ip/solution1/.autopilot/db/multip_2num.protoinst 
Execute       get_config_debug -directory 
Execute       sc_get_clocks multip_2num 
Execute       get_config_export -vivado_clock 
Execute       get_config_rtl -module_prefix 
Execute       get_config_rtl -module_prefix 
Execute       get_config_rtl -module_auto_prefix 
Execute       sc_get_portdomain multip_2num 
INFO-FLOW: Model list for RTL component generation: multip_2num
INFO-FLOW: Handling components in module [multip_2num] ... 
Execute       source /home/ubuntu/course-lab_1/hls_ip/solution1/.autopilot/db/multip_2num.compgen.tcl 
INFO-FLOW: Found component multip_2num_mul_32s_32s_32_2_1.
INFO-FLOW: Append model multip_2num_mul_32s_32s_32_2_1
INFO-FLOW: Found component multip_2num_control_s_axi.
INFO-FLOW: Append model multip_2num_control_s_axi
INFO-FLOW: Append model multip_2num
INFO-FLOW: Generating RTL model list ...
INFO-FLOW: All models in this session: multip_2num_mul_32s_32s_32_2_1 multip_2num_control_s_axi multip_2num
INFO-FLOW: Generating /home/ubuntu/course-lab_1/hls_ip/solution1/.autopilot/db/autopilot.rtl.models.txt file...
INFO-FLOW: To file: write model multip_2num_mul_32s_32s_32_2_1
INFO-FLOW: To file: write model multip_2num_control_s_axi
INFO-FLOW: To file: write model multip_2num
INFO-FLOW: Generating /home/ubuntu/course-lab_1/hls_ip/solution1/.autopilot/db/autopilot.rtl.models.tcl file...
INFO-FLOW: Finished generating RTL model list.


INFO-FLOW: RTL Generation done.
INFO-FLOW: CAS Generation done.
INFO-FLOW: CBC Generation done.
INFO-FLOW: DBG:PROC: ::AESL_AUTOMG::auto_generate_csynth_design
Execute       get_top 
Execute       get_config_export -ipname 
Execute       get_config_export -xo 
Execute       get_config_export -format 
Execute       get_config_rtl -module_auto_prefix 
INFO-FLOW: DBG:PUTS: read_platform_lib /home/ubuntu/course-lab_1/hls_ip/solution1/.autopilot/db/global.setting.tcl
Execute       source /tools/Xilinx/Vitis_HLS/2022.1/common/technology/generic/autopilot/common.gen 
Execute         source /tools/Xilinx/Vitis_HLS/2022.1/common/technology/generic/autopilot/APCoreGen.gen 
Execute       source /tools/Xilinx/Vitis_HLS/2022.1/common/technology/generic/autopilot/op.gen 
Execute       source /tools/Xilinx/Vitis_HLS/2022.1/common/technology/generic/autopilot/op_simcore.gen 
Execute       source /tools/Xilinx/Vitis_HLS/2022.1/common/technology/generic/autopilot/interface.gen 
Execute       source /home/ubuntu/course-lab_1/hls_ip/solution1/.autopilot/db/global.setting.tcl 
Execute       source /tools/Xilinx/Vitis_HLS/2022.1/common/technology/xilinx/common/xilinx.gen 
Execute         source /tools/Xilinx/Vitis_HLS/2022.1/common/technology/xilinx/interface/plb46.gen 
Execute         source /tools/Xilinx/Vitis_HLS/2022.1/common/technology/xilinx/interface/axi4.gen 
Execute         source /tools/Xilinx/Vitis_HLS/2022.1/common/technology/xilinx/interface/nativeAXI4.gen 
Execute           source /tools/Xilinx/Vitis_HLS/2022.1/common/technology/xilinx/interface/saxilite.gen 
Execute         source /tools/Xilinx/Vitis_HLS/2022.1/common/technology/xilinx/scripts/xilinxcoregen.gen 
Execute         source /tools/Xilinx/Vitis_HLS/2022.1/common/technology/xilinx/interface/XilEDKCoreGen.gen 
Execute         source /tools/Xilinx/Vitis_HLS/2022.1/common/technology/xilinx/ip/xfir.gen 
Execute         source /tools/Xilinx/Vitis_HLS/2022.1/common/technology/xilinx/ip/xfft.gen 
Command         ap_source done; 0.23 sec.
Execute         source /tools/Xilinx/Vitis_HLS/2022.1/common/technology/xilinx/ip/dds_compiler.gen 
Execute         source /tools/Xilinx/Vitis_HLS/2022.1/common/technology/xilinx/ip/util.gen 
Execute         source /tools/Xilinx/Vitis_HLS/2022.1/common/technology/xilinx/DSP48/dsp48.gen 
Command       ap_source done; 0.29 sec.
INFO-FLOW: DBG:PUTS:   using AESL_AUTOCG::g_clock_period=10.000 (was NA)
INFO-FLOW: DBG:PROC: ::AESL_AUTOMG::generate_ip_cores gen_sim_model='1' gen_fp_models='0' gen_for_export='0' dstSCDir='' dstVhdlDir='/home/ubuntu/course-lab_1/hls_ip/solution1/.autopilot/db/vhdl' dstVlogDir='/home/ubuntu/course-lab_1/hls_ip/solution1/.autopilot/db/vlog' tclDir='/home/ubuntu/course-lab_1/hls_ip/solution1/.autopilot/db' modelList='multip_2num_mul_32s_32s_32_2_1
multip_2num_control_s_axi
multip_2num
' expOnly='0'
Execute       source /home/ubuntu/course-lab_1/hls_ip/solution1/.autopilot/db/global.setting.tcl 
Execute       ap_part_info -name xc7z020-clg400-1 -data names -quiet 
Execute       ap_part_info -name xc7z020-clg400-1 -data info -quiet 
Execute       source /home/ubuntu/course-lab_1/hls_ip/solution1/.autopilot/db/global.setting.tcl 
Execute       source /home/ubuntu/course-lab_1/hls_ip/solution1/.autopilot/db/global.setting.tcl 
Execute       source /home/ubuntu/course-lab_1/hls_ip/solution1/.autopilot/db/multip_2num.compgen.tcl 
Execute         source ./control.slave.tcl 
INFO: [HLS 200-111] Finished Generating all RTL models: CPU user time: 0.36 seconds. CPU system time: 0.02 seconds. Elapsed time: 0.54 seconds; current allocated memory: 482.797 MB.
INFO-FLOW: DBG:PROC: ::HLSREPORTS::create_csynth_xml bind_info_var='bind_info' RtlSubPrefix='multip_2num_' outfile=''
INFO-FLOW: Running: create_csynth_xml read xml data
INFO-FLOW: Done: create_csynth_xml read xml data time: 0 seconds per iteration
INFO-FLOW: Running: create_csynth_xml bind info
INFO-FLOW: Done: create_csynth_xml bind info time: 0 seconds per iteration
INFO-FLOW: Running: create_csynth_xml config info
Execute       get_config_op mul -impl 
Execute       get_config_op mul -latency 
Execute       get_config_op mul -precision 
Execute       get_config_op add -impl 
Execute       get_config_op add -latency 
Execute       get_config_op add -precision 
Execute       get_config_op sub -impl 
Execute       get_config_op sub -latency 
Execute       get_config_op sub -precision 
Execute       get_config_op fadd -impl 
Execute       get_config_op fadd -latency 
Execute       get_config_op fadd -precision 
Execute       get_config_op fsub -impl 
Execute       get_config_op fsub -latency 
Execute       get_config_op fsub -precision 
Execute       get_config_op fdiv -impl 
Execute       get_config_op fdiv -latency 
Execute       get_config_op fdiv -precision 
Execute       get_config_op fexp -impl 
Execute       get_config_op fexp -latency 
Execute       get_config_op fexp -precision 
Execute       get_config_op flog -impl 
Execute       get_config_op flog -latency 
Execute       get_config_op flog -precision 
Execute       get_config_op fmul -impl 
Execute       get_config_op fmul -latency 
Execute       get_config_op fmul -precision 
Execute       get_config_op frsqrt -impl 
Execute       get_config_op frsqrt -latency 
Execute       get_config_op frsqrt -precision 
Execute       get_config_op frecip -impl 
Execute       get_config_op frecip -latency 
Execute       get_config_op frecip -precision 
Execute       get_config_op fsqrt -impl 
Execute       get_config_op fsqrt -latency 
Execute       get_config_op fsqrt -precision 
Execute       get_config_op dadd -impl 
Execute       get_config_op dadd -latency 
Execute       get_config_op dadd -precision 
Execute       get_config_op dsub -impl 
Execute       get_config_op dsub -latency 
Execute       get_config_op dsub -precision 
Execute       get_config_op ddiv -impl 
Execute       get_config_op ddiv -latency 
Execute       get_config_op ddiv -precision 
Execute       get_config_op dexp -impl 
Execute       get_config_op dexp -latency 
Execute       get_config_op dexp -precision 
Execute       get_config_op dlog -impl 
Execute       get_config_op dlog -latency 
Execute       get_config_op dlog -precision 
Execute       get_config_op dmul -impl 
Execute       get_config_op dmul -latency 
Execute       get_config_op dmul -precision 
Execute       get_config_op drsqrt -impl 
Execute       get_config_op drsqrt -latency 
Execute       get_config_op drsqrt -precision 
Execute       get_config_op drecip -impl 
Execute       get_config_op drecip -latency 
Execute       get_config_op drecip -precision 
Execute       get_config_op dsqrt -impl 
Execute       get_config_op dsqrt -latency 
Execute       get_config_op dsqrt -precision 
Execute       get_config_op hadd -impl 
Execute       get_config_op hadd -latency 
Execute       get_config_op hadd -precision 
Execute       get_config_op hsub -impl 
Execute       get_config_op hsub -latency 
Execute       get_config_op hsub -precision 
Execute       get_config_op hdiv -impl 
Execute       get_config_op hdiv -latency 
Execute       get_config_op hdiv -precision 
Execute       get_config_op hmul -impl 
Execute       get_config_op hmul -latency 
Execute       get_config_op hmul -precision 
Execute       get_config_op hsqrt -impl 
Execute       get_config_op hsqrt -latency 
Execute       get_config_op hsqrt -precision 
Execute       get_config_op facc -impl 
Execute       get_config_op facc -latency 
Execute       get_config_op facc -precision 
Execute       get_config_op fmacc -impl 
Execute       get_config_op fmacc -latency 
Execute       get_config_op fmacc -precision 
Execute       get_config_op fmadd -impl 
Execute       get_config_op fmadd -latency 
Execute       get_config_op fmadd -precision 
Execute       get_config_storage fifo -auto_srl_max_bits 
Execute       get_config_storage fifo -auto_srl_max_depth 
Execute       get_config_storage fifo -impl 
Execute       get_solution -flow_target 
Execute       get_config_array_partition -complete_threshold 
Execute       get_config_array_partition -throughput_driven 
Execute       get_config_compile -enable_auto_rewind 
Execute       get_config_compile -ignore_long_run_time 
Execute       get_config_compile -name_max_length 
Execute       get_config_compile -no_signed_zeros 
Execute       get_config_compile -pipeline_loops 
Execute       get_config_compile -pipeline_style 
Execute       get_config_compile -pragma_strict_mode 
Execute       get_config_compile -pre_tcl 
Execute       get_config_compile -unsafe_math_optimizations 
Execute       get_config_dataflow -default_channel 
Execute       get_config_dataflow -disable_fifo_sizing_opt 
Execute       get_config_dataflow -fifo_depth 
Execute       get_config_dataflow -override_user_fifo_depth 
Execute       get_config_dataflow -scalar_fifo_depth 
Execute       get_config_dataflow -start_fifo_depth 
Execute       get_config_dataflow -strict_mode 
Execute       get_config_dataflow -strict_stable_sync 
Execute       get_config_dataflow -task_level_fifo_depth 
Execute       get_config_debug -directory 
Execute       get_config_debug -enable 
Execute       get_config_export -description 
Execute       get_config_export -display_name 
Execute       get_config_export -format 
Execute       get_config_export -ip_xdc_file 
Execute       get_config_export -ip_xdc_ooc_file 
Execute       get_config_export -ipname 
Execute       get_config_export -library 
Execute       get_config_export -output 
Execute       get_config_export -rtl 
Execute       get_config_export -taxonomy 
Execute       get_config_export -vendor 
Execute       get_config_export -version 
Execute       get_config_export -vivado_clock 
Execute       get_config_export -vivado_impl_strategy 
Execute       get_config_export -vivado_max_timing_paths 
Execute       get_config_export -vivado_optimization_level 
Execute       get_config_export -vivado_pblock 
Execute       get_config_export -vivado_phys_opt 
Execute       get_config_export -vivado_report_level 
Execute       get_config_export -vivado_synth_design_args 
Execute       get_config_export -vivado_synth_strategy 
Execute       get_config_interface -clock_enable 
Execute       get_config_interface -default_slave_interface 
Execute       get_config_interface -m_axi_addr64 
Execute       get_config_interface -m_axi_alignment_byte_size 
Execute       get_config_interface -m_axi_auto_max_ports 
Execute       get_config_interface -m_axi_buffer_impl 
Execute       get_config_interface -m_axi_conservative_mode 
Execute       get_config_interface -m_axi_flush_mode 
Execute       get_config_interface -m_axi_latency 
Execute       get_config_interface -m_axi_max_bitwidth 
Execute       get_config_interface -m_axi_max_read_burst_length 
Execute       get_config_interface -m_axi_max_widen_bitwidth 
Execute       get_config_interface -m_axi_max_write_burst_length 
Execute       get_config_interface -m_axi_min_bitwidth 
Execute       get_config_interface -m_axi_num_read_outstanding 
Execute       get_config_interface -m_axi_num_write_outstanding 
Execute       get_config_interface -m_axi_offset 
Execute       get_config_interface -register_io 
Execute       get_config_interface -s_axilite_auto_restart_counter 
Execute       get_config_interface -s_axilite_data64 
Execute       get_config_interface -s_axilite_interrupt_mode 
Execute       get_config_interface -s_axilite_mailbox 
Execute       get_config_interface -s_axilite_status_regs 
Execute       get_config_interface -s_axilite_sw_reset 
Execute       get_config_rtl -deadlock_detection 
Execute       get_config_rtl -header 
Execute       get_config_rtl -kernel_profile 
Execute       get_config_rtl -module_auto_prefix 
Execute       get_config_rtl -module_prefix 
Execute       get_config_rtl -mult_keep_attribute 
Execute       get_config_rtl -register_all_io 
Execute       get_config_rtl -register_reset_num 
Execute       get_config_rtl -reset 
Execute       get_config_rtl -reset_async 
Execute       get_config_rtl -reset_level 
Execute       get_config_schedule -enable_dsp_full_reg 
Execute       get_config_unroll -tripcount_threshold 
INFO-FLOW: Done: create_csynth_xml config info time: 0.1 seconds per iteration
INFO-FLOW: Running: create_csynth_xml write xml
INFO-FLOW: Done: create_csynth_xml write xml time: 0 seconds per iteration
INFO-FLOW: DBG:PUTS:      create_csynth_xml wrote csynth_xml=/home/ubuntu/course-lab_1/hls_ip/solution1/syn/report/csynth.xml
INFO-FLOW: DBG:PROC: ::AP::DESIGN_DATA::generate_json generate_bd_files='0' generate_xo_files='0' modelList='multip_2num_mul_32s_32s_32_2_1
multip_2num_control_s_axi
multip_2num
' rtl_lang='both' bootstrap_tcl='false' outdir='' outfilename=''
Execute       source /home/ubuntu/course-lab_1/hls_ip/solution1/.autopilot/db/global.setting.tcl 
Execute       source /home/ubuntu/course-lab_1/hls_ip/solution1/.autopilot/db/global.setting.tcl 
Execute       get_solution -flow_target 
Execute       get_config_export -xo 
Execute       get_config_export -format 
Execute       source /home/ubuntu/course-lab_1/hls_ip/solution1/.autopilot/db/top-io-be.tcl 
Execute       source /home/ubuntu/course-lab_1/hls_ip/solution1/.autopilot/db/multip_2num.tbgen.tcl 
Execute       source /home/ubuntu/course-lab_1/hls_ip/solution1/.autopilot/db/multip_2num.compgen.dataonly.tcl 
Execute       source /home/ubuntu/course-lab_1/hls_ip/solution1/.autopilot/db/multip_2num.compgen.dataonly.tcl 
Execute       source /home/ubuntu/course-lab_1/hls_ip/solution1/.autopilot/db/multip_2num.rtl_wrap.cfg.tcl 
Execute       source /home/ubuntu/course-lab_1/hls_ip/solution1/.autopilot/db/multip_2num.compgen.dataonly.tcl 
Execute       get_config_export -format 
Execute       get_config_export -vendor 
Execute       get_config_export -library 
Execute       get_config_export -version 
Execute       get_config_export -ipname 
Execute       get_config_export -taxonomy 
Execute       get_config_export -description 
Execute       get_config_export -display_name 
Execute       source /home/ubuntu/course-lab_1/hls_ip/solution1/.autopilot/db/multip_2num.tbgen.tcl 
Execute       source /home/ubuntu/course-lab_1/hls_ip/solution1/.autopilot/db/global.setting.tcl 
Execute       ap_part_info -name xc7z020-clg400-1 -data names -quiet 
Execute       ap_part_info -name xc7z020-clg400-1 -data info -quiet 
Execute       get_solution -flow_target 
Execute       get_config_rtl -kernel_profile 
Execute       get_config_rtl -kernel_profile 
Execute       get_config_rtl -stall_sig_gen 
Execute       get_config_rtl -profile 
Execute       source /home/ubuntu/course-lab_1/hls_ip/solution1/.autopilot/db/multip_2num.constraint.tcl 
Execute       sc_get_clocks multip_2num 
Execute       source /home/ubuntu/course-lab_1/hls_ip/solution1/.autopilot/db/global.setting.tcl 
Execute       get_config_export -ip_xdc_file 
Execute       get_config_export -ip_xdc_ooc_file 
Execute       get_config_debug -directory 
INFO-FLOW: DBG:PROC: ::HLSREPORTS::add_csynth_report_sections bind_info_dict='adapter_nodes {{BINDTYPE adapter DISPLAY {bind_adapter axilite} ID {} IMPL {} LATENCY {} OPTYPE {} PRAGMA yes RTLNAME control_s_axi_U SOURCE {} VARIABLE {} MODULE multip_2num LOOP {} BUNDLEDNAME control DSP 0 BRAM 0 URAM 0}} report_dict {TOPINST multip_2num MODULE2INSTS {multip_2num multip_2num} INST2MODULE {multip_2num multip_2num} INSTDATA {multip_2num {DEPTH 1 CHILDREN {}}} MODULEDATA {multip_2num {BINDINFO {{BINDTYPE op ID {} IMPL auto LATENCY 1 OPTYPE mul PRAGMA {} RTLNAME mul_32s_32s_32_2_1_U1 SOURCE hls_Multiplication/Multiplication.cpp:11 VARIABLE mul_ln11 LOOP {} BUNDLEDNAME {} DSP 3 BRAM 0 URAM 0 DISPNAME {bind_op mul}}} AREA {DSP 3 BRAM 0 URAM 0}}}}'
INFO-FLOW: DBG:PUTS:      update_csynth_reports json2rpt_hw_sw_interfaces
INFO-FLOW: Running: gen_csynth_sec_pragma
INFO-FLOW: Done: gen_csynth_sec_pragma time: 0 seconds per iteration
INFO-FLOW: DBG:PUTS:      update_csynth_reports wrote xml
INFO-FLOW: DBG:PUTS:      update_csynth_reports appended to csynth rpt file
INFO: [HLS 200-111] Finished Updating report files: CPU user time: 0.46 seconds. CPU system time: 0 seconds. Elapsed time: 0.47 seconds; current allocated memory: 483.961 MB.
INFO: [VHDL 208-304] Generating VHDL RTL for multip_2num.
INFO: [VLOG 209-307] Generating Verilog RTL for multip_2num.
Execute       syn_report -model multip_2num -printsummary 
INFO: [HLS 200-789] **** Estimated Fmax: 144.68 MHz
Command     autosyn done; 1.2 sec.
Command   csynth_design done; 7.07 sec.
INFO: [HLS 200-111] Finished Command csynth_design CPU user time: 6.06 seconds. CPU system time: 0.68 seconds. Elapsed time: 7.07 seconds; current allocated memory: 21.551 MB.
Command ap_source done; 12.42 sec.
Execute cleanup_all 
INFO-FLOW: Workspace /home/ubuntu/course-lab_1/hls_ip/solution1 opened at Sat Sep 23 11:26:38 EDT 2023
Execute     ap_set_clock -name default -period 10 -default=false 
INFO: [SYN 201-201] Setting up clock 'default' with a period of 10ns.
Execute     set_part xc7z020-clg400-1 
Execute       create_platform xc7z020-clg400-1 -board  
DBG:HLSDevice: Trying to load device library: /tools/Xilinx/Vitis_HLS/2022.1/lib/lnx64.o/librdi_hlsvwrap.so
DBG:HLSDevice: first parts/arch.xml in RDI_DATADIR: /tools/Xilinx/Vivado/2022.1/data/parts/arch.xml
DBG:HLSDevice: init success
INFO: [HLS 200-1611] Setting target device to 'xc7z020-clg400-1'
Command       create_platform done; 6.29 sec.
Execute       source /tools/Xilinx/Vitis_HLS/2022.1/common/technology/xilinx/common/xilinx.gen 
Execute         source /tools/Xilinx/Vitis_HLS/2022.1/common/technology/xilinx/interface/plb46.gen 
Execute         source /tools/Xilinx/Vitis_HLS/2022.1/common/technology/xilinx/interface/axi4.gen 
Execute         source /tools/Xilinx/Vitis_HLS/2022.1/common/technology/xilinx/interface/nativeAXI4.gen 
Execute           source /tools/Xilinx/Vitis_HLS/2022.1/common/technology/xilinx/interface/saxilite.gen 
Execute         source /tools/Xilinx/Vitis_HLS/2022.1/common/technology/xilinx/scripts/xilinxcoregen.gen 
Execute         source /tools/Xilinx/Vitis_HLS/2022.1/common/technology/xilinx/interface/XilEDKCoreGen.gen 
Execute         source /tools/Xilinx/Vitis_HLS/2022.1/common/technology/xilinx/ip/xfir.gen 
Execute         source /tools/Xilinx/Vitis_HLS/2022.1/common/technology/xilinx/ip/xfft.gen 
Command         ap_source done; 0.21 sec.
Execute         source /tools/Xilinx/Vitis_HLS/2022.1/common/technology/xilinx/ip/dds_compiler.gen 
Execute         source /tools/Xilinx/Vitis_HLS/2022.1/common/technology/xilinx/ip/util.gen 
Execute         source /tools/Xilinx/Vitis_HLS/2022.1/common/technology/xilinx/DSP48/dsp48.gen 
Command       ap_source done; 0.24 sec.
Execute       ap_part_info -name xc7z020-clg400-1 -data info 
Execute       config_compile -quiet -complex-mul-dsp=0 
Command     set_part done; 6.62 sec.
Execute     send_msg_by_id INFO @200-1505@%s%s  vivado 
INFO: [HLS 200-1505] Using flow_target 'vivado'
Execute     get_config_interface -m_axi_latency 
Execute     get_config_interface -m_axi_alignment_byte_size 
Execute     get_config_interface -m_axi_max_widen_bitwidth 
Execute     get_config_interface -default_interface 
Execute     get_config_rtl -register_reset_num 
Execute     send_msg_by_id INFO @200-1464@%s config_export -format=ip_catalog 
INFO: [HLS 200-1464] Running solution command: config_export -format=ip_catalog
Execute     config_export -format=ip_catalog 
Execute     send_msg_by_id INFO @200-1464@%s config_export -rtl=verilog 
INFO: [HLS 200-1464] Running solution command: config_export -rtl=verilog
Execute     config_export -rtl=verilog 
Command   open_solution done; 6.66 sec.
Execute   set_part xc7z020-clg400-1 
INFO: [HLS 200-1510] Running: set_part xc7z020-clg400-1 
Execute     create_platform xc7z020-clg400-1 -board  
Execute     source /tools/Xilinx/Vitis_HLS/2022.1/common/technology/xilinx/common/xilinx.gen 
Execute       source /tools/Xilinx/Vitis_HLS/2022.1/common/technology/xilinx/interface/plb46.gen 
Execute       source /tools/Xilinx/Vitis_HLS/2022.1/common/technology/xilinx/interface/axi4.gen 
Execute       source /tools/Xilinx/Vitis_HLS/2022.1/common/technology/xilinx/interface/nativeAXI4.gen 
Execute         source /tools/Xilinx/Vitis_HLS/2022.1/common/technology/xilinx/interface/saxilite.gen 
Execute       source /tools/Xilinx/Vitis_HLS/2022.1/common/technology/xilinx/scripts/xilinxcoregen.gen 
Execute       source /tools/Xilinx/Vitis_HLS/2022.1/common/technology/xilinx/interface/XilEDKCoreGen.gen 
Execute       source /tools/Xilinx/Vitis_HLS/2022.1/common/technology/xilinx/ip/xfir.gen 
Execute       source /tools/Xilinx/Vitis_HLS/2022.1/common/technology/xilinx/ip/xfft.gen 
Command       ap_source done; 0.18 sec.
Execute       source /tools/Xilinx/Vitis_HLS/2022.1/common/technology/xilinx/ip/dds_compiler.gen 
Execute       source /tools/Xilinx/Vitis_HLS/2022.1/common/technology/xilinx/ip/util.gen 
Execute       source /tools/Xilinx/Vitis_HLS/2022.1/common/technology/xilinx/DSP48/dsp48.gen 
Command     ap_source done; 0.21 sec.
Execute     ap_part_info -name xc7z020-clg400-1 -data info 
Execute     config_compile -quiet -complex-mul-dsp=0 
Command   set_part done; 0.34 sec.
Execute   create_clock -period 10 -name default 
INFO: [HLS 200-1510] Running: create_clock -period 10 -name default 
Execute   config_export -format ip_catalog -rtl verilog 
INFO: [HLS 200-1510] Running: config_export -format ip_catalog -rtl verilog 
Execute   source ./hls_ip/solution1/directives.tcl 
INFO: [HLS 200-1510] Running: source ./hls_ip/solution1/directives.tcl
Execute     set_directive_top -name multip_2num multip_2num 
INFO: [HLS 200-1510] Running: set_directive_top -name multip_2num multip_2num 
Execute   cosim_design -trace_level all 
INFO: [HLS 200-1510] Running: cosim_design -trace_level all 
Execute     source /home/ubuntu/course-lab_1/hls_ip/solution1/.autopilot/db/global.setting.tcl 
Execute     source /home/ubuntu/course-lab_1/hls_ip/solution1/.autopilot/db/global.setting.tcl 
Execute     source /home/ubuntu/course-lab_1/hls_ip/solution1/.autopilot/db/global.setting.tcl 
INFO-FLOW: DBG:PUTS: read_platform_lib /home/ubuntu/course-lab_1/hls_ip/solution1/.autopilot/db/global.setting.tcl
Execute     source /tools/Xilinx/Vitis_HLS/2022.1/common/technology/generic/autopilot/common.gen 
Execute       source /tools/Xilinx/Vitis_HLS/2022.1/common/technology/generic/autopilot/APCoreGen.gen 
Execute     source /tools/Xilinx/Vitis_HLS/2022.1/common/technology/generic/autopilot/op.gen 
Execute     source /tools/Xilinx/Vitis_HLS/2022.1/common/technology/generic/autopilot/op_simcore.gen 
Execute     source /tools/Xilinx/Vitis_HLS/2022.1/common/technology/generic/autopilot/interface.gen 
Execute     source /home/ubuntu/course-lab_1/hls_ip/solution1/.autopilot/db/global.setting.tcl 
Execute     source /tools/Xilinx/Vitis_HLS/2022.1/common/technology/xilinx/common/xilinx.gen 
Execute       source /tools/Xilinx/Vitis_HLS/2022.1/common/technology/xilinx/interface/plb46.gen 
Execute       source /tools/Xilinx/Vitis_HLS/2022.1/common/technology/xilinx/interface/axi4.gen 
Execute       source /tools/Xilinx/Vitis_HLS/2022.1/common/technology/xilinx/interface/nativeAXI4.gen 
Execute         source /tools/Xilinx/Vitis_HLS/2022.1/common/technology/xilinx/interface/saxilite.gen 
Execute       source /tools/Xilinx/Vitis_HLS/2022.1/common/technology/xilinx/scripts/xilinxcoregen.gen 
Execute       source /tools/Xilinx/Vitis_HLS/2022.1/common/technology/xilinx/interface/XilEDKCoreGen.gen 
Execute       source /tools/Xilinx/Vitis_HLS/2022.1/common/technology/xilinx/ip/xfir.gen 
Execute       source /tools/Xilinx/Vitis_HLS/2022.1/common/technology/xilinx/ip/xfft.gen 
Command       ap_source done; 0.16 sec.
Execute       source /tools/Xilinx/Vitis_HLS/2022.1/common/technology/xilinx/ip/dds_compiler.gen 
Execute       source /tools/Xilinx/Vitis_HLS/2022.1/common/technology/xilinx/ip/util.gen 
Execute       source /tools/Xilinx/Vitis_HLS/2022.1/common/technology/xilinx/DSP48/dsp48.gen 
Command     ap_source done; 0.2 sec.
INFO-FLOW: DBG:PUTS:   using AESL_AUTOCG::g_clock_period=10.000 (was NA)
Execute     ap_part_info -name xc7z020-clg400-1 -data names -quiet 
Execute     ap_part_info -name xc7z020-clg400-1 -data info -quiet 
Execute     source /home/ubuntu/course-lab_1/hls_ip/solution1/.autopilot/db/global.setting.tcl 
Execute     source /home/ubuntu/course-lab_1/hls_ip/solution1/.autopilot/db/multip_2num.rtl_wrap.cfg.tcl 
Execute     source /home/ubuntu/course-lab_1/hls_ip/solution1/.autopilot/db/multip_2num.tbgen.tcl 
Execute     source /home/ubuntu/course-lab_1/hls_ip/solution1/.autopilot/db/multip_2num.tbgen.tcl 
Execute     source /home/ubuntu/course-lab_1/hls_ip/solution1/.autopilot/db/multip_2num.tbgen.tcl 
Execute     source /home/ubuntu/course-lab_1/hls_ip/solution1/.autopilot/db/multip_2num.tbgen.tcl 
INFO: [COSIM 212-47] Using XSIM for RTL simulation.
INFO: [COSIM 212-14] Instrumenting C test bench ...
Execute     ap_part_info -name xc7z020-clg400-1 -data info 
INFO-FLOW: TB processing: /home/ubuntu/course-lab_1/hls_Multiplication/MultipTester.cpp /home/ubuntu/course-lab_1/hls_ip/solution1/./sim/autowrap/testbench/MultipTester.cpp_pre.cpp
Execute     clang_tidy xilinx-tb-process -desc tb-process /home/ubuntu/course-lab_1/hls_ip/solution1/./sim/autowrap/testbench/MultipTester.cpp_pre.cpp.tb.cpp std=c++14 
INFO-FLOW: exec /tools/Xilinx/Vitis_HLS/2022.1/lnx64/tools/clang-3.9-csynth/bin/clang-tidy -header-filter=.* --checks=-*,xilinx-tb-process -fix-errors /home/ubuntu/course-lab_1/hls_ip/solution1/./sim/autowrap/testbench/MultipTester.cpp_pre.cpp.tb.cpp -- -std=c++14 -fhls -ferror-limit=0
Command     clang_tidy done; 0.5 sec.
Execute     ap_part_info -name xc7z020-clg400-1 -data info 
INFO-FLOW: TB processing: /home/ubuntu/course-lab_1/hls_Multiplication/Multiplication.cpp /home/ubuntu/course-lab_1/hls_ip/solution1/./sim/autowrap/testbench/Multiplication.cpp_pre.cpp
Execute     clang_tidy xilinx-tb-process -desc tb-process /home/ubuntu/course-lab_1/hls_ip/solution1/./sim/autowrap/testbench/Multiplication.cpp_pre.cpp.tb.cpp std=c++14 
INFO-FLOW: exec /tools/Xilinx/Vitis_HLS/2022.1/lnx64/tools/clang-3.9-csynth/bin/clang-tidy -header-filter=.* --checks=-*,xilinx-tb-process -fix-errors /home/ubuntu/course-lab_1/hls_ip/solution1/./sim/autowrap/testbench/Multiplication.cpp_pre.cpp.tb.cpp -- -std=c++14 -fhls -ferror-limit=0
Execute     source /home/ubuntu/course-lab_1/hls_ip/solution1/./sim/autowrap/testbench/tb.status.tcl 
Execute     source /home/ubuntu/course-lab_1/hls_ip/solution1/.autopilot/db/global.setting.tcl 
Execute     source /home/ubuntu/course-lab_1/hls_ip/solution1/.autopilot/db/multip_2num.rtl_wrap.cfg.tcl 
Execute     source /home/ubuntu/course-lab_1/hls_ip/solution1/.autopilot/db/multip_2num.rtl_wrap.cfg.tcl 
Execute     source /home/ubuntu/course-lab_1/hls_ip/solution1/.autopilot/db/multip_2num.rtl_wrap.cfg.tcl 
Execute     source /home/ubuntu/course-lab_1/hls_ip/solution1/.autopilot/db/multip_2num.tbgen.tcl 
Execute     source /home/ubuntu/course-lab_1/hls_ip/solution1/.autopilot/db/multip_2num.tbgen.tcl 
Execute     ap_part_info -name xc7z020-clg400-1 -data info 
Execute     source .run_sim.tcl 
INFO: [COSIM 212-302] Starting C TB testing ... 
Command     ap_source done; 0.3 sec.
INFO: [COSIM 212-333] Generating C post check test bench ...
Execute     ap_part_info -name xc7z020-clg400-1 -data info 
INFO: [COSIM 212-12] Generating RTL test bench ...
Execute     source ../tv/cdatafile/ref.tcl 
Execute     source /home/ubuntu/course-lab_1/hls_ip/solution1/.autopilot/db/multip_2num.tbgen.tcl 
Execute     source /home/ubuntu/course-lab_1/hls_ip/solution1/.autopilot/db/multip_2num.tbgen.tcl 
Execute     source /home/ubuntu/course-lab_1/hls_ip/solution1/.autopilot/db/multip_2num.tbgen.tcl 
Execute     source /home/ubuntu/course-lab_1/hls_ip/solution1/.autopilot/db/multip_2num.tbgen.tcl 
Execute     source ../tv/cdatafile/ref.tcl 
Execute     source /home/ubuntu/course-lab_1/hls_ip/solution1/.autopilot/db/multip_2num.tbgen.tcl 
Execute     source /home/ubuntu/course-lab_1/hls_ip/solution1/.autopilot/db/multip_2num.tbgen.tcl 
Execute     source /home/ubuntu/course-lab_1/hls_ip/solution1/.autopilot/db/multip_2num.tbgen.tcl 
Execute     source /home/ubuntu/course-lab_1/hls_ip/solution1/.autopilot/db/multip_2num.tbgen.tcl 
Execute     source /home/ubuntu/course-lab_1/hls_ip/solution1/.autopilot/db/multip_2num.tbgen.tcl 
Execute     source /home/ubuntu/course-lab_1/hls_ip/solution1/.autopilot/db/multip_2num.tbgen.tcl 
Execute     source /home/ubuntu/course-lab_1/hls_ip/solution1/.autopilot/db/multip_2num.tbgen.tcl 
Execute     source /home/ubuntu/course-lab_1/hls_ip/solution1/.autopilot/db/multip_2num.tbgen.tcl 
Execute     source /home/ubuntu/course-lab_1/hls_ip/solution1/.autopilot/db/multip_2num.tbgen.tcl 
Execute     source /home/ubuntu/course-lab_1/hls_ip/solution1/.autopilot/db/multip_2num.tbgen.tcl 
Execute     source /home/ubuntu/course-lab_1/hls_ip/solution1/.autopilot/db/multip_2num.tbgen.tcl 
Execute     source /home/ubuntu/course-lab_1/hls_ip/solution1/.autopilot/db/multip_2num.tbgen.tcl 
Execute     source /home/ubuntu/course-lab_1/hls_ip/solution1/.autopilot/db/multip_2num.tbgen.tcl 
INFO: [COSIM 212-1] *** C/RTL co-simulation file generation completed. ***
Execute     source .run_sim.tcl 
Execute       source check_sim.tcl 
Execute       source dataflow_monitor_API.tcl 
Execute       source .sim.status.tcl 
INFO: [COSIM 212-323] Starting verilog simulation. 
INFO: [COSIM 212-15] Starting XSIM ...
INFO: [COSIM 212-316] Starting C post checking ...
Command     ap_source done; 14.55 sec.
INFO: [COSIM 212-1000] *** C/RTL co-simulation finished: PASS ***
Command   cosim_design done; 21.02 sec.
INFO: [HLS 200-111] Finished Command cosim_design CPU user time: 18.48 seconds. CPU system time: 1.95 seconds. Elapsed time: 21.02 seconds; current allocated memory: 3.496 MB.
Command ap_source done; 28.05 sec.
Execute cleanup_all 
